#
# There is insufficient memory for the Java Runtime Environment to continue.
# Native memory allocation (mmap) failed to map 59768832 bytes for committing reserved memory.
# Possible reasons:
#   The system is out of physical RAM or swap space
#   The process is running with CompressedOops enabled, and the Java Heap may be blocking the growth of the native heap
# Possible solutions:
#   Reduce memory load on the system
#   Increase physical memory or swap space
#   Check if swap backing store is full
#   Decrease Java heap size (-Xmx/-Xms)
#   Decrease number of Java threads
#   Decrease Java thread stack sizes (-Xss)
#   Set larger code cache with -XX:ReservedCodeCacheSize=
#   JVM is running with Unscaled Compressed Oops mode in which the Java heap is
#     placed in the first 4GB address space. The Java Heap base address is the
#     maximum limit for the native heap growth. Please use -XX:HeapBaseMinAddress
#     to set the Java Heap base and to place the Java Heap above 4GB virtual address.
# This output file may be truncated or incomplete.
#
#  Out of Memory Error (os_linux.cpp:2741), pid=32534, tid=32546
#
# JRE version: OpenJDK Runtime Environment Temurin-17.0.2+8 (17.0.2+8) (build 17.0.2+8)
# Java VM: OpenJDK 64-Bit Server VM Temurin-17.0.2+8 (17.0.2+8, mixed mode, tiered, compressed oops, compressed class ptrs, parallel gc, linux-amd64)
# No core dump will be written. Core dumps have been disabled. To enable core dumping, try "ulimit -c unlimited" before starting Java again
#

---------------  S U M M A R Y ------------

Command Line: --add-modules=ALL-SYSTEM --add-opens=java.base/java.util=ALL-UNNAMED --add-opens=java.base/java.lang=ALL-UNNAMED --add-opens=java.base/sun.nio.fs=ALL-UNNAMED -Declipse.application=org.eclipse.jdt.ls.core.id1 -Dosgi.bundles.defaultStartLevel=4 -Declipse.product=org.eclipse.jdt.ls.core.product -Djava.import.generatesMetadataFilesAtProjectRoot=false -Dfile.encoding=utf8 -XX:+UseParallelGC -XX:GCTimeRatio=4 -XX:AdaptiveSizePolicyWeight=90 -Dsun.zip.disableMemoryMapping=true -Xmx1G -Xms100m -XX:+HeapDumpOnOutOfMemoryError -XX:HeapDumpPath=/home/mamoune/.vscode-server/data/User/workspaceStorage/6d8722d3c05d9b120b474e0542f997ea/redhat.java /home/mamoune/.vscode-server/extensions/redhat.java-1.5.0-linux-x64/server/plugins/org.eclipse.equinox.launcher_1.6.400.v20210924-0641.jar -configuration /home/mamoune/.vscode-server/data/User/globalStorage/redhat.java/1.5.0/config_linux -data /home/mamoune/.vscode-server/data/User/workspaceStorage/6d8722d3c05d9b120b474e0542f997ea/redhat.java/jdt_ws

Host: Intel(R) Core(TM) i5-9300H CPU @ 2.40GHz, 8 cores, 3G, Ubuntu 20.04.3 LTS
Time: Wed Apr 27 14:44:38 2022 CEST elapsed time: 191.976976 seconds (0d 0h 3m 11s)

---------------  T H R E A D  ---------------

Current thread (0x00007f4fd01d4260):  VMThread "VM Thread" [stack: 0x00007f4fb6cee000,0x00007f4fb6dee000] [id=32546]

Stack: [0x00007f4fb6cee000,0x00007f4fb6dee000],  sp=0x00007f4fb6dec100,  free space=1016k
Native frames: (J=compiled Java code, j=interpreted, Vv=VM code, C=native code)
V  [libjvm.so+0xf81ea1]  VMError::report_and_die(int, char const*, char const*, __va_list_tag*, Thread*, unsigned char*, void*, void*, char const*, int, unsigned long)+0x1a1
V  [libjvm.so+0xf82b2b]  VMError::report_and_die(Thread*, char const*, int, unsigned long, VMErrorType, char const*, __va_list_tag*)+0x2b
V  [libjvm.so+0x61d6ad]  report_vm_out_of_memory(char const*, int, unsigned long, VMErrorType, char const*, ...)+0xcd
V  [libjvm.so+0xc3dc72]  os::pd_commit_memory(char*, unsigned long, unsigned long, bool)+0x102
V  [libjvm.so+0xc36f8f]  os::commit_memory(char*, unsigned long, unsigned long, bool)+0x1f
V  [libjvm.so+0xcbfad6]  PSVirtualSpace::expand_by(unsigned long)+0x56
V  [libjvm.so+0xcae117]  PSOldGen::expand(unsigned long)+0x77
V  [libjvm.so+0xcae54d]  PSOldGen::resize(unsigned long)+0x12d
V  [libjvm.so+0xcb50ac]  PSParallelCompact::invoke_no_policy(bool) [clone .part.311]+0x6dc
V  [libjvm.so+0xcbcfb6]  PSScavenge::invoke()+0xb6
V  [libjvm.so+0xc624ea]  ParallelScavengeHeap::failed_mem_allocate(unsigned long)+0x2a
V  [libjvm.so+0xcbf8fd]  VM_ParallelGCFailedAllocation::doit()+0x4d
V  [libjvm.so+0xf871c3]  VM_Operation::evaluate()+0x173
V  [libjvm.so+0xf88cc6]  VMThread::evaluate_operation(VM_Operation*)+0x106
V  [libjvm.so+0xf89235]  VMThread::inner_execute(VM_Operation*)+0x1d5
V  [libjvm.so+0xf8950f]  VMThread::run()+0xbf
V  [libjvm.so+0xf062e2]  Thread::call_run()+0xe2
V  [libjvm.so+0xc40b81]  thread_native_entry(Thread*)+0xe1

VM_Operation (0x00007f4f4f5fa840): ParallelGCFailedAllocation, mode: safepoint, requested by thread 0x00007f4f74559300


---------------  P R O C E S S  ---------------

Threads class SMR info:
_java_thread_list=0x00007f4ef4000ed0, length=34, elements={
0x00007f4fd0024600, 0x00007f4fd01e41f0, 0x00007f4fd01e5760, 0x00007f4fd020f5c0,
0x00007f4fd0212ed0, 0x00007f4fd0213e20, 0x00007f4fd0215470, 0x00007f4fd0216920,
0x00007f4fd021fd50, 0x00007f4fd02a5550, 0x00007f4fd02f0ad0, 0x00007f4fd052bf20,
0x00007f4fd057e0d0, 0x00007f4fd0580980, 0x00007f4f7402f9f0, 0x00007f4f74261e90,
0x00007f4f743078b0, 0x00007f4f48001030, 0x00007f4f74559300, 0x00007f4fd05c5560,
0x00007f4fd065eda0, 0x00007f4f48031630, 0x00007f4f40081880, 0x00007f4f340bf7f0,
0x00007f4f340c0170, 0x00007f4f34036660, 0x00007f4f340c0dc0, 0x00007f4f340c1740,
0x00007f4f000017d0, 0x00007f4fa0000d30, 0x00007f4f203741a0, 0x00007f4f4424fe60,
0x00007f4f0c0ebd00, 0x00007f4f480937e0
}

Java Threads: ( => current thread )
  0x00007f4fd0024600 JavaThread "main" [_thread_blocked, id=32536, stack(0x00007f4fd5f8e000,0x00007f4fd608f000)]
  0x00007f4fd01e41f0 JavaThread "Reference Handler" daemon [_thread_blocked, id=32547, stack(0x00007f4fb6beb000,0x00007f4fb6cec000)]
  0x00007f4fd01e5760 JavaThread "Finalizer" daemon [_thread_blocked, id=32548, stack(0x00007f4fb6aea000,0x00007f4fb6beb000)]
  0x00007f4fd020f5c0 JavaThread "Signal Dispatcher" daemon [_thread_blocked, id=32549, stack(0x00007f4fb6590000,0x00007f4fb6691000)]
  0x00007f4fd0212ed0 JavaThread "Service Thread" daemon [_thread_blocked, id=32550, stack(0x00007f4fb648f000,0x00007f4fb6590000)]
  0x00007f4fd0213e20 JavaThread "Monitor Deflation Thread" daemon [_thread_blocked, id=32551, stack(0x00007f4fb638e000,0x00007f4fb648f000)]
  0x00007f4fd0215470 JavaThread "C2 CompilerThread0" daemon [_thread_blocked, id=32552, stack(0x00007f4fb628d000,0x00007f4fb638e000)]
  0x00007f4fd0216920 JavaThread "C1 CompilerThread0" daemon [_thread_blocked, id=32553, stack(0x00007f4fb618c000,0x00007f4fb628d000)]
  0x00007f4fd021fd50 JavaThread "Sweeper thread" daemon [_thread_blocked, id=32554, stack(0x00007f4fb608b000,0x00007f4fb618c000)]
  0x00007f4fd02a5550 JavaThread "Common-Cleaner" daemon [_thread_blocked, id=32557, stack(0x00007f4fb5f8a000,0x00007f4fb608b000)]
  0x00007f4fd02f0ad0 JavaThread "Notification Thread" daemon [_thread_blocked, id=32561, stack(0x00007f4fb5d88000,0x00007f4fb5e89000)]
  0x00007f4fd052bf20 JavaThread "Active Thread: Equinox Container: 23770236-4de6-4770-af57-2736bb5eb710" [_thread_blocked, id=32569, stack(0x00007f4fb4eff000,0x00007f4fb5000000)]
  0x00007f4fd057e0d0 JavaThread "Framework Event Dispatcher: Equinox Container: 23770236-4de6-4770-af57-2736bb5eb710" daemon [_thread_blocked, id=32572, stack(0x00007f4fb4dfe000,0x00007f4fb4eff000)]
  0x00007f4fd0580980 JavaThread "Start Level: Equinox Container: 23770236-4de6-4770-af57-2736bb5eb710" daemon [_thread_blocked, id=32573, stack(0x00007f4fb4cfd000,0x00007f4fb4dfe000)]
  0x00007f4f7402f9f0 JavaThread "SCR Component Actor" daemon [_thread_blocked, id=32591, stack(0x00007f4fb43df000,0x00007f4fb44e0000)]
  0x00007f4f74261e90 JavaThread "Worker-JM" [_thread_blocked, id=32597, stack(0x00007f4fb42de000,0x00007f4fb43df000)]
  0x00007f4f743078b0 JavaThread "Worker-0" [_thread_blocked, id=32600, stack(0x00007f4fb41dd000,0x00007f4fb42de000)]
  0x00007f4f48001030 JavaThread "Worker-2: Java indexing... " [_thread_blocked, id=32603, stack(0x00007f4f4f6ff000,0x00007f4f4f800000)]
  0x00007f4f74559300 JavaThread "Java indexing" daemon [_thread_blocked, id=32607, stack(0x00007f4f4f4fc000,0x00007f4f4f5fd000)]
  0x00007f4fd05c5560 JavaThread "pool-3-thread-1" [_thread_blocked, id=32609, stack(0x00007f4f4f1ec000,0x00007f4f4f2ed000)]
  0x00007f4fd065eda0 JavaThread "pool-2-thread-1" [_thread_in_native, id=32611, stack(0x00007f4f4f0eb000,0x00007f4f4f1ec000)]
  0x00007f4f48031630 JavaThread "Worker-3" [_thread_blocked, id=32623, stack(0x00007f4f4d6ff000,0x00007f4f4d800000)]
  0x00007f4f40081880 JavaThread "Bundle File Closer" daemon [_thread_blocked, id=32624, stack(0x00007f4f4d5fe000,0x00007f4f4d6ff000)]
  0x00007f4f340bf7f0 JavaThread "ForkJoinPool.commonPool-worker-1" daemon [_thread_blocked, id=32741, stack(0x00007f4f4ccf5000,0x00007f4f4cdf6000)]
  0x00007f4f340c0170 JavaThread "ForkJoinPool.commonPool-worker-2" daemon [_thread_blocked, id=32742, stack(0x00007f4fb5e89000,0x00007f4fb5f8a000)]
  0x00007f4f34036660 JavaThread "ForkJoinPool.commonPool-worker-3" daemon [_thread_blocked, id=32743, stack(0x00007f4f4d2fb000,0x00007f4f4d3fc000)]
  0x00007f4f340c0dc0 JavaThread "ForkJoinPool.commonPool-worker-4" daemon [_thread_blocked, id=32744, stack(0x00007f4f4d0f9000,0x00007f4f4d1fa000)]
  0x00007f4f340c1740 JavaThread "ForkJoinPool.commonPool-worker-5" daemon [_thread_blocked, id=32752, stack(0x00007f4f4d3fc000,0x00007f4f4d4fd000)]
  0x00007f4f000017d0 JavaThread "ForkJoinPool.commonPool-worker-7" daemon [_thread_blocked, id=311, stack(0x00007f4f4cff8000,0x00007f4f4d0f9000)]
  0x00007f4fa0000d30 JavaThread "Attach Listener" daemon [_thread_blocked, id=397, stack(0x00007f4f26afb000,0x00007f4f26bfc000)]
  0x00007f4f203741a0 JavaThread "Worker-4" [_thread_blocked, id=834, stack(0x00007f4fb40dc000,0x00007f4fb41dd000)]
  0x00007f4f4424fe60 JavaThread "Worker-5" [_thread_blocked, id=845, stack(0x00007f4f26bfc000,0x00007f4f26cfd000)]
  0x00007f4f0c0ebd00 JavaThread "ForkJoinPool.commonPool-worker-8" daemon [_thread_blocked, id=1124, stack(0x00007f4f4c0fc000,0x00007f4f4c1fd000)]
  0x00007f4f480937e0 JavaThread "Worker-6" [_thread_blocked, id=1147, stack(0x00007f4f26cfd000,0x00007f4f26dfe000)]

Other Threads:
=>0x00007f4fd01d4260 VMThread "VM Thread" [stack: 0x00007f4fb6cee000,0x00007f4fb6dee000] [id=32546]
  0x00007f4fd006f1f0 WatcherThread [stack: 0x00007f4fb5c88000,0x00007f4fb5d88000] [id=32562]
  0x00007f4fd003b990 GCTaskThread "GC Thread#0" [stack: 0x00007f4fd564d000,0x00007f4fd574d000] [id=32537]
  0x00007f4fb00010f0 GCTaskThread "GC Thread#1" [stack: 0x00007f4fb49ec000,0x00007f4fb4aec000] [id=32575]
  0x00007f4fb0001af0 GCTaskThread "GC Thread#2" [stack: 0x00007f4fb48ea000,0x00007f4fb49ea000] [id=32576]
  0x00007f4fb00024f0 GCTaskThread "GC Thread#3" [stack: 0x00007f4fb47e8000,0x00007f4fb48e8000] [id=32577]
  0x00007f4fb00043e0 GCTaskThread "GC Thread#4" [stack: 0x00007f4fb46e6000,0x00007f4fb47e6000] [id=32578]
  0x00007f4fb0004d90 GCTaskThread "GC Thread#5" [stack: 0x00007f4fb45e4000,0x00007f4fb46e4000] [id=32579]
  0x00007f4fb0005740 GCTaskThread "GC Thread#6" [stack: 0x00007f4fb44e2000,0x00007f4fb45e2000] [id=32580]
  0x00007f4fb0003620 GCTaskThread "GC Thread#7" [stack: 0x00007f4f4f5ff000,0x00007f4f4f6ff000] [id=32604]

Threads with active compile tasks:
C2 CompilerThread0   192034 13817   !   4       org.eclipse.jdt.internal.compiler.classfmt.ClassFileReader::<init> (2113 bytes)
C1 CompilerThread0   192038 13835 %     3       org.eclipse.jdt.internal.compiler.util.SimpleLookupTable::get @ 19 (59 bytes)

VM state: at safepoint (normal execution)

VM Mutex/Monitor currently owned by a thread:  ([mutex/lock_event])
[0x00007f4fd0020ab0] ExpandHeap_lock - owner thread: 0x00007f4fd01d4260
[0x00007f4fd00211b0] Threads_lock - owner thread: 0x00007f4fd01d4260
[0x00007f4fd0021960] Heap_lock - owner thread: 0x00007f4f74559300

Heap address: 0x00000000c0000000, size: 1024 MB, Compressed Oops mode: 32-bit

CDS archive(s) not mapped
Compressed class space mapped at: 0x0000000100000000-0x0000000140000000, reserved size: 1073741824
Narrow klass base: 0x0000000000000000, Narrow klass shift: 3, Narrow klass range: 0x140000000

GC Precious Log:
 CPUs: 8 total, 8 available
 Memory: 3893M
 Large Page Support: Disabled
 NUMA Support: Disabled
 Compressed Oops: Enabled (32-bit)
 Alignments: Space 512K, Generation 512K, Heap 2M
 Heap Min Capacity: 100M
 Heap Initial Capacity: 100M
 Heap Max Capacity: 1G
 Pre-touch: Disabled
 Parallel Workers: 8

Heap:
 PSYoungGen      total 32256K, used 2121K [0x00000000eab00000, 0x00000000ed580000, 0x0000000100000000)
  eden space 22528K, 0% used [0x00000000eab00000,0x00000000eab00000,0x00000000ec100000)
  from space 9728K, 21% used [0x00000000ecc00000,0x00000000ece126d0,0x00000000ed580000)
  to   space 10240K, 0% used [0x00000000ec180000,0x00000000ec180000,0x00000000ecb80000)
 ParOldGen       total 130048K, used 128997K [0x00000000c0000000, 0x00000000c7f00000, 0x00000000eab00000)
  object space 130048K, 99% used [0x00000000c0000000,0x00000000c7df9590,0x00000000c7f00000)
 Metaspace       used 73873K, committed 75264K, reserved 1122304K
  class space    used 7566K, committed 8384K, reserved 1048576K

Card table byte_map: [0x00007f4fd574d000,0x00007f4fd594e000] _byte_map_base: 0x00007f4fd514d000

Marking Bits: (ParMarkBitMap*) 0x00007f4fd77ec4a0
 Begin Bits: [0x00007f4fbc400000, 0x00007f4fbd400000)
 End Bits:   [0x00007f4fbd400000, 0x00007f4fbe400000)

Polling page: 0x00007f4fd7c6e000

Metaspace:

Usage:
  Non-class:     64.75 MB used.
      Class:      7.39 MB used.
       Both:     72.14 MB used.

Virtual space:
  Non-class space:       72.00 MB reserved,      65.31 MB ( 91%) committed,  9 nodes.
      Class space:        1.00 GB reserved,       8.19 MB ( <1%) committed,  1 nodes.
             Both:        1.07 GB reserved,      73.50 MB (  7%) committed. 

Chunk freelists:
   Non-Class:  2.45 MB
       Class:  4.00 MB
        Both:  6.45 MB

MaxMetaspaceSize: unlimited
CompressedClassSpaceSize: 1.00 GB
Initial GC threshold: 21.00 MB
Current GC threshold: 120.88 MB
CDS: off
MetaspaceReclaimPolicy: balanced
 - commit_granule_bytes: 65536.
 - commit_granule_words: 8192.
 - virtual_space_node_default_size: 1048576.
 - enlarge_chunks_in_place: 1.
 - new_chunks_are_fully_committed: 0.
 - uncommit_free_chunks: 1.
 - use_allocation_guard: 0.
 - handle_deallocations: 1.


Internal statistics:

num_allocs_failed_limit: 9.
num_arena_births: 636.
num_arena_deaths: 22.
num_vsnodes_births: 10.
num_vsnodes_deaths: 0.
num_space_committed: 1221.
num_space_uncommitted: 45.
num_chunks_returned_to_freelist: 227.
num_chunks_taken_from_freelist: 3559.
num_chunk_merges: 63.
num_chunk_splits: 2289.
num_chunks_enlarged: 1519.
num_purges: 4.
num_inconsistent_stats: 0.

CodeHeap 'non-profiled nmethods': size=120028Kb used=6432Kb max_used=6445Kb free=113595Kb
 bounds [0x00007f4fc5ec9000, 0x00007f4fc6549000, 0x00007f4fcd400000]
CodeHeap 'profiled nmethods': size=120028Kb used=22105Kb max_used=23281Kb free=97922Kb
 bounds [0x00007f4fbe992000, 0x00007f4fc0062000, 0x00007f4fc5ec9000]
CodeHeap 'non-nmethods': size=5704Kb used=1375Kb max_used=1478Kb free=4328Kb
 bounds [0x00007f4fbe400000, 0x00007f4fbe670000, 0x00007f4fbe992000]
 total_blobs=11826 nmethods=11104 adapters=635
 compilation: enabled
              stopped_count=0, restarted_count=0
 full_count=0

Compilation events (20 events):
Event: 185.018 Thread 0x00007f4fd0216920 13822       3       org.eclipse.jdt.core.Signature::encodeQualifiedName (207 bytes)
Event: 185.104 Thread 0x00007f4fd0216920 nmethod 13822 0x00007f4fbf57b490 code [0x00007f4fbf57b780, 0x00007f4fbf57cb90]
Event: 185.130 Thread 0x00007f4fd0216920 13824       2       org.eclipse.jdt.internal.core.search.indexing.AbstractIndexer::addDefaultConstructorDeclaration (21 bytes)
Event: 186.640 Thread 0x00007f4fd0216920 nmethod 13824 0x00007f4fbed91c90 code [0x00007f4fbed91e60, 0x00007f4fbed92100]
Event: 187.023 Thread 0x00007f4fd0215470 nmethod 13587 0x00007f4fc6528a90 code [0x00007f4fc65293a0, 0x00007f4fc6537958]
Event: 187.072 Thread 0x00007f4fd0215470 13817   !   4       org.eclipse.jdt.internal.compiler.classfmt.ClassFileReader::<init> (2113 bytes)
Event: 190.163 Thread 0x00007f4fd0216920 13827       1       org.eclipse.jdt.internal.core.ImportContainer::getElementType (3 bytes)
Event: 190.232 Thread 0x00007f4fd0216920 nmethod 13827 0x00007f4fc63fc610 code [0x00007f4fc63fc7a0, 0x00007f4fc63fc870]
Event: 190.499 Thread 0x00007f4fd0216920 13829       2       org.eclipse.jdt.internal.core.search.indexing.AbstractIndexer::addInterfaceDeclaration (79 bytes)
Event: 190.543 Thread 0x00007f4fd0216920 nmethod 13829 0x00007f4fbf9c9a10 code [0x00007f4fbf9c9c40, 0x00007f4fbf9ca160]
Event: 190.987 Thread 0x00007f4fd0216920 13831 %     3       java.lang.ThreadLocal$ThreadLocalMap::getEntryAfterMiss @ 11 (59 bytes)
Event: 191.041 Thread 0x00007f4fd0216920 nmethod 13831% 0x00007f4fbefd6190 code [0x00007f4fbefd63a0, 0x00007f4fbefd6a60]
Event: 191.059 Thread 0x00007f4fd0216920 13832 %     3       org.eclipse.jdt.internal.compiler.util.SimpleLookupTable::put @ 20 (104 bytes)
Event: 191.104 Thread 0x00007f4fd0216920 nmethod 13832% 0x00007f4fbef35310 code [0x00007f4fbef35540, 0x00007f4fbef35f20]
Event: 191.135 Thread 0x00007f4fd0216920 13833 % !   3       org.eclipse.jdt.internal.core.search.indexing.BinaryIndexer::indexDocument @ 585 (1144 bytes)
Event: 191.260 Thread 0x00007f4fd0216920 nmethod 13833% 0x00007f4fbf2a3e90 code [0x00007f4fbf2a47e0, 0x00007f4fbf2ab120]
Event: 191.296 Thread 0x00007f4fd0216920 13834       3       java.lang.ThreadLocal$ThreadLocalMap::getEntryAfterMiss (59 bytes)
Event: 191.388 Thread 0x00007f4fd0216920 nmethod 13834 0x00007f4fbf9d2790 code [0x00007f4fbf9d29a0, 0x00007f4fbf9d2fa0]
Event: 191.400 Thread 0x00007f4fd0216920 13835 %     3       org.eclipse.jdt.internal.compiler.util.SimpleLookupTable::get @ 19 (59 bytes)
Event: 191.441 Thread 0x00007f4fd0216920 nmethod 13835% 0x00007f4fbf7eae10 code [0x00007f4fbf7eb000, 0x00007f4fbf7eb550]

GC Heap History (20 events):
Event: 183.271 GC heap after
{Heap after GC invocations=142 (full 7):
 PSYoungGen      total 29184K, used 8466K [0x00000000eab00000, 0x00000000ed100000, 0x0000000100000000)
  eden space 20480K, 0% used [0x00000000eab00000,0x00000000eab00000,0x00000000ebf00000)
  from space 8704K, 97% used [0x00000000ebf00000,0x00000000ec7448a0,0x00000000ec780000)
  to   space 9216K, 0% used [0x00000000ec800000,0x00000000ec800000,0x00000000ed100000)
 ParOldGen       total 129536K, used 99242K [0x00000000c0000000, 0x00000000c7e80000, 0x00000000eab00000)
  object space 129536K, 76% used [0x00000000c0000000,0x00000000c60ea9c8,0x00000000c7e80000)
 Metaspace       used 73750K, committed 75200K, reserved 1122304K
  class space    used 7566K, committed 8384K, reserved 1048576K
}
Event: 183.434 GC heap before
{Heap before GC invocations=143 (full 7):
 PSYoungGen      total 29184K, used 28946K [0x00000000eab00000, 0x00000000ed100000, 0x0000000100000000)
  eden space 20480K, 100% used [0x00000000eab00000,0x00000000ebf00000,0x00000000ebf00000)
  from space 8704K, 97% used [0x00000000ebf00000,0x00000000ec7448a0,0x00000000ec780000)
  to   space 9216K, 0% used [0x00000000ec800000,0x00000000ec800000,0x00000000ed100000)
 ParOldGen       total 129536K, used 99242K [0x00000000c0000000, 0x00000000c7e80000, 0x00000000eab00000)
  object space 129536K, 76% used [0x00000000c0000000,0x00000000c60ea9c8,0x00000000c7e80000)
 Metaspace       used 73775K, committed 75200K, reserved 1122304K
  class space    used 7566K, committed 8384K, reserved 1048576K
}
Event: 183.468 GC heap after
{Heap after GC invocations=143 (full 7):
 PSYoungGen      total 25600K, used 9186K [0x00000000eab00000, 0x00000000edb00000, 0x0000000100000000)
  eden space 16384K, 0% used [0x00000000eab00000,0x00000000eab00000,0x00000000ebb00000)
  from space 9216K, 99% used [0x00000000ec800000,0x00000000ed0f8af0,0x00000000ed100000)
  to   space 13312K, 0% used [0x00000000ebb00000,0x00000000ebb00000,0x00000000ec800000)
 ParOldGen       total 129536K, used 102250K [0x00000000c0000000, 0x00000000c7e80000, 0x00000000eab00000)
  object space 129536K, 78% used [0x00000000c0000000,0x00000000c63da9f0,0x00000000c7e80000)
 Metaspace       used 73775K, committed 75200K, reserved 1122304K
  class space    used 7566K, committed 8384K, reserved 1048576K
}
Event: 183.576 GC heap before
{Heap before GC invocations=144 (full 7):
 PSYoungGen      total 25600K, used 25570K [0x00000000eab00000, 0x00000000edb00000, 0x0000000100000000)
  eden space 16384K, 100% used [0x00000000eab00000,0x00000000ebb00000,0x00000000ebb00000)
  from space 9216K, 99% used [0x00000000ec800000,0x00000000ed0f8af0,0x00000000ed100000)
  to   space 13312K, 0% used [0x00000000ebb00000,0x00000000ebb00000,0x00000000ec800000)
 ParOldGen       total 129536K, used 102250K [0x00000000c0000000, 0x00000000c7e80000, 0x00000000eab00000)
  object space 129536K, 78% used [0x00000000c0000000,0x00000000c63da9f0,0x00000000c7e80000)
 Metaspace       used 73847K, committed 75264K, reserved 1122304K
  class space    used 7566K, committed 8384K, reserved 1048576K
}
Event: 183.627 GC heap after
{Heap after GC invocations=144 (full 7):
 PSYoungGen      total 29696K, used 11029K [0x00000000eab00000, 0x00000000ed400000, 0x0000000100000000)
  eden space 16384K, 0% used [0x00000000eab00000,0x00000000eab00000,0x00000000ebb00000)
  from space 13312K, 82% used [0x00000000ebb00000,0x00000000ec5c5468,0x00000000ec800000)
  to   space 11776K, 0% used [0x00000000ec880000,0x00000000ec880000,0x00000000ed400000)
 ParOldGen       total 129536K, used 103026K [0x00000000c0000000, 0x00000000c7e80000, 0x00000000eab00000)
  object space 129536K, 79% used [0x00000000c0000000,0x00000000c649ca30,0x00000000c7e80000)
 Metaspace       used 73847K, committed 75264K, reserved 1122304K
  class space    used 7566K, committed 8384K, reserved 1048576K
}
Event: 183.904 GC heap before
{Heap before GC invocations=145 (full 7):
 PSYoungGen      total 29696K, used 27413K [0x00000000eab00000, 0x00000000ed400000, 0x0000000100000000)
  eden space 16384K, 100% used [0x00000000eab00000,0x00000000ebb00000,0x00000000ebb00000)
  from space 13312K, 82% used [0x00000000ebb00000,0x00000000ec5c5468,0x00000000ec800000)
  to   space 11776K, 0% used [0x00000000ec880000,0x00000000ec880000,0x00000000ed400000)
 ParOldGen       total 129536K, used 103026K [0x00000000c0000000, 0x00000000c7e80000, 0x00000000eab00000)
  object space 129536K, 79% used [0x00000000c0000000,0x00000000c649ca30,0x00000000c7e80000)
 Metaspace       used 73850K, committed 75264K, reserved 1122304K
  class space    used 7566K, committed 8384K, reserved 1048576K
}
Event: 183.918 GC heap after
{Heap after GC invocations=145 (full 7):
 PSYoungGen      total 27136K, used 11744K [0x00000000eab00000, 0x00000000eda00000, 0x0000000100000000)
  eden space 15360K, 0% used [0x00000000eab00000,0x00000000eab00000,0x00000000eba00000)
  from space 11776K, 99% used [0x00000000ec880000,0x00000000ed3f80c8,0x00000000ed400000)
  to   space 14848K, 0% used [0x00000000eba00000,0x00000000eba00000,0x00000000ec880000)
 ParOldGen       total 129536K, used 105316K [0x00000000c0000000, 0x00000000c7e80000, 0x00000000eab00000)
  object space 129536K, 81% used [0x00000000c0000000,0x00000000c66d9090,0x00000000c7e80000)
 Metaspace       used 73850K, committed 75264K, reserved 1122304K
  class space    used 7566K, committed 8384K, reserved 1048576K
}
Event: 184.139 GC heap before
{Heap before GC invocations=146 (full 7):
 PSYoungGen      total 27136K, used 27104K [0x00000000eab00000, 0x00000000eda00000, 0x0000000100000000)
  eden space 15360K, 100% used [0x00000000eab00000,0x00000000eba00000,0x00000000eba00000)
  from space 11776K, 99% used [0x00000000ec880000,0x00000000ed3f80c8,0x00000000ed400000)
  to   space 14848K, 0% used [0x00000000eba00000,0x00000000eba00000,0x00000000ec880000)
 ParOldGen       total 129536K, used 105316K [0x00000000c0000000, 0x00000000c7e80000, 0x00000000eab00000)
  object space 129536K, 81% used [0x00000000c0000000,0x00000000c66d9090,0x00000000c7e80000)
 Metaspace       used 73855K, committed 75264K, reserved 1122304K
  class space    used 7566K, committed 8384K, reserved 1048576K
}
Event: 184.162 GC heap after
{Heap after GC invocations=146 (full 7):
 PSYoungGen      total 26624K, used 11197K [0x00000000eab00000, 0x00000000ed380000, 0x0000000100000000)
  eden space 15360K, 0% used [0x00000000eab00000,0x00000000eab00000,0x00000000eba00000)
  from space 11264K, 99% used [0x00000000eba00000,0x00000000ec4ef5d8,0x00000000ec500000)
  to   space 12288K, 0% used [0x00000000ec780000,0x00000000ec780000,0x00000000ed380000)
 ParOldGen       total 129536K, used 109428K [0x00000000c0000000, 0x00000000c7e80000, 0x00000000eab00000)
  object space 129536K, 84% used [0x00000000c0000000,0x00000000c6add200,0x00000000c7e80000)
 Metaspace       used 73855K, committed 75264K, reserved 1122304K
  class space    used 7566K, committed 8384K, reserved 1048576K
}
Event: 184.413 GC heap before
{Heap before GC invocations=147 (full 7):
 PSYoungGen      total 26624K, used 26557K [0x00000000eab00000, 0x00000000ed380000, 0x0000000100000000)
  eden space 15360K, 100% used [0x00000000eab00000,0x00000000eba00000,0x00000000eba00000)
  from space 11264K, 99% used [0x00000000eba00000,0x00000000ec4ef5d8,0x00000000ec500000)
  to   space 12288K, 0% used [0x00000000ec780000,0x00000000ec780000,0x00000000ed380000)
 ParOldGen       total 129536K, used 109428K [0x00000000c0000000, 0x00000000c7e80000, 0x00000000eab00000)
  object space 129536K, 84% used [0x00000000c0000000,0x00000000c6add200,0x00000000c7e80000)
 Metaspace       used 73873K, committed 75264K, reserved 1122304K
  class space    used 7566K, committed 8384K, reserved 1048576K
}
Event: 184.425 GC heap after
{Heap after GC invocations=147 (full 7):
 PSYoungGen      total 27648K, used 11877K [0x00000000eab00000, 0x00000000ed380000, 0x0000000100000000)
  eden space 15360K, 0% used [0x00000000eab00000,0x00000000eab00000,0x00000000eba00000)
  from space 12288K, 96% used [0x00000000ec780000,0x00000000ed319698,0x00000000ed380000)
  to   space 12288K, 0% used [0x00000000ebb80000,0x00000000ebb80000,0x00000000ec780000)
 ParOldGen       total 129536K, used 111162K [0x00000000c0000000, 0x00000000c7e80000, 0x00000000eab00000)
  object space 129536K, 85% used [0x00000000c0000000,0x00000000c6c8e9f0,0x00000000c7e80000)
 Metaspace       used 73873K, committed 75264K, reserved 1122304K
  class space    used 7566K, committed 8384K, reserved 1048576K
}
Event: 184.538 GC heap before
{Heap before GC invocations=148 (full 7):
 PSYoungGen      total 27648K, used 27237K [0x00000000eab00000, 0x00000000ed380000, 0x0000000100000000)
  eden space 15360K, 100% used [0x00000000eab00000,0x00000000eba00000,0x00000000eba00000)
  from space 12288K, 96% used [0x00000000ec780000,0x00000000ed319698,0x00000000ed380000)
  to   space 12288K, 0% used [0x00000000ebb80000,0x00000000ebb80000,0x00000000ec780000)
 ParOldGen       total 129536K, used 111162K [0x00000000c0000000, 0x00000000c7e80000, 0x00000000eab00000)
  object space 129536K, 85% used [0x00000000c0000000,0x00000000c6c8e9f0,0x00000000c7e80000)
 Metaspace       used 73873K, committed 75264K, reserved 1122304K
  class space    used 7566K, committed 8384K, reserved 1048576K
}
Event: 184.651 GC heap after
{Heap after GC invocations=148 (full 7):
 PSYoungGen      total 29184K, used 12272K [0x00000000eab00000, 0x00000000edc00000, 0x0000000100000000)
  eden space 16896K, 0% used [0x00000000eab00000,0x00000000eab00000,0x00000000ebb80000)
  from space 12288K, 99% used [0x00000000ebb80000,0x00000000ec77c2a0,0x00000000ec780000)
  to   space 16384K, 0% used [0x00000000ecc00000,0x00000000ecc00000,0x00000000edc00000)
 ParOldGen       total 129536K, used 114207K [0x00000000c0000000, 0x00000000c7e80000, 0x00000000eab00000)
  object space 129536K, 88% used [0x00000000c0000000,0x00000000c6f87c10,0x00000000c7e80000)
 Metaspace       used 73873K, committed 75264K, reserved 1122304K
  class space    used 7566K, committed 8384K, reserved 1048576K
}
Event: 185.488 GC heap before
{Heap before GC invocations=149 (full 7):
 PSYoungGen      total 29184K, used 29168K [0x00000000eab00000, 0x00000000edc00000, 0x0000000100000000)
  eden space 16896K, 100% used [0x00000000eab00000,0x00000000ebb80000,0x00000000ebb80000)
  from space 12288K, 99% used [0x00000000ebb80000,0x00000000ec77c2a0,0x00000000ec780000)
  to   space 16384K, 0% used [0x00000000ecc00000,0x00000000ecc00000,0x00000000edc00000)
 ParOldGen       total 129536K, used 114207K [0x00000000c0000000, 0x00000000c7e80000, 0x00000000eab00000)
  object space 129536K, 88% used [0x00000000c0000000,0x00000000c6f87c10,0x00000000c7e80000)
 Metaspace       used 73873K, committed 75264K, reserved 1122304K
  class space    used 7566K, committed 8384K, reserved 1048576K
}
Event: 185.835 GC heap after
{Heap after GC invocations=149 (full 7):
 PSYoungGen      total 31232K, used 11305K [0x00000000eab00000, 0x00000000ed780000, 0x0000000100000000)
  eden space 19456K, 0% used [0x00000000eab00000,0x00000000eab00000,0x00000000ebe00000)
  from space 11776K, 96% used [0x00000000ecc00000,0x00000000ed70a638,0x00000000ed780000)
  to   space 12800K, 0% used [0x00000000ebe80000,0x00000000ebe80000,0x00000000ecb00000)
 ParOldGen       total 129536K, used 118935K [0x00000000c0000000, 0x00000000c7e80000, 0x00000000eab00000)
  object space 129536K, 91% used [0x00000000c0000000,0x00000000c7425db0,0x00000000c7e80000)
 Metaspace       used 73873K, committed 75264K, reserved 1122304K
  class space    used 7566K, committed 8384K, reserved 1048576K
}
Event: 190.717 GC heap before
{Heap before GC invocations=150 (full 7):
 PSYoungGen      total 31232K, used 30761K [0x00000000eab00000, 0x00000000ed780000, 0x0000000100000000)
  eden space 19456K, 100% used [0x00000000eab00000,0x00000000ebe00000,0x00000000ebe00000)
  from space 11776K, 96% used [0x00000000ecc00000,0x00000000ed70a638,0x00000000ed780000)
  to   space 12800K, 0% used [0x00000000ebe80000,0x00000000ebe80000,0x00000000ecb00000)
 ParOldGen       total 129536K, used 118935K [0x00000000c0000000, 0x00000000c7e80000, 0x00000000eab00000)
  object space 129536K, 91% used [0x00000000c0000000,0x00000000c7425db0,0x00000000c7e80000)
 Metaspace       used 73873K, committed 75264K, reserved 1122304K
  class space    used 7566K, committed 8384K, reserved 1048576K
}
Event: 190.886 GC heap after
{Heap after GC invocations=150 (full 7):
 PSYoungGen      total 32768K, used 11015K [0x00000000eab00000, 0x00000000ed780000, 0x0000000100000000)
  eden space 19968K, 0% used [0x00000000eab00000,0x00000000eab00000,0x00000000ebe80000)
  from space 12800K, 86% used [0x00000000ebe80000,0x00000000ec941f88,0x00000000ecb00000)
  to   space 11776K, 0% used [0x00000000ecc00000,0x00000000ecc00000,0x00000000ed780000)
 ParOldGen       total 129536K, used 123596K [0x00000000c0000000, 0x00000000c7e80000, 0x00000000eab00000)
  object space 129536K, 95% used [0x00000000c0000000,0x00000000c78b3008,0x00000000c7e80000)
 Metaspace       used 73873K, committed 75264K, reserved 1122304K
  class space    used 7566K, committed 8384K, reserved 1048576K
}
Event: 191.455 GC heap before
{Heap before GC invocations=151 (full 7):
 PSYoungGen      total 32768K, used 30983K [0x00000000eab00000, 0x00000000ed780000, 0x0000000100000000)
  eden space 19968K, 100% used [0x00000000eab00000,0x00000000ebe80000,0x00000000ebe80000)
  from space 12800K, 86% used [0x00000000ebe80000,0x00000000ec941f88,0x00000000ecb00000)
  to   space 11776K, 0% used [0x00000000ecc00000,0x00000000ecc00000,0x00000000ed780000)
 ParOldGen       total 129536K, used 123596K [0x00000000c0000000, 0x00000000c7e80000, 0x00000000eab00000)
  object space 129536K, 95% used [0x00000000c0000000,0x00000000c78b3008,0x00000000c7e80000)
 Metaspace       used 73873K, committed 75264K, reserved 1122304K
  class space    used 7566K, committed 8384K, reserved 1048576K
}
Event: 191.532 GC heap after
{Heap after GC invocations=151 (full 7):
 PSYoungGen      total 32256K, used 9396K [0x00000000eab00000, 0x00000000ed580000, 0x0000000100000000)
  eden space 22528K, 0% used [0x00000000eab00000,0x00000000eab00000,0x00000000ec100000)
  from space 9728K, 96% used [0x00000000ecc00000,0x00000000ed52d2e0,0x00000000ed580000)
  to   space 10240K, 0% used [0x00000000ec180000,0x00000000ec180000,0x00000000ecb80000)
 ParOldGen       total 130048K, used 130043K [0x00000000c0000000, 0x00000000c7f00000, 0x00000000eab00000)
  object space 130048K, 99% used [0x00000000c0000000,0x00000000c7efeee8,0x00000000c7f00000)
 Metaspace       used 73873K, committed 75264K, reserved 1122304K
  class space    used 7566K, committed 8384K, reserved 1048576K
}
Event: 191.533 GC heap before
{Heap before GC invocations=152 (full 8):
 PSYoungGen      total 32256K, used 9396K [0x00000000eab00000, 0x00000000ed580000, 0x0000000100000000)
  eden space 22528K, 0% used [0x00000000eab00000,0x00000000eab00000,0x00000000ec100000)
  from space 9728K, 96% used [0x00000000ecc00000,0x00000000ed52d2e0,0x00000000ed580000)
  to   space 10240K, 0% used [0x00000000ec180000,0x00000000ec180000,0x00000000ecb80000)
 ParOldGen       total 130048K, used 130043K [0x00000000c0000000, 0x00000000c7f00000, 0x00000000eab00000)
  object space 130048K, 99% used [0x00000000c0000000,0x00000000c7efeee8,0x00000000c7f00000)
 Metaspace       used 73873K, committed 75264K, reserved 1122304K
  class space    used 7566K, committed 8384K, reserved 1048576K
}

Deoptimization events (20 events):
Event: 190.485 Thread 0x00007f4f74559300 DEOPT PACKING pc=0x00007f4fbf335dcd sp=0x00007f4f4f5faf90
Event: 190.489 Thread 0x00007f4f74559300 DEOPT UNPACKING pc=0x00007f4fbe45252f sp=0x00007f4f4f5fa4d8 mode 0
Event: 190.532 Thread 0x00007f4f74559300 DEOPT PACKING pc=0x00007f4fbf335dcd sp=0x00007f4f4f5faf90
Event: 190.567 Thread 0x00007f4f74559300 DEOPT UNPACKING pc=0x00007f4fbe45252f sp=0x00007f4f4f5fa4d8 mode 0
Event: 190.683 Thread 0x00007f4f74559300 DEOPT PACKING pc=0x00007f4fbf335dcd sp=0x00007f4f4f5faf90
Event: 190.690 Thread 0x00007f4f74559300 DEOPT UNPACKING pc=0x00007f4fbe45252f sp=0x00007f4f4f5fa4d8 mode 0
Event: 190.943 Thread 0x00007f4f74559300 DEOPT PACKING pc=0x00007f4fbf335dcd sp=0x00007f4f4f5faf90
Event: 190.950 Thread 0x00007f4f74559300 DEOPT UNPACKING pc=0x00007f4fbe45252f sp=0x00007f4f4f5fa4d8 mode 0
Event: 191.040 Thread 0x00007f4f74559300 DEOPT PACKING pc=0x00007f4fbf335dcd sp=0x00007f4f4f5faf90
Event: 191.046 Thread 0x00007f4f74559300 DEOPT UNPACKING pc=0x00007f4fbe45252f sp=0x00007f4f4f5fa4d8 mode 0
Event: 191.075 Thread 0x00007f4f74559300 DEOPT PACKING pc=0x00007f4fbf335dcd sp=0x00007f4f4f5faf90
Event: 191.080 Thread 0x00007f4f74559300 DEOPT UNPACKING pc=0x00007f4fbe45252f sp=0x00007f4f4f5fa4d8 mode 0
Event: 191.117 Thread 0x00007f4f74559300 DEOPT PACKING pc=0x00007f4fbf335dcd sp=0x00007f4f4f5faf90
Event: 191.120 Thread 0x00007f4f74559300 DEOPT UNPACKING pc=0x00007f4fbe45252f sp=0x00007f4f4f5fa4d8 mode 0
Event: 191.152 Thread 0x00007f4f74559300 DEOPT PACKING pc=0x00007f4fbf335dcd sp=0x00007f4f4f5faf90
Event: 191.163 Thread 0x00007f4f74559300 DEOPT UNPACKING pc=0x00007f4fbe45252f sp=0x00007f4f4f5fa4d8 mode 0
Event: 191.269 Thread 0x00007f4f74559300 DEOPT PACKING pc=0x00007f4fbf335dcd sp=0x00007f4f4f5faf90
Event: 191.273 Thread 0x00007f4f74559300 DEOPT UNPACKING pc=0x00007f4fbe45252f sp=0x00007f4f4f5fa4d8 mode 0
Event: 191.366 Thread 0x00007f4f74559300 DEOPT PACKING pc=0x00007f4fbf335dcd sp=0x00007f4f4f5faf90
Event: 191.372 Thread 0x00007f4f74559300 DEOPT UNPACKING pc=0x00007f4fbe45252f sp=0x00007f4f4f5fa4d8 mode 0

Classes unloaded (20 events):
Event: 148.910 Thread 0x00007f4fd01d4260 Unloading class 0x0000000100795668 'org/codehaus/plexus/languages/java/jpms/ResolvePathsResult'
Event: 148.910 Thread 0x00007f4fd01d4260 Unloading class 0x00000001007951d8 'org/codehaus/plexus/compiler/CompilerConfiguration'
Event: 148.910 Thread 0x00007f4fd01d4260 Unloading class 0x0000000100794f98 'org/codehaus/plexus/compiler/CompilerResult'
Event: 148.910 Thread 0x00007f4fd01d4260 Unloading class 0x0000000100794d98 'org/codehaus/plexus/compiler/util/scan/SourceInclusionScanner'
Event: 148.910 Thread 0x00007f4fd01d4260 Unloading class 0x0000000100794b98 'org/apache/maven/shared/utils/logging/MessageBuilder'
Event: 148.910 Thread 0x00007f4fd01d4260 Unloading class 0x0000000100794928 'org/apache/maven/plugin/compiler/CompilationFailureException'
Event: 148.910 Thread 0x00007f4fd01d4260 Unloading class 0x00000001007946c8 'org/codehaus/plexus/compiler/CompilerNotImplementedException'
Event: 148.910 Thread 0x00007f4fd01d4260 Unloading class 0x0000000100794468 'org/codehaus/plexus/compiler/CompilerException'
Event: 148.910 Thread 0x00007f4fd01d4260 Unloading class 0x0000000100794200 'org/codehaus/plexus/compiler/manager/NoSuchCompilerException'
Event: 148.910 Thread 0x00007f4fd01d4260 Unloading class 0x0000000100794000 'org/codehaus/plexus/compiler/util/scan/mapping/SourceMapping'
Event: 148.910 Thread 0x00007f4fd01d4260 Unloading class 0x0000000100793d48 'org/codehaus/plexus/compiler/util/scan/InclusionScanException'
Event: 148.910 Thread 0x00007f4fd01d4260 Unloading class 0x0000000100793b48 'org/codehaus/plexus/compiler/Compiler'
Event: 148.910 Thread 0x00007f4fd01d4260 Unloading class 0x0000000100793948 'org/codehaus/plexus/compiler/manager/CompilerManager'
Event: 148.910 Thread 0x00007f4fd01d4260 Unloading class 0x0000000100793730 'org/codehaus/plexus/languages/java/jpms/LocationManager'
Event: 148.910 Thread 0x00007f4fd01d4260 Unloading class 0x0000000100793530 'org/sonatype/plexus/components/cipher/PlexusCipher'
Event: 148.910 Thread 0x00007f4fd01d4260 Unloading class 0x0000000100793330 'org/sonatype/plexus/components/sec/dispatcher/SecDispatcher'
Event: 148.910 Thread 0x00007f4fd01d4260 Unloading class 0x0000000100793000 'org/apache/maven/plugin/compiler/TestCompilerMojo'
Event: 148.910 Thread 0x00007f4fd01d4260 Unloading class 0x0000000100792400 'org/apache/maven/plugin/compiler/HelpMojo'
Event: 148.910 Thread 0x00007f4fd01d4260 Unloading class 0x0000000100792b30 'org/apache/maven/plugin/compiler/CompilerMojo'
Event: 148.910 Thread 0x00007f4fd01d4260 Unloading class 0x0000000100792800 'org/apache/maven/plugin/compiler/AbstractCompilerMojo'

Classes redefined (0 events):
No events

Internal exceptions (20 events):
Event: 148.834 Thread 0x00007f4f48001030 Exception <a 'sun/nio/fs/UnixException'{0x00000000eb5d5fa0}> (0x00000000eb5d5fa0) 
thrown [src/hotspot/share/prims/jni.cpp, line 516]
Event: 148.834 Thread 0x00007f4f48001030 Exception <a 'sun/nio/fs/UnixException'{0x00000000eb5fb060}> (0x00000000eb5fb060) 
thrown [src/hotspot/share/prims/jni.cpp, line 516]
Event: 148.835 Thread 0x00007f4f48001030 Exception <a 'sun/nio/fs/UnixException'{0x00000000eb5feb80}> (0x00000000eb5feb80) 
thrown [src/hotspot/share/prims/jni.cpp, line 516]
Event: 149.138 Thread 0x00007f4f48001030 Exception <a 'sun/nio/fs/UnixException'{0x00000000eadd3f68}> (0x00000000eadd3f68) 
thrown [src/hotspot/share/prims/jni.cpp, line 516]
Event: 149.154 Thread 0x00007f4f48001030 Exception <a 'sun/nio/fs/UnixException'{0x00000000eadda3e8}> (0x00000000eadda3e8) 
thrown [src/hotspot/share/prims/jni.cpp, line 516]
Event: 149.167 Thread 0x00007f4f48001030 Exception <a 'sun/nio/fs/UnixException'{0x00000000eb06c408}> (0x00000000eb06c408) 
thrown [src/hotspot/share/prims/jni.cpp, line 516]
Event: 149.167 Thread 0x00007f4f48001030 Exception <a 'sun/nio/fs/UnixException'{0x00000000eb070650}> (0x00000000eb070650) 
thrown [src/hotspot/share/prims/jni.cpp, line 516]
Event: 149.175 Thread 0x00007f4f48001030 Exception <a 'sun/nio/fs/UnixException'{0x00000000eb1bdcd8}> (0x00000000eb1bdcd8) 
thrown [src/hotspot/share/prims/jni.cpp, line 516]
Event: 149.179 Thread 0x00007f4f48001030 Exception <a 'sun/nio/fs/UnixException'{0x00000000eb2709b8}> (0x00000000eb2709b8) 
thrown [src/hotspot/share/prims/jni.cpp, line 516]
Event: 149.184 Thread 0x00007f4f48001030 Exception <a 'sun/nio/fs/UnixException'{0x00000000eb2e5660}> (0x00000000eb2e5660) 
thrown [src/hotspot/share/prims/jni.cpp, line 516]
Event: 149.187 Thread 0x00007f4f48001030 Exception <a 'sun/nio/fs/UnixException'{0x00000000eb2ea098}> (0x00000000eb2ea098) 
thrown [src/hotspot/share/prims/jni.cpp, line 516]
Event: 149.192 Thread 0x00007f4f48001030 Exception <a 'sun/nio/fs/UnixException'{0x00000000eb2ee528}> (0x00000000eb2ee528) 
thrown [src/hotspot/share/prims/jni.cpp, line 516]
Event: 149.193 Thread 0x00007f4f48001030 Exception <a 'sun/nio/fs/UnixException'{0x00000000eb3b07f8}> (0x00000000eb3b07f8) 
thrown [src/hotspot/share/prims/jni.cpp, line 516]
Event: 149.194 Thread 0x00007f4f48001030 Exception <a 'sun/nio/fs/UnixException'{0x00000000eb3b52d0}> (0x00000000eb3b52d0) 
thrown [src/hotspot/share/prims/jni.cpp, line 516]
Event: 149.197 Thread 0x00007f4f48001030 Exception <a 'sun/nio/fs/UnixException'{0x00000000eb3d3ea8}> (0x00000000eb3d3ea8) 
thrown [src/hotspot/share/prims/jni.cpp, line 516]
Event: 149.449 Thread 0x00007f4f340c0dc0 Implicit null exception at 0x00007f4fc64ab940 to 0x00007f4fc64abdc0
Event: 150.371 Thread 0x00007f4f48001030 Exception <a 'java/lang/NoClassDefFoundError'{0x00000000ebfa3c68}: org/sonatype/aether/graph/Dependency> (0x00000000ebfa3c68) 
thrown [src/hotspot/share/classfile/systemDictionary.cpp, line 245]
Event: 180.157 Thread 0x00007f4f340c1740 Implicit null exception at 0x00007f4fc605cad1 to 0x00007f4fc605d274
Event: 182.518 Thread 0x00007f4f74559300 Exception <a 'sun/nio/fs/UnixException'{0x00000000ebfae460}> (0x00000000ebfae460) 
thrown [src/hotspot/share/prims/jni.cpp, line 516]
Event: 182.522 Thread 0x00007f4f74559300 Exception <a 'sun/nio/fs/UnixException'{0x00000000ebfc57d8}> (0x00000000ebfc57d8) 
thrown [src/hotspot/share/prims/jni.cpp, line 516]

VM Operations (20 events):
Event: 183.122 Executing VM operation: ParallelGCFailedAllocation done
Event: 183.239 Executing VM operation: ParallelGCFailedAllocation
Event: 183.271 Executing VM operation: ParallelGCFailedAllocation done
Event: 183.425 Executing VM operation: ParallelGCFailedAllocation
Event: 183.469 Executing VM operation: ParallelGCFailedAllocation done
Event: 183.572 Executing VM operation: ParallelGCFailedAllocation
Event: 183.639 Executing VM operation: ParallelGCFailedAllocation done
Event: 183.902 Executing VM operation: ParallelGCFailedAllocation
Event: 183.918 Executing VM operation: ParallelGCFailedAllocation done
Event: 184.137 Executing VM operation: ParallelGCFailedAllocation
Event: 184.163 Executing VM operation: ParallelGCFailedAllocation done
Event: 184.410 Executing VM operation: ParallelGCFailedAllocation
Event: 184.425 Executing VM operation: ParallelGCFailedAllocation done
Event: 184.523 Executing VM operation: ParallelGCFailedAllocation
Event: 184.661 Executing VM operation: ParallelGCFailedAllocation done
Event: 185.460 Executing VM operation: ParallelGCFailedAllocation
Event: 185.878 Executing VM operation: ParallelGCFailedAllocation done
Event: 190.708 Executing VM operation: ParallelGCFailedAllocation
Event: 190.901 Executing VM operation: ParallelGCFailedAllocation done
Event: 191.446 Executing VM operation: ParallelGCFailedAllocation

Events (20 events):
Event: 150.584 Thread 0x00007f4fd021fd50 flushing nmethod 0x00007f4fbfef5a10
Event: 150.584 Thread 0x00007f4fd021fd50 flushing nmethod 0x00007f4fbff8ce90
Event: 151.063 Thread 0x00007f4eec006de0 Thread added: 0x00007f4eec006de0
Event: 151.063 Protecting memory [0x00007f4f26eff000,0x00007f4f26f03000] with protection modes 0
Event: 151.063 Thread 0x00007f4eec006de0 Thread exited: 0x00007f4eec006de0
Event: 151.102 Thread 0x00007f4f0c0e4230 Thread exited: 0x00007f4f0c0e4230
Event: 155.248 Thread 0x00007f4fac002550 Thread exited: 0x00007f4fac002550
Event: 157.186 loading class javax/xml/transform/TransformerConfigurationException
Event: 157.192 loading class javax/xml/transform/TransformerConfigurationException done
Event: 160.100 Thread 0x00007f4ed8001c00 Thread exited: 0x00007f4ed8001c00
Event: 174.461 Thread 0x00007f4fd0444dc0 Thread exited: 0x00007f4fd0444dc0
Event: 180.056 Thread 0x00007f4f0c0ebd00 Thread added: 0x00007f4f0c0ebd00
Event: 180.056 Protecting memory [0x00007f4f4c0fc000,0x00007f4f4c100000] with protection modes 0
Event: 180.652 Thread 0x00007f4fac002550 Thread added: 0x00007f4fac002550
Event: 180.655 Protecting memory [0x00007f4f269fa000,0x00007f4f269fe000] with protection modes 0
Event: 182.510 loading class java/util/zip/ZipError
Event: 182.519 loading class java/util/zip/ZipError done
Event: 183.901 Thread 0x00007f4f480937e0 Thread added: 0x00007f4f480937e0
Event: 183.902 Protecting memory [0x00007f4f26cfd000,0x00007f4f26d01000] with protection modes 0
Event: 185.937 Thread 0x00007f4fac002550 Thread exited: 0x00007f4fac002550


Dynamic libraries:
c0000000-c7f00000 rw-p 00000000 00:00 0 
cb800000-eab00000 ---p 00000000 00:00 0 
eab00000-ed580000 rw-p 00000000 00:00 0 
ed580000-100000000 ---p 00000000 00:00 0 
100000000-100020000 rw-p 00000000 00:00 0 
100020000-100040000 rw-p 00000000 00:00 0 
100040000-100100000 rw-p 00000000 00:00 0 
100100000-100180000 rw-p 00000000 00:00 0 
100180000-100280000 rw-p 00000000 00:00 0 
100280000-1003c0000 rw-p 00000000 00:00 0 
1003c0000-100400000 rw-p 00000000 00:00 0 
100400000-1006e0000 rw-p 00000000 00:00 0 
1006e0000-100700000 rw-p 00000000 00:00 0 
100700000-100740000 rw-p 00000000 00:00 0 
100740000-1007c0000 rw-p 00000000 00:00 0 
1007c0000-1007e0000 rw-p 00000000 00:00 0 
1007e0000-100800000 ---p 00000000 00:00 0 
100800000-100850000 rw-p 00000000 00:00 0 
100850000-140000000 ---p 00000000 00:00 0 
557bccae8000-557bccae9000 r-xp 00000000 08:10 475570                     /home/mamoune/.vscode-server/extensions/redhat.java-1.5.0-linux-x64/jre/17.0.2-linux-x86_64/bin/java
557bccce9000-557bcccea000 r--p 00001000 08:10 475570                     /home/mamoune/.vscode-server/extensions/redhat.java-1.5.0-linux-x64/jre/17.0.2-linux-x86_64/bin/java
557bcccea000-557bccceb000 rw-p 00002000 08:10 475570                     /home/mamoune/.vscode-server/extensions/redhat.java-1.5.0-linux-x64/jre/17.0.2-linux-x86_64/bin/java
557bcd65d000-557bcd67e000 rw-p 00000000 00:00 0                          [heap]
7f4eb8000000-7f4eb8021000 rw-p 00000000 00:00 0 
7f4eb8021000-7f4ebc000000 ---p 00000000 00:00 0 
7f4ec0000000-7f4ec0021000 rw-p 00000000 00:00 0 
7f4ec0021000-7f4ec4000000 ---p 00000000 00:00 0 
7f4ec4000000-7f4ec4021000 rw-p 00000000 00:00 0 
7f4ec4021000-7f4ec8000000 ---p 00000000 00:00 0 
7f4ec8000000-7f4ec8021000 rw-p 00000000 00:00 0 
7f4ec8021000-7f4ecc000000 ---p 00000000 00:00 0 
7f4ecc000000-7f4ecc021000 rw-p 00000000 00:00 0 
7f4ecc021000-7f4ed0000000 ---p 00000000 00:00 0 
7f4ed0000000-7f4ed0021000 rw-p 00000000 00:00 0 
7f4ed0021000-7f4ed4000000 ---p 00000000 00:00 0 
7f4ed4000000-7f4ed4021000 rw-p 00000000 00:00 0 
7f4ed4021000-7f4ed8000000 ---p 00000000 00:00 0 
7f4ed8000000-7f4ed8021000 rw-p 00000000 00:00 0 
7f4ed8021000-7f4edc000000 ---p 00000000 00:00 0 
7f4edc000000-7f4edc077000 rw-p 00000000 00:00 0 
7f4edc077000-7f4ee0000000 ---p 00000000 00:00 0 
7f4ee0000000-7f4ee0021000 rw-p 00000000 00:00 0 
7f4ee0021000-7f4ee4000000 ---p 00000000 00:00 0 
7f4ee4000000-7f4ee4021000 rw-p 00000000 00:00 0 
7f4ee4021000-7f4ee8000000 ---p 00000000 00:00 0 
7f4ee8000000-7f4ee8077000 rw-p 00000000 00:00 0 
7f4ee8077000-7f4eec000000 ---p 00000000 00:00 0 
7f4eec000000-7f4eec021000 rw-p 00000000 00:00 0 
7f4eec021000-7f4ef0000000 ---p 00000000 00:00 0 
7f4ef0000000-7f4ef0021000 rw-p 00000000 00:00 0 
7f4ef0021000-7f4ef4000000 ---p 00000000 00:00 0 
7f4ef4000000-7f4ef4021000 rw-p 00000000 00:00 0 
7f4ef4021000-7f4ef8000000 ---p 00000000 00:00 0 
7f4ef8000000-7f4ef8021000 rw-p 00000000 00:00 0 
7f4ef8021000-7f4efc000000 ---p 00000000 00:00 0 
7f4efc000000-7f4efc0e3000 rw-p 00000000 00:00 0 
7f4efc0e3000-7f4f00000000 ---p 00000000 00:00 0 
7f4f00000000-7f4f000c5000 rw-p 00000000 00:00 0 
7f4f000c5000-7f4f04000000 ---p 00000000 00:00 0 
7f4f04000000-7f4f0417b000 rw-p 00000000 00:00 0 
7f4f0417b000-7f4f08000000 ---p 00000000 00:00 0 
7f4f08000000-7f4f08094000 rw-p 00000000 00:00 0 
7f4f08094000-7f4f0c000000 ---p 00000000 00:00 0 
7f4f0c000000-7f4f0c14c000 rw-p 00000000 00:00 0 
7f4f0c14c000-7f4f10000000 ---p 00000000 00:00 0 
7f4f10000000-7f4f100a3000 rw-p 00000000 00:00 0 
7f4f100a3000-7f4f14000000 ---p 00000000 00:00 0 
7f4f14000000-7f4f14021000 rw-p 00000000 00:00 0 
7f4f14021000-7f4f18000000 ---p 00000000 00:00 0 
7f4f18000000-7f4f18021000 rw-p 00000000 00:00 0 
7f4f18021000-7f4f1c000000 ---p 00000000 00:00 0 
7f4f1c000000-7f4f1c02a000 rw-p 00000000 00:00 0 
7f4f1c02a000-7f4f20000000 ---p 00000000 00:00 0 
7f4f20000000-7f4f2046e000 rw-p 00000000 00:00 0 
7f4f2046e000-7f4f24000000 ---p 00000000 00:00 0 
7f4f258fd000-7f4f25901000 ---p 00000000 00:00 0 
7f4f25901000-7f4f259fe000 rw-p 00000000 00:00 0 
7f4f259fe000-7f4f25a02000 ---p 00000000 00:00 0 
7f4f25a02000-7f4f25aff000 rw-p 00000000 00:00 0 
7f4f25aff000-7f4f25b03000 ---p 00000000 00:00 0 
7f4f25b03000-7f4f25c60000 rw-p 00000000 00:00 0 
7f4f25c60000-7f4f25ce0000 ---p 00000000 00:00 0 
7f4f25ce0000-7f4f25e00000 rw-p 00000000 00:00 0 
7f4f25e00000-7f4f25e20000 ---p 00000000 00:00 0 
7f4f25e20000-7f4f25e40000 rw-p 00000000 00:00 0 
7f4f25e40000-7f4f25e80000 ---p 00000000 00:00 0 
7f4f25e80000-7f4f25f00000 rw-p 00000000 00:00 0 
7f4f25f00000-7f4f26400000 ---p 00000000 00:00 0 
7f4f264f5000-7f4f264f9000 ---p 00000000 00:00 0 
7f4f264f9000-7f4f265f6000 rw-p 00000000 00:00 0 
7f4f265f6000-7f4f265fa000 ---p 00000000 00:00 0 
7f4f265fa000-7f4f266f7000 rw-p 00000000 00:00 0 
7f4f266f7000-7f4f266fb000 ---p 00000000 00:00 0 
7f4f266fb000-7f4f267f8000 rw-p 00000000 00:00 0 
7f4f267f8000-7f4f267fc000 ---p 00000000 00:00 0 
7f4f267fc000-7f4f268f9000 rw-p 00000000 00:00 0 
7f4f268f9000-7f4f268fd000 ---p 00000000 00:00 0 
7f4f268fd000-7f4f269fa000 rw-p 00000000 00:00 0 
7f4f269fa000-7f4f269fe000 ---p 00000000 00:00 0 
7f4f269fe000-7f4f26afb000 rw-p 00000000 00:00 0 
7f4f26afb000-7f4f26aff000 ---p 00000000 00:00 0 
7f4f26aff000-7f4f26bfc000 rw-p 00000000 00:00 0 
7f4f26bfc000-7f4f26c00000 ---p 00000000 00:00 0 
7f4f26c00000-7f4f26cfd000 rw-p 00000000 00:00 0 
7f4f26cfd000-7f4f26d01000 ---p 00000000 00:00 0 
7f4f26d01000-7f4f26dfe000 rw-p 00000000 00:00 0 
7f4f26dfe000-7f4f26e02000 ---p 00000000 00:00 0 
7f4f26e02000-7f4f26eff000 rw-p 00000000 00:00 0 
7f4f26eff000-7f4f26f03000 ---p 00000000 00:00 0 
7f4f26f03000-7f4f27100000 rw-p 00000000 00:00 0 
7f4f27100000-7f4f27300000 rw-p 00000000 00:00 0 
7f4f27300000-7f4f27380000 rw-p 00000000 00:00 0 
7f4f27380000-7f4f27500000 rw-p 00000000 00:00 0 
7f4f27500000-7f4f275d0000 rw-p 00000000 00:00 0 
7f4f275d0000-7f4f275e0000 ---p 00000000 00:00 0 
7f4f275e0000-7f4f27660000 rw-p 00000000 00:00 0 
7f4f27660000-7f4f276a0000 ---p 00000000 00:00 0 
7f4f276a0000-7f4f276c0000 rw-p 00000000 00:00 0 
7f4f276c0000-7f4f276e0000 ---p 00000000 00:00 0 
7f4f276e0000-7f4f27700000 rw-p 00000000 00:00 0 
7f4f27700000-7f4f277c0000 rw-p 00000000 00:00 0 
7f4f277c0000-7f4f27800000 ---p 00000000 00:00 0 
7f4f27853000-7f4f30000000 r--s 00000000 08:10 168213                     /usr/lib/jvm/java-11-openjdk-amd64/lib/modules
7f4f30000000-7f4f30021000 rw-p 00000000 00:00 0 
7f4f30021000-7f4f34000000 ---p 00000000 00:00 0 
7f4f34000000-7f4f34127000 rw-p 00000000 00:00 0 
7f4f34127000-7f4f38000000 ---p 00000000 00:00 0 
7f4f38000000-7f4f38021000 rw-p 00000000 00:00 0 
7f4f38021000-7f4f3c000000 ---p 00000000 00:00 0 
7f4f3c000000-7f4f3c03f000 rw-p 00000000 00:00 0 
7f4f3c03f000-7f4f40000000 ---p 00000000 00:00 0 
7f4f40000000-7f4f40788000 rw-p 00000000 00:00 0 
7f4f40788000-7f4f44000000 ---p 00000000 00:00 0 
7f4f44000000-7f4f44893000 rw-p 00000000 00:00 0 
7f4f44893000-7f4f48000000 ---p 00000000 00:00 0 
7f4f48000000-7f4f48473000 rw-p 00000000 00:00 0 
7f4f48473000-7f4f4c000000 ---p 00000000 00:00 0 
7f4f4c0fc000-7f4f4c100000 ---p 00000000 00:00 0 
7f4f4c100000-7f4f4c1fd000 rw-p 00000000 00:00 0 
7f4f4c1fd000-7f4f4c1ff000 r-xp 00000000 08:10 476190                     /home/mamoune/.vscode-server/extensions/redhat.java-1.5.0-linux-x64/jre/17.0.2-linux-x86_64/lib/libextnet.so
7f4f4c1ff000-7f4f4c3fe000 ---p 00002000 08:10 476190                     /home/mamoune/.vscode-server/extensions/redhat.java-1.5.0-linux-x64/jre/17.0.2-linux-x86_64/lib/libextnet.so
7f4f4c3fe000-7f4f4c3ff000 r--p 00001000 08:10 476190                     /home/mamoune/.vscode-server/extensions/redhat.java-1.5.0-linux-x64/jre/17.0.2-linux-x86_64/lib/libextnet.so
7f4f4c3ff000-7f4f4c400000 rw-p 00002000 08:10 476190                     /home/mamoune/.vscode-server/extensions/redhat.java-1.5.0-linux-x64/jre/17.0.2-linux-x86_64/lib/libextnet.so
7f4f4c400000-7f4f4c5c0000 rw-p 00000000 00:00 0 
7f4f4c5c0000-7f4f4c5e0000 rw-p 00000000 00:00 0 
7f4f4c5e0000-7f4f4c660000 rw-p 00000000 00:00 0 
7f4f4c660000-7f4f4c680000 ---p 00000000 00:00 0 
7f4f4c680000-7f4f4c700000 rw-p 00000000 00:00 0 
7f4f4c700000-7f4f4c800000 rw-p 00000000 00:00 0 
7f4f4c800000-7f4f4cc00000 rw-p 00000000 00:00 0 
7f4f4ccf5000-7f4f4ccf9000 ---p 00000000 00:00 0 
7f4f4ccf9000-7f4f4cdf6000 rw-p 00000000 00:00 0 
7f4f4cdf6000-7f4f4cdfa000 ---p 00000000 00:00 0 
7f4f4cdfa000-7f4f4cef7000 rw-p 00000000 00:00 0 
7f4f4cef7000-7f4f4cefb000 ---p 00000000 00:00 0 
7f4f4cefb000-7f4f4cff8000 rw-p 00000000 00:00 0 
7f4f4cff8000-7f4f4cffc000 ---p 00000000 00:00 0 
7f4f4cffc000-7f4f4d0f9000 rw-p 00000000 00:00 0 
7f4f4d0f9000-7f4f4d0fd000 ---p 00000000 00:00 0 
7f4f4d0fd000-7f4f4d1fa000 rw-p 00000000 00:00 0 
7f4f4d1fa000-7f4f4d1fe000 ---p 00000000 00:00 0 
7f4f4d1fe000-7f4f4d2fb000 rw-p 00000000 00:00 0 
7f4f4d2fb000-7f4f4d2ff000 ---p 00000000 00:00 0 
7f4f4d2ff000-7f4f4d3fc000 rw-p 00000000 00:00 0 
7f4f4d3fc000-7f4f4d400000 ---p 00000000 00:00 0 
7f4f4d400000-7f4f4d4fd000 rw-p 00000000 00:00 0 
7f4f4d4fd000-7f4f4d501000 ---p 00000000 00:00 0 
7f4f4d501000-7f4f4d5fe000 rw-p 00000000 00:00 0 
7f4f4d5fe000-7f4f4d602000 ---p 00000000 00:00 0 
7f4f4d602000-7f4f4d6ff000 rw-p 00000000 00:00 0 
7f4f4d6ff000-7f4f4d703000 ---p 00000000 00:00 0 
7f4f4d703000-7f4f4e000000 rw-p 00000000 00:00 0 
7f4f4e000000-7f4f4e300000 rw-p 00000000 00:00 0 
7f4f4e300000-7f4f4e400000 rw-p 00000000 00:00 0 
7f4f4e400000-7f4f4e800000 rw-p 00000000 00:00 0 
7f4f4e800000-7f4f4e900000 rw-p 00000000 00:00 0 
7f4f4e900000-7f4f4ea00000 rw-p 00000000 00:00 0 
7f4f4ea00000-7f4f4eb00000 rw-p 00000000 00:00 0 
7f4f4eb00000-7f4f4ec00000 rw-p 00000000 00:00 0 
7f4f4ec00000-7f4f4f000000 rw-p 00000000 00:00 0 
7f4f4f0eb000-7f4f4f0ef000 ---p 00000000 00:00 0 
7f4f4f0ef000-7f4f4f1ec000 rw-p 00000000 00:00 0 
7f4f4f1ec000-7f4f4f1f0000 ---p 00000000 00:00 0 
7f4f4f1f0000-7f4f4f2ed000 rw-p 00000000 00:00 0 
7f4f4f2ed000-7f4f4f2fa000 r-xp 00000000 08:10 476233                     /home/mamoune/.vscode-server/extensions/redhat.java-1.5.0-linux-x64/jre/17.0.2-linux-x86_64/lib/libverify.so
7f4f4f2fa000-7f4f4f4f9000 ---p 0000d000 08:10 476233                     /home/mamoune/.vscode-server/extensions/redhat.java-1.5.0-linux-x64/jre/17.0.2-linux-x86_64/lib/libverify.so
7f4f4f4f9000-7f4f4f4fb000 r--p 0000c000 08:10 476233                     /home/mamoune/.vscode-server/extensions/redhat.java-1.5.0-linux-x64/jre/17.0.2-linux-x86_64/lib/libverify.so
7f4f4f4fb000-7f4f4f4fc000 rw-p 0000e000 08:10 476233                     /home/mamoune/.vscode-server/extensions/redhat.java-1.5.0-linux-x64/jre/17.0.2-linux-x86_64/lib/libverify.so
7f4f4f4fc000-7f4f4f500000 ---p 00000000 00:00 0 
7f4f4f500000-7f4f4f5fd000 rw-p 00000000 00:00 0 
7f4f4f5fd000-7f4f4f5fe000 ---p 00000000 00:00 0 
7f4f4f5fe000-7f4f4f6ff000 rw-p 00000000 00:00 0 
7f4f4f6ff000-7f4f4f703000 ---p 00000000 00:00 0 
7f4f4f703000-7f4f4f900000 rw-p 00000000 00:00 0 
7f4f4f900000-7f4f4fa00000 rw-p 00000000 00:00 0 
7f4f4fa00000-7f4f50000000 rw-p 00000000 00:00 0 
7f4f50000000-7f4f50021000 rw-p 00000000 00:00 0 
7f4f50021000-7f4f54000000 ---p 00000000 00:00 0 
7f4f54000000-7f4f54021000 rw-p 00000000 00:00 0 
7f4f54021000-7f4f58000000 ---p 00000000 00:00 0 
7f4f58000000-7f4f58021000 rw-p 00000000 00:00 0 
7f4f58021000-7f4f5c000000 ---p 00000000 00:00 0 
7f4f5c000000-7f4f5c021000 rw-p 00000000 00:00 0 
7f4f5c021000-7f4f60000000 ---p 00000000 00:00 0 
7f4f60000000-7f4f60021000 rw-p 00000000 00:00 0 
7f4f60021000-7f4f64000000 ---p 00000000 00:00 0 
7f4f64000000-7f4f64021000 rw-p 00000000 00:00 0 
7f4f64021000-7f4f68000000 ---p 00000000 00:00 0 
7f4f68000000-7f4f68021000 rw-p 00000000 00:00 0 
7f4f68021000-7f4f6c000000 ---p 00000000 00:00 0 
7f4f6c000000-7f4f6c021000 rw-p 00000000 00:00 0 
7f4f6c021000-7f4f70000000 ---p 00000000 00:00 0 
7f4f70000000-7f4f70021000 rw-p 00000000 00:00 0 
7f4f70021000-7f4f74000000 ---p 00000000 00:00 0 
7f4f74000000-7f4f74934000 rw-p 00000000 00:00 0 
7f4f74934000-7f4f78000000 ---p 00000000 00:00 0 
7f4f78000000-7f4f78021000 rw-p 00000000 00:00 0 
7f4f78021000-7f4f7c000000 ---p 00000000 00:00 0 
7f4f7c000000-7f4f7c021000 rw-p 00000000 00:00 0 
7f4f7c021000-7f4f80000000 ---p 00000000 00:00 0 
7f4f80000000-7f4f80021000 rw-p 00000000 00:00 0 
7f4f80021000-7f4f84000000 ---p 00000000 00:00 0 
7f4f84000000-7f4f84021000 rw-p 00000000 00:00 0 
7f4f84021000-7f4f88000000 ---p 00000000 00:00 0 
7f4f88000000-7f4f88021000 rw-p 00000000 00:00 0 
7f4f88021000-7f4f8c000000 ---p 00000000 00:00 0 
7f4f8c000000-7f4f8c38f000 rw-p 00000000 00:00 0 
7f4f8c38f000-7f4f90000000 ---p 00000000 00:00 0 
7f4f90000000-7f4f90d63000 rw-p 00000000 00:00 0 
7f4f90d63000-7f4f94000000 ---p 00000000 00:00 0 
7f4f94000000-7f4f94021000 rw-p 00000000 00:00 0 
7f4f94021000-7f4f98000000 ---p 00000000 00:00 0 
7f4f98000000-7f4f98021000 rw-p 00000000 00:00 0 
7f4f98021000-7f4f9c000000 ---p 00000000 00:00 0 
7f4f9c000000-7f4f9e94f000 rw-p 00000000 00:00 0 
7f4f9e94f000-7f4fa0000000 ---p 00000000 00:00 0 
7f4fa0000000-7f4fa0021000 rw-p 00000000 00:00 0 
7f4fa0021000-7f4fa4000000 ---p 00000000 00:00 0 
7f4fa4000000-7f4fa4021000 rw-p 00000000 00:00 0 
7f4fa4021000-7f4fa8000000 ---p 00000000 00:00 0 
7f4fa8000000-7f4fa8021000 rw-p 00000000 00:00 0 
7f4fa8021000-7f4fac000000 ---p 00000000 00:00 0 
7f4fac000000-7f4fac021000 rw-p 00000000 00:00 0 
7f4fac021000-7f4fb0000000 ---p 00000000 00:00 0 
7f4fb0000000-7f4fb03f9000 rw-p 00000000 00:00 0 
7f4fb03f9000-7f4fb4000000 ---p 00000000 00:00 0 
7f4fb40dc000-7f4fb40e0000 ---p 00000000 00:00 0 
7f4fb40e0000-7f4fb41dd000 rw-p 00000000 00:00 0 
7f4fb41dd000-7f4fb41e1000 ---p 00000000 00:00 0 
7f4fb41e1000-7f4fb42de000 rw-p 00000000 00:00 0 
7f4fb42de000-7f4fb42e2000 ---p 00000000 00:00 0 
7f4fb42e2000-7f4fb43df000 rw-p 00000000 00:00 0 
7f4fb43df000-7f4fb43e3000 ---p 00000000 00:00 0 
7f4fb43e3000-7f4fb44e0000 rw-p 00000000 00:00 0 
7f4fb44e0000-7f4fb44e1000 ---p 00000000 00:00 0 
7f4fb44e1000-7f4fb45e2000 rw-p 00000000 00:00 0 
7f4fb45e2000-7f4fb45e3000 ---p 00000000 00:00 0 
7f4fb45e3000-7f4fb46e4000 rw-p 00000000 00:00 0 
7f4fb46e4000-7f4fb46e5000 ---p 00000000 00:00 0 
7f4fb46e5000-7f4fb47e6000 rw-p 00000000 00:00 0 
7f4fb47e6000-7f4fb47e7000 ---p 00000000 00:00 0 
7f4fb47e7000-7f4fb48e8000 rw-p 00000000 00:00 0 
7f4fb48e8000-7f4fb48e9000 ---p 00000000 00:00 0 
7f4fb48e9000-7f4fb49ea000 rw-p 00000000 00:00 0 
7f4fb49ea000-7f4fb49eb000 ---p 00000000 00:00 0 
7f4fb49eb000-7f4fb4aec000 rw-p 00000000 00:00 0 
7f4fb4aec000-7f4fb4afc000 r-xp 00000000 08:10 428760                     /home/mamoune/.vscode-server/data/User/globalStorage/redhat.java/1.5.0/config_linux/org.eclipse.equinox.launcher/org.eclipse.equinox.launcher.gtk.linux.x86_64_1.2.400.v20211117-0650/eclipse_11600.so
7f4fb4afc000-7f4fb4cfb000 ---p 00010000 08:10 428760                     /home/mamoune/.vscode-server/data/User/globalStorage/redhat.java/1.5.0/config_linux/org.eclipse.equinox.launcher/org.eclipse.equinox.launcher.gtk.linux.x86_64_1.2.400.v20211117-0650/eclipse_11600.so
7f4fb4cfb000-7f4fb4cfc000 r--p 0000f000 08:10 428760                     /home/mamoune/.vscode-server/data/User/globalStorage/redhat.java/1.5.0/config_linux/org.eclipse.equinox.launcher/org.eclipse.equinox.launcher.gtk.linux.x86_64_1.2.400.v20211117-0650/eclipse_11600.so
7f4fb4cfc000-7f4fb4cfd000 rw-p 00010000 08:10 428760                     /home/mamoune/.vscode-server/data/User/globalStorage/redhat.java/1.5.0/config_linux/org.eclipse.equinox.launcher/org.eclipse.equinox.launcher.gtk.linux.x86_64_1.2.400.v20211117-0650/eclipse_11600.so
7f4fb4cfd000-7f4fb4d01000 ---p 00000000 00:00 0 
7f4fb4d01000-7f4fb4dfe000 rw-p 00000000 00:00 0 
7f4fb4dfe000-7f4fb4e02000 ---p 00000000 00:00 0 
7f4fb4e02000-7f4fb4eff000 rw-p 00000000 00:00 0 
7f4fb4eff000-7f4fb4f03000 ---p 00000000 00:00 0 
7f4fb4f03000-7f4fb5100000 rw-p 00000000 00:00 0 
7f4fb5100000-7f4fb5300000 rw-p 00000000 00:00 0 
7f4fb5300000-7f4fb5400000 rw-p 00000000 00:00 0 
7f4fb5400000-7f4fb5500000 rw-p 00000000 00:00 0 
7f4fb5500000-7f4fb5600000 rw-p 00000000 00:00 0 
7f4fb5600000-7f4fb5800000 rw-p 00000000 00:00 0 
7f4fb585d000-7f4fb5872000 r-xp 00000000 08:10 476210                     /home/mamoune/.vscode-server/extensions/redhat.java-1.5.0-linux-x64/jre/17.0.2-linux-x86_64/lib/libnet.so
7f4fb5872000-7f4fb5a71000 ---p 00015000 08:10 476210                     /home/mamoune/.vscode-server/extensions/redhat.java-1.5.0-linux-x64/jre/17.0.2-linux-x86_64/lib/libnet.so
7f4fb5a71000-7f4fb5a72000 r--p 00014000 08:10 476210                     /home/mamoune/.vscode-server/extensions/redhat.java-1.5.0-linux-x64/jre/17.0.2-linux-x86_64/lib/libnet.so
7f4fb5a72000-7f4fb5a73000 rw-p 00015000 08:10 476210                     /home/mamoune/.vscode-server/extensions/redhat.java-1.5.0-linux-x64/jre/17.0.2-linux-x86_64/lib/libnet.so
7f4fb5a73000-7f4fb5a85000 r-xp 00000000 08:10 476212                     /home/mamoune/.vscode-server/extensions/redhat.java-1.5.0-linux-x64/jre/17.0.2-linux-x86_64/lib/libnio.so
7f4fb5a85000-7f4fb5c84000 ---p 00012000 08:10 476212                     /home/mamoune/.vscode-server/extensions/redhat.java-1.5.0-linux-x64/jre/17.0.2-linux-x86_64/lib/libnio.so
7f4fb5c84000-7f4fb5c85000 r--p 00011000 08:10 476212                     /home/mamoune/.vscode-server/extensions/redhat.java-1.5.0-linux-x64/jre/17.0.2-linux-x86_64/lib/libnio.so
7f4fb5c85000-7f4fb5c86000 rw-p 00012000 08:10 476212                     /home/mamoune/.vscode-server/extensions/redhat.java-1.5.0-linux-x64/jre/17.0.2-linux-x86_64/lib/libnio.so
7f4fb5c86000-7f4fb5c87000 ---p 00000000 00:00 0 
7f4fb5c87000-7f4fb5d88000 rw-p 00000000 00:00 0 
7f4fb5d88000-7f4fb5d8c000 ---p 00000000 00:00 0 
7f4fb5d8c000-7f4fb5e89000 rw-p 00000000 00:00 0 
7f4fb5e89000-7f4fb5e8d000 ---p 00000000 00:00 0 
7f4fb5e8d000-7f4fb5f8a000 rw-p 00000000 00:00 0 
7f4fb5f8a000-7f4fb5f8e000 ---p 00000000 00:00 0 
7f4fb5f8e000-7f4fb608b000 rw-p 00000000 00:00 0 
7f4fb608b000-7f4fb608f000 ---p 00000000 00:00 0 
7f4fb608f000-7f4fb618c000 rw-p 00000000 00:00 0 
7f4fb618c000-7f4fb6190000 ---p 00000000 00:00 0 
7f4fb6190000-7f4fb628d000 rw-p 00000000 00:00 0 
7f4fb628d000-7f4fb6291000 ---p 00000000 00:00 0 
7f4fb6291000-7f4fb638e000 rw-p 00000000 00:00 0 
7f4fb638e000-7f4fb6392000 ---p 00000000 00:00 0 
7f4fb6392000-7f4fb648f000 rw-p 00000000 00:00 0 
7f4fb648f000-7f4fb6493000 ---p 00000000 00:00 0 
7f4fb6493000-7f4fb6590000 rw-p 00000000 00:00 0 
7f4fb6590000-7f4fb6594000 ---p 00000000 00:00 0 
7f4fb6594000-7f4fb6691000 rw-p 00000000 00:00 0 
7f4fb6691000-7f4fb6804000 r--p 00000000 08:10 20373                      /usr/lib/locale/C.UTF-8/LC_COLLATE
7f4fb6804000-7f4fb6aea000 r--p 00000000 08:10 3955                       /usr/lib/locale/locale-archive
7f4fb6aea000-7f4fb6aee000 ---p 00000000 00:00 0 
7f4fb6aee000-7f4fb6beb000 rw-p 00000000 00:00 0 
7f4fb6beb000-7f4fb6bef000 ---p 00000000 00:00 0 
7f4fb6bef000-7f4fb6cec000 rw-p 00000000 00:00 0 
7f4fb6cec000-7f4fb6ced000 ---p 00000000 00:00 0 
7f4fb6ced000-7f4fb8000000 rw-p 00000000 00:00 0 
7f4fb8000000-7f4fb8021000 rw-p 00000000 00:00 0 
7f4fb8021000-7f4fbc000000 ---p 00000000 00:00 0 
7f4fbc0fd000-7f4fbe400000 rw-p 00000000 00:00 0 
7f4fbe400000-7f4fbe670000 rwxp 00000000 00:00 0 
7f4fbe670000-7f4fbe992000 ---p 00000000 00:00 0 
7f4fbe992000-7f4fc0062000 rwxp 00000000 00:00 0 
7f4fc0062000-7f4fc5ec9000 ---p 00000000 00:00 0 
7f4fc5ec9000-7f4fc6549000 rwxp 00000000 00:00 0 
7f4fc6549000-7f4fcd400000 ---p 00000000 00:00 0 
7f4fcd400000-7f4fd0000000 r--s 00000000 08:10 476237                     /home/mamoune/.vscode-server/extensions/redhat.java-1.5.0-linux-x64/jre/17.0.2-linux-x86_64/lib/modules
7f4fd0000000-7f4fd0663000 rw-p 00000000 00:00 0 
7f4fd0663000-7f4fd4000000 ---p 00000000 00:00 0 
7f4fd40f2000-7f4fd45f7000 rw-p 00000000 00:00 0 
7f4fd45f7000-7f4fd45fe000 r-xp 00000000 08:10 476234                     /home/mamoune/.vscode-server/extensions/redhat.java-1.5.0-linux-x64/jre/17.0.2-linux-x86_64/lib/libzip.so
7f4fd45fe000-7f4fd47fe000 ---p 00007000 08:10 476234                     /home/mamoune/.vscode-server/extensions/redhat.java-1.5.0-linux-x64/jre/17.0.2-linux-x86_64/lib/libzip.so
7f4fd47fe000-7f4fd47ff000 r--p 00007000 08:10 476234                     /home/mamoune/.vscode-server/extensions/redhat.java-1.5.0-linux-x64/jre/17.0.2-linux-x86_64/lib/libzip.so
7f4fd47ff000-7f4fd4800000 rw-p 00008000 08:10 476234                     /home/mamoune/.vscode-server/extensions/redhat.java-1.5.0-linux-x64/jre/17.0.2-linux-x86_64/lib/libzip.so
7f4fd4800000-7f4fd4c00000 rw-p 00000000 00:00 0 
7f4fd4c00000-7f4fd4c20000 rw-p 00000000 00:00 0 
7f4fd4c20000-7f4fd4c40000 rw-p 00000000 00:00 0 
7f4fd4c40000-7f4fd4c80000 rw-p 00000000 00:00 0 
7f4fd4c80000-7f4fd4d00000 rw-p 00000000 00:00 0 
7f4fd4d00000-7f4fd4f00000 rw-p 00000000 00:00 0 
7f4fd4f00000-7f4fd4f40000 rw-p 00000000 00:00 0 
7f4fd4f40000-7f4fd4f80000 rw-p 00000000 00:00 0 
7f4fd4f80000-7f4fd5000000 rw-p 00000000 00:00 0 
7f4fd502f000-7f4fd5031000 r--p 00000000 08:10 43036                      /usr/lib/x86_64-linux-gnu/libnss_dns-2.31.so
7f4fd5031000-7f4fd5035000 r-xp 00002000 08:10 43036                      /usr/lib/x86_64-linux-gnu/libnss_dns-2.31.so
7f4fd5035000-7f4fd5036000 r--p 00006000 08:10 43036                      /usr/lib/x86_64-linux-gnu/libnss_dns-2.31.so
7f4fd5036000-7f4fd5037000 r--p 00006000 08:10 43036                      /usr/lib/x86_64-linux-gnu/libnss_dns-2.31.so
7f4fd5037000-7f4fd5038000 rw-p 00007000 08:10 43036                      /usr/lib/x86_64-linux-gnu/libnss_dns-2.31.so
7f4fd5038000-7f4fd503c000 r--p 00000000 08:10 43364                      /usr/lib/x86_64-linux-gnu/libresolv-2.31.so
7f4fd503c000-7f4fd504c000 r-xp 00004000 08:10 43364                      /usr/lib/x86_64-linux-gnu/libresolv-2.31.so
7f4fd504c000-7f4fd504f000 r--p 00014000 08:10 43364                      /usr/lib/x86_64-linux-gnu/libresolv-2.31.so
7f4fd504f000-7f4fd5050000 ---p 00017000 08:10 43364                      /usr/lib/x86_64-linux-gnu/libresolv-2.31.so
7f4fd5050000-7f4fd5051000 r--p 00017000 08:10 43364                      /usr/lib/x86_64-linux-gnu/libresolv-2.31.so
7f4fd5051000-7f4fd5052000 rw-p 00018000 08:10 43364                      /usr/lib/x86_64-linux-gnu/libresolv-2.31.so
7f4fd5052000-7f4fd5054000 rw-p 00000000 00:00 0 
7f4fd5054000-7f4fd5055000 r--p 00000000 08:10 98651                      /usr/lib/x86_64-linux-gnu/libnss_mdns4_minimal.so.2
7f4fd5055000-7f4fd5057000 r-xp 00001000 08:10 98651                      /usr/lib/x86_64-linux-gnu/libnss_mdns4_minimal.so.2
7f4fd5057000-7f4fd5058000 r--p 00003000 08:10 98651                      /usr/lib/x86_64-linux-gnu/libnss_mdns4_minimal.so.2
7f4fd5058000-7f4fd5059000 r--p 00003000 08:10 98651                      /usr/lib/x86_64-linux-gnu/libnss_mdns4_minimal.so.2
7f4fd5059000-7f4fd505a000 rw-p 00004000 08:10 98651                      /usr/lib/x86_64-linux-gnu/libnss_mdns4_minimal.so.2
7f4fd506c000-7f4fd5070000 ---p 00000000 00:00 0 
7f4fd5070000-7f4fd508e000 rw-p 00000000 00:00 0 
7f4fd508e000-7f4fd50c0000 r--p 00000000 08:10 20374                      /usr/lib/locale/C.UTF-8/LC_CTYPE
7f4fd50c0000-7f4fd50c1000 r--p 00000000 08:10 20380                      /usr/lib/locale/C.UTF-8/LC_NUMERIC
7f4fd50c1000-7f4fd50c2000 r--p 00000000 08:10 20383                      /usr/lib/locale/C.UTF-8/LC_TIME
7f4fd50c2000-7f4fd50c3000 r--p 00000000 08:10 20378                      /usr/lib/locale/C.UTF-8/LC_MONETARY
7f4fd50c3000-7f4fd5535000 rw-p 00000000 00:00 0 
7f4fd5535000-7f4fd564b000 ---p 00000000 00:00 0 
7f4fd564b000-7f4fd564c000 ---p 00000000 00:00 0 
7f4fd564c000-7f4fd578d000 rw-p 00000000 00:00 0 
7f4fd578d000-7f4fd58a2000 ---p 00000000 00:00 0 
7f4fd58a2000-7f4fd58b8000 rw-p 00000000 00:00 0 
7f4fd58b8000-7f4fd594d000 ---p 00000000 00:00 0 
7f4fd594d000-7f4fd595b000 rw-p 00000000 00:00 0 
7f4fd595b000-7f4fd5a39000 ---p 00000000 00:00 0 
7f4fd5a39000-7f4fd5a67000 rw-p 00000000 00:00 0 
7f4fd5a67000-7f4fd5b24000 ---p 00000000 00:00 0 
7f4fd5b24000-7f4fd5b48000 r-xp 00000000 08:10 476197                     /home/mamoune/.vscode-server/extensions/redhat.java-1.5.0-linux-x64/jre/17.0.2-linux-x86_64/lib/libjava.so
7f4fd5b48000-7f4fd5d48000 ---p 00024000 08:10 476197                     /home/mamoune/.vscode-server/extensions/redhat.java-1.5.0-linux-x64/jre/17.0.2-linux-x86_64/lib/libjava.so
7f4fd5d48000-7f4fd5d49000 r--p 00024000 08:10 476197                     /home/mamoune/.vscode-server/extensions/redhat.java-1.5.0-linux-x64/jre/17.0.2-linux-x86_64/lib/libjava.so
7f4fd5d49000-7f4fd5d4a000 rw-p 00025000 08:10 476197                     /home/mamoune/.vscode-server/extensions/redhat.java-1.5.0-linux-x64/jre/17.0.2-linux-x86_64/lib/libjava.so
7f4fd5d4a000-7f4fd5d4b000 rw-p 00000000 00:00 0 
7f4fd5d4b000-7f4fd5d4e000 r--p 00000000 08:10 43055                      /usr/lib/x86_64-linux-gnu/libnss_files-2.31.so
7f4fd5d4e000-7f4fd5d55000 r-xp 00003000 08:10 43055                      /usr/lib/x86_64-linux-gnu/libnss_files-2.31.so
7f4fd5d55000-7f4fd5d57000 r--p 0000a000 08:10 43055                      /usr/lib/x86_64-linux-gnu/libnss_files-2.31.so
7f4fd5d57000-7f4fd5d58000 r--p 0000b000 08:10 43055                      /usr/lib/x86_64-linux-gnu/libnss_files-2.31.so
7f4fd5d58000-7f4fd5d59000 rw-p 0000c000 08:10 43055                      /usr/lib/x86_64-linux-gnu/libnss_files-2.31.so
7f4fd5d59000-7f4fd5d5f000 rw-p 00000000 00:00 0 
7f4fd5d5f000-7f4fd5d60000 r--p 00000000 08:10 20377                      /usr/lib/locale/C.UTF-8/LC_MESSAGES/SYS_LC_MESSAGES
7f4fd5d60000-7f4fd5d61000 r--p 00000000 08:10 20381                      /usr/lib/locale/C.UTF-8/LC_PAPER
7f4fd5d61000-7f4fd5d62000 r--p 00000000 08:10 20379                      /usr/lib/locale/C.UTF-8/LC_NAME
7f4fd5d62000-7f4fd5d63000 r--p 00000000 08:10 20372                      /usr/lib/locale/C.UTF-8/LC_ADDRESS
7f4fd5d63000-7f4fd5d64000 r--p 00000000 08:10 20382                      /usr/lib/locale/C.UTF-8/LC_TELEPHONE
7f4fd5d64000-7f4fd5d65000 r--p 00000000 08:10 20376                      /usr/lib/locale/C.UTF-8/LC_MEASUREMENT
7f4fd5d65000-7f4fd5d6a000 rw-p 00000000 00:00 0 
7f4fd5d6a000-7f4fd5d71000 ---p 00000000 00:00 0 
7f4fd5d71000-7f4fd5d8c000 r-xp 00000000 08:10 476201                     /home/mamoune/.vscode-server/extensions/redhat.java-1.5.0-linux-x64/jre/17.0.2-linux-x86_64/lib/libjimage.so
7f4fd5d8c000-7f4fd5f8b000 ---p 0001b000 08:10 476201                     /home/mamoune/.vscode-server/extensions/redhat.java-1.5.0-linux-x64/jre/17.0.2-linux-x86_64/lib/libjimage.so
7f4fd5f8b000-7f4fd5f8d000 r--p 0001a000 08:10 476201                     /home/mamoune/.vscode-server/extensions/redhat.java-1.5.0-linux-x64/jre/17.0.2-linux-x86_64/lib/libjimage.so
7f4fd5f8d000-7f4fd5f8e000 rw-p 0001c000 08:10 476201                     /home/mamoune/.vscode-server/extensions/redhat.java-1.5.0-linux-x64/jre/17.0.2-linux-x86_64/lib/libjimage.so
7f4fd5f8e000-7f4fd5f92000 ---p 00000000 00:00 0 
7f4fd5f92000-7f4fd608f000 rw-p 00000000 00:00 0 
7f4fd608f000-7f4fd609e000 r--p 00000000 08:10 43017                      /usr/lib/x86_64-linux-gnu/libm-2.31.so
7f4fd609e000-7f4fd6145000 r-xp 0000f000 08:10 43017                      /usr/lib/x86_64-linux-gnu/libm-2.31.so
7f4fd6145000-7f4fd61dc000 r--p 000b6000 08:10 43017                      /usr/lib/x86_64-linux-gnu/libm-2.31.so
7f4fd61dc000-7f4fd61dd000 r--p 0014c000 08:10 43017                      /usr/lib/x86_64-linux-gnu/libm-2.31.so
7f4fd61dd000-7f4fd61de000 rw-p 0014d000 08:10 43017                      /usr/lib/x86_64-linux-gnu/libm-2.31.so
7f4fd61de000-7f4fd61e1000 r--p 00000000 08:10 43371                      /usr/lib/x86_64-linux-gnu/librt-2.31.so
7f4fd61e1000-7f4fd61e5000 r-xp 00003000 08:10 43371                      /usr/lib/x86_64-linux-gnu/librt-2.31.so
7f4fd61e5000-7f4fd61e6000 r--p 00007000 08:10 43371                      /usr/lib/x86_64-linux-gnu/librt-2.31.so
7f4fd61e6000-7f4fd61e7000 ---p 00008000 08:10 43371                      /usr/lib/x86_64-linux-gnu/librt-2.31.so
7f4fd61e7000-7f4fd61e8000 r--p 00008000 08:10 43371                      /usr/lib/x86_64-linux-gnu/librt-2.31.so
7f4fd61e8000-7f4fd61e9000 rw-p 00009000 08:10 43371                      /usr/lib/x86_64-linux-gnu/librt-2.31.so
7f4fd61e9000-7f4fd74cd000 r-xp 00000000 08:10 476481                     /home/mamoune/.vscode-server/extensions/redhat.java-1.5.0-linux-x64/jre/17.0.2-linux-x86_64/lib/server/libjvm.so
7f4fd74cd000-7f4fd76cd000 ---p 012e4000 08:10 476481                     /home/mamoune/.vscode-server/extensions/redhat.java-1.5.0-linux-x64/jre/17.0.2-linux-x86_64/lib/server/libjvm.so
7f4fd76cd000-7f4fd7786000 r--p 012e4000 08:10 476481                     /home/mamoune/.vscode-server/extensions/redhat.java-1.5.0-linux-x64/jre/17.0.2-linux-x86_64/lib/server/libjvm.so
7f4fd7786000-7f4fd77bb000 rw-p 0139d000 08:10 476481                     /home/mamoune/.vscode-server/extensions/redhat.java-1.5.0-linux-x64/jre/17.0.2-linux-x86_64/lib/server/libjvm.so
7f4fd77bb000-7f4fd7816000 rw-p 00000000 00:00 0 
7f4fd7816000-7f4fd783b000 r--p 00000000 08:10 43011                      /usr/lib/x86_64-linux-gnu/libc-2.31.so
7f4fd783b000-7f4fd79b3000 r-xp 00025000 08:10 43011                      /usr/lib/x86_64-linux-gnu/libc-2.31.so
7f4fd79b3000-7f4fd79fd000 r--p 0019d000 08:10 43011                      /usr/lib/x86_64-linux-gnu/libc-2.31.so
7f4fd79fd000-7f4fd79fe000 ---p 001e7000 08:10 43011                      /usr/lib/x86_64-linux-gnu/libc-2.31.so
7f4fd79fe000-7f4fd7a01000 r--p 001e7000 08:10 43011                      /usr/lib/x86_64-linux-gnu/libc-2.31.so
7f4fd7a01000-7f4fd7a04000 rw-p 001ea000 08:10 43011                      /usr/lib/x86_64-linux-gnu/libc-2.31.so
7f4fd7a04000-7f4fd7a08000 rw-p 00000000 00:00 0 
7f4fd7a08000-7f4fd7a09000 r--p 00000000 08:10 43012                      /usr/lib/x86_64-linux-gnu/libdl-2.31.so
7f4fd7a09000-7f4fd7a0b000 r-xp 00001000 08:10 43012                      /usr/lib/x86_64-linux-gnu/libdl-2.31.so
7f4fd7a0b000-7f4fd7a0c000 r--p 00003000 08:10 43012                      /usr/lib/x86_64-linux-gnu/libdl-2.31.so
7f4fd7a0c000-7f4fd7a0d000 r--p 00003000 08:10 43012                      /usr/lib/x86_64-linux-gnu/libdl-2.31.so
7f4fd7a0d000-7f4fd7a0e000 rw-p 00004000 08:10 43012                      /usr/lib/x86_64-linux-gnu/libdl-2.31.so
7f4fd7a0e000-7f4fd7a15000 r--p 00000000 08:10 43097                      /usr/lib/x86_64-linux-gnu/libpthread-2.31.so
7f4fd7a15000-7f4fd7a26000 r-xp 00007000 08:10 43097                      /usr/lib/x86_64-linux-gnu/libpthread-2.31.so
7f4fd7a26000-7f4fd7a2b000 r--p 00018000 08:10 43097                      /usr/lib/x86_64-linux-gnu/libpthread-2.31.so
7f4fd7a2b000-7f4fd7a2c000 r--p 0001c000 08:10 43097                      /usr/lib/x86_64-linux-gnu/libpthread-2.31.so
7f4fd7a2c000-7f4fd7a2d000 rw-p 0001d000 08:10 43097                      /usr/lib/x86_64-linux-gnu/libpthread-2.31.so
7f4fd7a2d000-7f4fd7a31000 rw-p 00000000 00:00 0 
7f4fd7a31000-7f4fd7a40000 r-xp 00000000 08:10 476202                     /home/mamoune/.vscode-server/extensions/redhat.java-1.5.0-linux-x64/jre/17.0.2-linux-x86_64/lib/libjli.so
7f4fd7a40000-7f4fd7c40000 ---p 0000f000 08:10 476202                     /home/mamoune/.vscode-server/extensions/redhat.java-1.5.0-linux-x64/jre/17.0.2-linux-x86_64/lib/libjli.so
7f4fd7c40000-7f4fd7c41000 r--p 0000f000 08:10 476202                     /home/mamoune/.vscode-server/extensions/redhat.java-1.5.0-linux-x64/jre/17.0.2-linux-x86_64/lib/libjli.so
7f4fd7c41000-7f4fd7c42000 rw-p 00010000 08:10 476202                     /home/mamoune/.vscode-server/extensions/redhat.java-1.5.0-linux-x64/jre/17.0.2-linux-x86_64/lib/libjli.so
7f4fd7c42000-7f4fd7c44000 r--p 00000000 08:10 141905                     /usr/lib/x86_64-linux-gnu/libz.so.1.2.11
7f4fd7c44000-7f4fd7c55000 r-xp 00002000 08:10 141905                     /usr/lib/x86_64-linux-gnu/libz.so.1.2.11
7f4fd7c55000-7f4fd7c5b000 r--p 00013000 08:10 141905                     /usr/lib/x86_64-linux-gnu/libz.so.1.2.11
7f4fd7c5b000-7f4fd7c5c000 ---p 00019000 08:10 141905                     /usr/lib/x86_64-linux-gnu/libz.so.1.2.11
7f4fd7c5c000-7f4fd7c5d000 r--p 00019000 08:10 141905                     /usr/lib/x86_64-linux-gnu/libz.so.1.2.11
7f4fd7c5d000-7f4fd7c5e000 rw-p 0001a000 08:10 141905                     /usr/lib/x86_64-linux-gnu/libz.so.1.2.11
7f4fd7c5e000-7f4fd7c65000 r--s 00000000 08:10 49490                      /usr/lib/x86_64-linux-gnu/gconv/gconv-modules.cache
7f4fd7c65000-7f4fd7c66000 r--p 00000000 08:10 20375                      /usr/lib/locale/C.UTF-8/LC_IDENTIFICATION
7f4fd7c66000-7f4fd7c6e000 rw-s 00000000 08:10 569154                     /tmp/hsperfdata_mamoune/32534
7f4fd7c6e000-7f4fd7c6f000 ---p 00000000 00:00 0 
7f4fd7c6f000-7f4fd7c70000 r--p 00000000 00:00 0 
7f4fd7c70000-7f4fd7c72000 rw-p 00000000 00:00 0 
7f4fd7c72000-7f4fd7c73000 r--p 00000000 08:10 42566                      /usr/lib/x86_64-linux-gnu/ld-2.31.so
7f4fd7c73000-7f4fd7c96000 r-xp 00001000 08:10 42566                      /usr/lib/x86_64-linux-gnu/ld-2.31.so
7f4fd7c96000-7f4fd7c9e000 r--p 00024000 08:10 42566                      /usr/lib/x86_64-linux-gnu/ld-2.31.so
7f4fd7c9e000-7f4fd7c9f000 ---p 00000000 00:00 0 
7f4fd7c9f000-7f4fd7ca0000 r--p 0002c000 08:10 42566                      /usr/lib/x86_64-linux-gnu/ld-2.31.so
7f4fd7ca0000-7f4fd7ca1000 rw-p 0002d000 08:10 42566                      /usr/lib/x86_64-linux-gnu/ld-2.31.so
7f4fd7ca1000-7f4fd7ca2000 rw-p 00000000 00:00 0 
7fffcb3cc000-7fffcb3ee000 rw-p 00000000 00:00 0                          [stack]
7fffcb3f8000-7fffcb3fb000 r--p 00000000 00:00 0                          [vvar]
7fffcb3fb000-7fffcb3fd000 r-xp 00000000 00:00 0                          [vdso]


VM Arguments:
jvm_args: --add-modules=ALL-SYSTEM --add-opens=java.base/java.util=ALL-UNNAMED --add-opens=java.base/java.lang=ALL-UNNAMED --add-opens=java.base/sun.nio.fs=ALL-UNNAMED -Declipse.application=org.eclipse.jdt.ls.core.id1 -Dosgi.bundles.defaultStartLevel=4 -Declipse.product=org.eclipse.jdt.ls.core.product -Djava.import.generatesMetadataFilesAtProjectRoot=false -Dfile.encoding=utf8 -XX:+UseParallelGC -XX:GCTimeRatio=4 -XX:AdaptiveSizePolicyWeight=90 -Dsun.zip.disableMemoryMapping=true -Xmx1G -Xms100m -XX:+HeapDumpOnOutOfMemoryError -XX:HeapDumpPath=/home/mamoune/.vscode-server/data/User/workspaceStorage/6d8722d3c05d9b120b474e0542f997ea/redhat.java 
java_command: /home/mamoune/.vscode-server/extensions/redhat.java-1.5.0-linux-x64/server/plugins/org.eclipse.equinox.launcher_1.6.400.v20210924-0641.jar -configuration /home/mamoune/.vscode-server/data/User/globalStorage/redhat.java/1.5.0/config_linux -data /home/mamoune/.vscode-server/data/User/workspaceStorage/6d8722d3c05d9b120b474e0542f997ea/redhat.java/jdt_ws
java_class_path (initial): /home/mamoune/.vscode-server/extensions/redhat.java-1.5.0-linux-x64/server/plugins/org.eclipse.equinox.launcher_1.6.400.v20210924-0641.jar
Launcher Type: SUN_STANDARD

[Global flags]
    uintx AdaptiveSizePolicyWeight                 = 90                                        {product} {command line}
     intx CICompilerCount                          = 4                                         {product} {ergonomic}
    uintx GCTimeRatio                              = 4                                         {product} {command line}
     bool HeapDumpOnOutOfMemoryError               = true                                   {manageable} {command line}
    ccstr HeapDumpPath                             = /home/mamoune/.vscode-server/data/User/workspaceStorage/6d8722d3c05d9b120b474e0542f997ea/redhat.java         {manageable} {command line}
   size_t InitialHeapSize                          = 104857600                                 {product} {command line}
   size_t MaxHeapSize                              = 1073741824                                {product} {command line}
   size_t MaxNewSize                               = 357564416                                 {product} {ergonomic}
   size_t MinHeapDeltaBytes                        = 524288                                    {product} {ergonomic}
   size_t MinHeapSize                              = 104857600                                 {product} {command line}
   size_t NewSize                                  = 34603008                                  {product} {ergonomic}
    uintx NonNMethodCodeHeapSize                   = 5839372                                {pd product} {ergonomic}
    uintx NonProfiledCodeHeapSize                  = 122909434                              {pd product} {ergonomic}
   size_t OldSize                                  = 70254592                                  {product} {ergonomic}
    uintx ProfiledCodeHeapSize                     = 122909434                              {pd product} {ergonomic}
    uintx ReservedCodeCacheSize                    = 251658240                              {pd product} {ergonomic}
     bool SegmentedCodeCache                       = true                                      {product} {ergonomic}
   size_t SoftMaxHeapSize                          = 1073741824                             {manageable} {ergonomic}
     bool UseCompressedClassPointers               = true                           {product lp64_product} {ergonomic}
     bool UseCompressedOops                        = true                           {product lp64_product} {ergonomic}
     bool UseParallelGC                            = true                                      {product} {command line}

Logging:
Log output configuration:
 #0: stdout all=warning uptime,level,tags
 #1: stderr all=off uptime,level,tags

Environment Variables:
PATH=/home/mamoune/.vscode-server/bin/dfd34e8260c270da74b5c2d86d61aee4b6d56977/bin/remote-cli:/usr/local/sbin:/usr/local/bin:/usr/sbin:/usr/bin:/sbin:/bin:/usr/games:/usr/local/games:/usr/lib/wsl/lib:/mnt/c/Users/bella/AppData/Local/Programs/Python/Python310/Scripts/:/mnt/c/Users/bella/AppData/Local/Programs/Python/Python310/:/mnt/c/Program Files (x86)/Common Files/Intel/Shared Libraries/redist/intel64/compiler:/mnt/c/Program Files/Common Files/Oracle/Java/javapath:/mnt/c/Program Files (x86)/Common Files/Oracle/Java/javapath:/mnt/c/Windows/system32:/mnt/c/Windows:/mnt/c/Windows/System32/Wbem:/mnt/c/Windows/System32/WindowsPowerShell/v1.0/:/mnt/c/Windows/System32/OpenSSH/:/mnt/c/Program Files (x86)/NVIDIA Corporation/PhysX/Common:/mnt/c/Program Files/NVIDIA Corporation/NVIDIA NvDLISR:/mnt/c/Program Files/Docker/Docker/resources/bin:/mnt/c/ProgramData/DockerDesktop/version-bin:/mnt/c/Program Files/Git/cmd:/mnt/c/WINDOWS/system32:/mnt/c/WINDOWS:/mnt/c/WINDOWS/System32/Wbem:/mnt/c/WINDOWS/System32/WindowsPowerShell/v1.0/:/mnt/c/WINDOWS/System32/OpenSSH/:/mnt/c/Program Files (x86)/QuickTime/QTSystem/:/mnt/c/Program Files/nodejs/:/mnt/c/ProgramData/chocolatey/bin:/mnt/c/Program Files (x86)/GnuPG/bin:/mnt/c/Users/bella/AppData/Local/Microsoft/WindowsApps:/mnt/c/Users/bella/AppData/Local/atom/bin:/mnt/c/Users/bella/AppData/Local/Microsoft/WindowsApps:/mnt/c/Users/bella/AppData/Local/Programs/Microsoft VS Code/bin:/mnt/c/Users/bella/AppData/Roaming/npm:/snap/bin:/home/mamoune/l3miage-2122-si-G32/tools/use/bin
SHELL=/bin/bash
DISPLAY=172.28.0.1:0
HOSTTYPE=x86_64
LANG=C.UTF-8

Signal Handlers:
   SIGSEGV: crash_handler in libjvm.so, mask=11100100010111111101111111111110, flags=SA_RESTART|SA_SIGINFO
    SIGBUS: crash_handler in libjvm.so, mask=11100100010111111101111111111110, flags=SA_RESTART|SA_SIGINFO
    SIGFPE: crash_handler in libjvm.so, mask=11100100010111111101111111111110, flags=SA_RESTART|SA_SIGINFO
   SIGPIPE: javaSignalHandler in libjvm.so, mask=11100100010111111101111111111110, flags=SA_RESTART|SA_SIGINFO
   SIGXFSZ: javaSignalHandler in libjvm.so, mask=11100100010111111101111111111110, flags=SA_RESTART|SA_SIGINFO
    SIGILL: crash_handler in libjvm.so, mask=11100100010111111101111111111110, flags=SA_RESTART|SA_SIGINFO
   SIGUSR2: SR_handler in libjvm.so, mask=00000000000000000000000000000000, flags=SA_RESTART|SA_SIGINFO
    SIGHUP: UserHandler in libjvm.so, mask=11100100010111111101111111111110, flags=SA_RESTART|SA_SIGINFO
    SIGINT: UserHandler in libjvm.so, mask=11100100010111111101111111111110, flags=SA_RESTART|SA_SIGINFO
   SIGTERM: UserHandler in libjvm.so, mask=11100100010111111101111111111110, flags=SA_RESTART|SA_SIGINFO
   SIGQUIT: UserHandler in libjvm.so, mask=11100100010111111101111111111110, flags=SA_RESTART|SA_SIGINFO
   SIGTRAP: crash_handler in libjvm.so, mask=11100100010111111101111111111110, flags=SA_RESTART|SA_SIGINFO


---------------  S Y S T E M  ---------------

OS:
DISTRIB_ID=Ubuntu
DISTRIB_RELEASE=20.04
DISTRIB_CODENAME=focal
DISTRIB_DESCRIPTION="Ubuntu 20.04.3 LTS"
uname: Linux 4.19.128-microsoft-standard #1 SMP Tue Jun 23 12:58:10 UTC 2020 x86_64
OS uptime: 0 days 5:18 hours
libc: glibc 2.31 NPTL 2.31 
rlimit (soft/hard): STACK 8192k/infinity , CORE 0k/infinity , NPROC 15554/15554 , NOFILE 1048576/1048576 , AS infinity/infinity , CPU infinity/infinity , DATA infinity/infinity , FSIZE infinity/infinity , MEMLOCK 64k/64k
load average: 4.45 3.19 1.81

/proc/meminfo:
MemTotal:        3986808 kB
MemFree:           82576 kB
MemAvailable:          0 kB
Buffers:             836 kB
Cached:            26052 kB
SwapCached:        20660 kB
Active:          3074596 kB
Inactive:         622692 kB
Active(anon):    3068036 kB
Inactive(anon):   615012 kB
Active(file):       6560 kB
Inactive(file):     7680 kB
Unevictable:           0 kB
Mlocked:               0 kB
SwapTotal:       1048576 kB
SwapFree:              0 kB
Dirty:                60 kB
Writeback:             0 kB
AnonPages:       3649980 kB
Mapped:            21700 kB
Shmem:             12424 kB
Slab:              69188 kB
SReclaimable:      32140 kB
SUnreclaim:        37048 kB
KernelStack:       13280 kB
PageTables:        40112 kB
NFS_Unstable:          0 kB
Bounce:                0 kB
WritebackTmp:          0 kB
CommitLimit:     3041980 kB
Committed_AS:    4590756 kB
VmallocTotal:   34359738367 kB
VmallocUsed:           0 kB
VmallocChunk:          0 kB
Percpu:             1888 kB
AnonHugePages:   1392640 kB
ShmemHugePages:        0 kB
ShmemPmdMapped:        0 kB
HugePages_Total:       0
HugePages_Free:        0
HugePages_Rsvd:        0
HugePages_Surp:        0
Hugepagesize:       2048 kB
Hugetlb:               0 kB
DirectMap4k:       15360 kB
DirectMap2M:     2039808 kB
DirectMap1G:     2097152 kB

/sys/kernel/mm/transparent_hugepage/enabled: [always] madvise never
/sys/kernel/mm/transparent_hugepage/defrag (defrag/compaction efforts parameter): always defer defer+madvise [madvise] never

Process Memory:
Virtual Size: 6655372K (peak: 6779276K)
Resident Set Size: 392824K (peak: 399332K) (anon: 392824K, file: 0K, shmem: 0K)
Swapped out: 0K
C-Heap outstanding allocations: 48855K

/proc/sys/kernel/threads-max (system-wide limit on the number of threads): 31109
/proc/sys/vm/max_map_count (maximum number of memory map areas a process may have): 65530
/proc/sys/kernel/pid_max (system-wide limit on number of process identifiers): 32768

container (cgroup) information:
container_type: cgroupv1
cpu_cpuset_cpus: 0-7
cpu_memory_nodes: 0
active_processor_count: 8
cpu_quota: no quota
cpu_period: 100000
cpu_shares: no shares
memory_limit_in_bytes: unlimited
memory_and_swap_limit_in_bytes: unlimited
memory_soft_limit_in_bytes: unlimited
memory_usage_in_bytes: 3777777664
memory_max_usage_in_bytes: 12645543936

Hyper-V virtualization detected
Steal ticks since vm start: 0
Steal ticks percentage since vm start:  0.000

CPU: total 8 (initial active 8) (4 cores per cpu, 2 threads per core) family 6 model 158 stepping 10 microcode 0xffffffff, cx8, cmov, fxsr, ht, mmx, 3dnowpref, sse, sse2, sse3, ssse3, sse4.1, sse4.2, popcnt, lzcnt, tsc, avx, avx2, aes, erms, clmul, bmi1, bmi2, adx, fma, vzeroupper, clflush, clflushopt, hv
CPU Model and flags from /proc/cpuinfo:
model name	: Intel(R) Core(TM) i5-9300H CPU @ 2.40GHz
flags		: fpu vme de pse tsc msr pae mce cx8 apic sep mtrr pge mca cmov pat pse36 clflush mmx fxsr sse sse2 ss ht syscall nx pdpe1gb rdtscp lm constant_tsc rep_good nopl xtopology cpuid pni pclmulqdq vmx ssse3 fma cx16 pcid sse4_1 sse4_2 movbe popcnt aes xsave avx f16c rdrand hypervisor lahf_lm abm 3dnowprefetch invpcid_single pti ssbd ibrs ibpb stibp tpr_shadow vnmi ept vpid ept_ad fsgsbase bmi1 avx2 smep bmi2 erms invpcid rdseed adx smap clflushopt xsaveopt xsavec xgetbv1 xsaves flush_l1d arch_capabilities

Online cpus: 0-7
Offline cpus: 
BIOS frequency limitation: <Not Available>
Frequency switch latency (ns): <Not Available>
Available cpu frequencies: <Not Available>
Current governor: <Not Available>
Core performance/turbo boost: <Not Available>

Memory: 4k page, physical 3986808k(82536k free), swap 1048576k(0k free)
Page Sizes: 4k

vm_info: OpenJDK 64-Bit Server VM (17.0.2+8) for linux-amd64 JRE (17.0.2+8), built on Jan 20 2022 09:56:58 by "" with gcc 7.5.0

END.
