#
# There is insufficient memory for the Java Runtime Environment to continue.
# Native memory allocation (mmap) failed to map 269484032 bytes for committing reserved memory.
# Possible reasons:
#   The system is out of physical RAM or swap space
#   The process is running with CompressedOops enabled, and the Java Heap may be blocking the growth of the native heap
# Possible solutions:
#   Reduce memory load on the system
#   Increase physical memory or swap space
#   Check if swap backing store is full
#   Decrease Java heap size (-Xmx/-Xms)
#   Decrease number of Java threads
#   Decrease Java thread stack sizes (-Xss)
#   Set larger code cache with -XX:ReservedCodeCacheSize=
#   JVM is running with Unscaled Compressed Oops mode in which the Java heap is
#     placed in the first 4GB address space. The Java Heap base address is the
#     maximum limit for the native heap growth. Please use -XX:HeapBaseMinAddress
#     to set the Java Heap base and to place the Java Heap above 4GB virtual address.
# This output file may be truncated or incomplete.
#
#  Out of Memory Error (os_linux.cpp:3003), pid=1441, tid=1448
#
# JRE version: OpenJDK Runtime Environment (11.0.13+8) (build 11.0.13+8-Ubuntu-0ubuntu1.20.04)
# Java VM: OpenJDK 64-Bit Server VM (11.0.13+8-Ubuntu-0ubuntu1.20.04, mixed mode, sharing, tiered, compressed oops, g1 gc, linux-amd64)
# No core dump will be written. Core dumps have been disabled. To enable core dumping, try "ulimit -c unlimited" before starting Java again
#

---------------  S U M M A R Y ------------

Command Line: -Dserver.port=8080 target/java-getting-started-1.0.jar

Host: Intel(R) Core(TM) i5-9300H CPU @ 2.40GHz, 8 cores, 3G, Ubuntu 20.04.3 LTS
Time: Wed Apr 27 14:46:19 2022 CEST elapsed time: 13.068988 seconds (0d 0h 0m 13s)

---------------  T H R E A D  ---------------

Current thread (0x00007f7ff0136000):  VMThread "VM Thread" [stack: 0x00007f7fc9700000,0x00007f7fc9800000] [id=1448]

Stack: [0x00007f7fc9700000,0x00007f7fc9800000],  sp=0x00007f7fc97fde00,  free space=1015k
Native frames: (J=compiled Java code, A=aot compiled Java code, j=interpreted, Vv=VM code, C=native code)
V  [libjvm.so+0xe8db7a]
V  [libjvm.so+0xe8e871]
V  [libjvm.so+0x674cfa]
V  [libjvm.so+0xbdba90]
V  [libjvm.so+0xbd1fd1]
V  [libjvm.so+0x78d1d2]
V  [libjvm.so+0x78d5c0]
V  [libjvm.so+0x7987f7]
V  [libjvm.so+0x817bd8]
V  [libjvm.so+0x8187f8]
V  [libjvm.so+0x818e2e]
V  [libjvm.so+0x7465d6]
V  [libjvm.so+0x74adbe]
V  [libjvm.so+0xe98ca6]
V  [libjvm.so+0xe90330]
V  [libjvm.so+0xe96427]
V  [libjvm.so+0xe96a60]
V  [libjvm.so+0xe96dc6]
V  [libjvm.so+0xe21850]
V  [libjvm.so+0xbe0406]

VM_Operation (0x00007f7ff759b050): G1CollectForAllocation, mode: safepoint, requested by thread 0x00007f7ff0016800


---------------  P R O C E S S  ---------------

Threads class SMR info:
_java_thread_list=0x00007f7f580238d0, length=13, elements={
0x00007f7ff0016800, 0x00007f7ff0139000, 0x00007f7ff013b000, 0x00007f7ff0143000,
0x00007f7ff0145000, 0x00007f7ff0147000, 0x00007f7ff0149800, 0x00007f7ff014b800,
0x00007f7ff0186000, 0x00007f7ff0d25800, 0x00007f7f80003800, 0x00007f7ff0d97800,
0x00007f7ff0d89000
}

Java Threads: ( => current thread )
  0x00007f7ff0016800 JavaThread "main" [_thread_blocked, id=1442, stack(0x00007f7ff74a0000,0x00007f7ff75a1000)]
  0x00007f7ff0139000 JavaThread "Reference Handler" daemon [_thread_blocked, id=1449, stack(0x00007f7fc95fd000,0x00007f7fc96fe000)]
  0x00007f7ff013b000 JavaThread "Finalizer" daemon [_thread_blocked, id=1450, stack(0x00007f7fc94fc000,0x00007f7fc95fd000)]
  0x00007f7ff0143000 JavaThread "Signal Dispatcher" daemon [_thread_blocked, id=1451, stack(0x00007f7fc8fa2000,0x00007f7fc90a3000)]
  0x00007f7ff0145000 JavaThread "Service Thread" daemon [_thread_blocked, id=1452, stack(0x00007f7fc8ea1000,0x00007f7fc8fa2000)]
  0x00007f7ff0147000 JavaThread "C2 CompilerThread0" daemon [_thread_in_native, id=1453, stack(0x00007f7fc8da0000,0x00007f7fc8ea1000)]
  0x00007f7ff0149800 JavaThread "C1 CompilerThread0" daemon [_thread_blocked, id=1454, stack(0x00007f7fc8c9f000,0x00007f7fc8da0000)]
  0x00007f7ff014b800 JavaThread "Sweeper thread" daemon [_thread_blocked, id=1455, stack(0x00007f7fc8b9e000,0x00007f7fc8c9f000)]
  0x00007f7ff0186000 JavaThread "Common-Cleaner" daemon [_thread_blocked, id=1457, stack(0x00007f7fc899b000,0x00007f7fc8a9c000)]
  0x00007f7ff0d25800 JavaThread "Catalina-utility-1" [_thread_blocked, id=1468, stack(0x00007f7fc8562000,0x00007f7fc8663000)]
  0x00007f7f80003800 JavaThread "Catalina-utility-2" [_thread_blocked, id=1469, stack(0x00007f7f8aeff000,0x00007f7f8b000000)]
  0x00007f7ff0d97800 JavaThread "container-0" [_thread_blocked, id=1470, stack(0x00007f7f8adfe000,0x00007f7f8aeff000)]
  0x00007f7ff0d89000 JavaThread "HikariPool-1 housekeeper" daemon [_thread_blocked, id=1485, stack(0x00007f7f8a2f5000,0x00007f7f8a3f6000)]

Other Threads:
=>0x00007f7ff0136000 VMThread "VM Thread" [stack: 0x00007f7fc9700000,0x00007f7fc9800000] [id=1448]
  0x00007f7ff0184000 WatcherThread [stack: 0x00007f7fc8a9e000,0x00007f7fc8b9e000] [id=1456]
  0x00007f7ff002e800 GCTaskThread "GC Thread#0" [stack: 0x00007f7ff7152000,0x00007f7ff7252000] [id=1443]
  0x00007f7fc0001000 GCTaskThread "GC Thread#1" [stack: 0x00007f7fc886e000,0x00007f7fc896e000] [id=1458]
  0x00007f7fc0004800 GCTaskThread "GC Thread#2" [stack: 0x00007f7fc8462000,0x00007f7fc8562000] [id=1463]
  0x00007f7fc0006000 GCTaskThread "GC Thread#3" [stack: 0x00007f7fc8360000,0x00007f7fc8460000] [id=1464]
  0x00007f7fc002f000 GCTaskThread "GC Thread#4" [stack: 0x00007f7f8a8fe000,0x00007f7f8a9fe000] [id=1481]
  0x00007f7fc0030000 GCTaskThread "GC Thread#5" [stack: 0x00007f7f8a7fc000,0x00007f7f8a8fc000] [id=1482]
  0x00007f7fc0031800 GCTaskThread "GC Thread#6" [stack: 0x00007f7f8a6fa000,0x00007f7f8a7fa000] [id=1483]
  0x00007f7fc0033800 GCTaskThread "GC Thread#7" [stack: 0x00007f7f8a5f8000,0x00007f7f8a6f8000] [id=1484]
  0x00007f7ff004a000 ConcurrentGCThread "G1 Main Marker" [stack: 0x00007f7ff43e4000,0x00007f7ff44e4000] [id=1444]
  0x00007f7ff004c000 ConcurrentGCThread "G1 Conc#0" [stack: 0x00007f7ff42e2000,0x00007f7ff43e2000] [id=1445]
  0x00007f7fcc001000 ConcurrentGCThread "G1 Conc#1" [stack: 0x00007f7fc805e000,0x00007f7fc815e000] [id=1467]
  0x00007f7ff00a0000 ConcurrentGCThread "G1 Refine#0" [stack: 0x00007f7fd814d000,0x00007f7fd824d000] [id=1446]
  0x00007f7ff00a2000 ConcurrentGCThread "G1 Young RemSet Sampling" [stack: 0x00007f7fd804b000,0x00007f7fd814b000] [id=1447]

Threads with active compile tasks:
C2 CompilerThread0  13073 5495       4       java.util.HashSet::add (20 bytes)

VM state:at safepoint (normal execution)

VM Mutex/Monitor currently owned by a thread:  ([mutex/lock_event])
[0x00007f7ff00132c0] Threads_lock - owner thread: 0x00007f7ff0136000
[0x00007f7ff0013aa0] Heap_lock - owner thread: 0x00007f7ff0016800

Heap address: 0x00000000c3200000, size: 974 MB, Compressed Oops mode: 32-bit
Narrow klass base: 0x0000000800000000, Narrow klass shift: 3
Compressed class space size: 1073741824 Address: 0x0000000840000000

Heap:
 garbage-first heap   total 412672K, used 36496K [0x00000000c3200000, 0x0000000100000000)
  region size 1024K, 2 young (2048K), 2 survivors (2048K)
 Metaspace       used 58142K, capacity 60035K, committed 60416K, reserved 1101824K
  class space    used 7640K, capacity 8363K, committed 8448K, reserved 1048576K
Heap Regions: E=young(eden), S=young(survivor), O=old, HS=humongous(starts), HC=humongous(continues), CS=collection set, F=free, A=archive, TAMS=top-at-mark-start (previous, next)
|   0|0x00000000c3200000, 0x00000000c3300000, 0x00000000c3300000|100%| O|  |TAMS 0x00000000c3300000, 0x00000000c3200000| Untracked 
|   1|0x00000000c3300000, 0x00000000c3400000, 0x00000000c3400000|100%| O|  |TAMS 0x00000000c3400000, 0x00000000c3300000| Untracked 
|   2|0x00000000c3400000, 0x00000000c3500000, 0x00000000c3500000|100%| O|  |TAMS 0x00000000c3500000, 0x00000000c3400000| Untracked 
|   3|0x00000000c3500000, 0x00000000c3600000, 0x00000000c3600000|100%| O|  |TAMS 0x00000000c3600000, 0x00000000c3500000| Untracked 
|   4|0x00000000c3600000, 0x00000000c3700000, 0x00000000c3700000|100%| O|  |TAMS 0x00000000c3700000, 0x00000000c3600000| Untracked 
|   5|0x00000000c3700000, 0x00000000c3800000, 0x00000000c3800000|100%| O|  |TAMS 0x00000000c3800000, 0x00000000c3700000| Untracked 
|   6|0x00000000c3800000, 0x00000000c3900000, 0x00000000c3900000|100%| O|  |TAMS 0x00000000c3900000, 0x00000000c3800000| Untracked 
|   7|0x00000000c3900000, 0x00000000c3a00000, 0x00000000c3a00000|100%| O|  |TAMS 0x00000000c3a00000, 0x00000000c3900000| Untracked 
|   8|0x00000000c3a00000, 0x00000000c3b00000, 0x00000000c3b00000|100%| O|  |TAMS 0x00000000c3b00000, 0x00000000c3a00000| Untracked 
|   9|0x00000000c3b00000, 0x00000000c3c00000, 0x00000000c3c00000|100%| O|  |TAMS 0x00000000c3c00000, 0x00000000c3b00000| Untracked 
|  10|0x00000000c3c00000, 0x00000000c3d00000, 0x00000000c3d00000|100%| O|  |TAMS 0x00000000c3d00000, 0x00000000c3c00000| Untracked 
|  11|0x00000000c3d00000, 0x00000000c3e00000, 0x00000000c3e00000|100%| O|  |TAMS 0x00000000c3e00000, 0x00000000c3d00000| Untracked 
|  12|0x00000000c3e00000, 0x00000000c3f00000, 0x00000000c3f00000|100%| O|  |TAMS 0x00000000c3f00000, 0x00000000c3e00000| Untracked 
|  13|0x00000000c3f00000, 0x00000000c4000000, 0x00000000c4000000|100%| O|  |TAMS 0x00000000c4000000, 0x00000000c3f00000| Untracked 
|  14|0x00000000c4000000, 0x00000000c4100000, 0x00000000c4100000|100%| O|  |TAMS 0x00000000c4100000, 0x00000000c4000000| Untracked 
|  15|0x00000000c4100000, 0x00000000c4200000, 0x00000000c4200000|100%| O|  |TAMS 0x00000000c4100000, 0x00000000c4100000| Untracked 
|  16|0x00000000c4200000, 0x00000000c4300000, 0x00000000c4300000|100%| O|  |TAMS 0x00000000c4300000, 0x00000000c4200000| Untracked 
|  17|0x00000000c4300000, 0x00000000c4400000, 0x00000000c4400000|100%| O|  |TAMS 0x00000000c4400000, 0x00000000c4300000| Untracked 
|  18|0x00000000c4400000, 0x00000000c4500000, 0x00000000c4500000|100%| O|  |TAMS 0x00000000c4500000, 0x00000000c4400000| Untracked 
|  19|0x00000000c4500000, 0x00000000c4600000, 0x00000000c4600000|100%| O|  |TAMS 0x00000000c4600000, 0x00000000c4500000| Untracked 
|  20|0x00000000c4600000, 0x00000000c4700000, 0x00000000c4700000|100%| O|  |TAMS 0x00000000c4700000, 0x00000000c4600000| Untracked 
|  21|0x00000000c4700000, 0x00000000c4800000, 0x00000000c4800000|100%| O|  |TAMS 0x00000000c4800000, 0x00000000c4700000| Untracked 
|  22|0x00000000c4800000, 0x00000000c4900000, 0x00000000c4900000|100%| O|  |TAMS 0x00000000c4900000, 0x00000000c4800000| Untracked 
|  23|0x00000000c4900000, 0x00000000c4a00000, 0x00000000c4a00000|100%| O|  |TAMS 0x00000000c4a00000, 0x00000000c4900000| Untracked 
|  24|0x00000000c4a00000, 0x00000000c4b00000, 0x00000000c4b00000|100%| O|  |TAMS 0x00000000c4b00000, 0x00000000c4a00000| Untracked 
|  25|0x00000000c4b00000, 0x00000000c4c00000, 0x00000000c4c00000|100%| O|  |TAMS 0x00000000c4c00000, 0x00000000c4b00000| Untracked 
|  26|0x00000000c4c00000, 0x00000000c4d00000, 0x00000000c4d00000|100%| O|  |TAMS 0x00000000c4d00000, 0x00000000c4c00000| Untracked 
|  27|0x00000000c4d00000, 0x00000000c4e00000, 0x00000000c4e00000|100%| O|  |TAMS 0x00000000c4d9be00, 0x00000000c4d00000| Untracked 
|  28|0x00000000c4e00000, 0x00000000c4f00000, 0x00000000c4f00000|100%| O|  |TAMS 0x00000000c4e00000, 0x00000000c4e00000| Untracked 
|  29|0x00000000c4f00000, 0x00000000c5000000, 0x00000000c5000000|100%| O|  |TAMS 0x00000000c4f00000, 0x00000000c4f00000| Untracked 
|  30|0x00000000c5000000, 0x00000000c5100000, 0x00000000c5100000|100%| O|  |TAMS 0x00000000c5000000, 0x00000000c5000000| Untracked 
|  31|0x00000000c5100000, 0x00000000c5200000, 0x00000000c5200000|100%| O|  |TAMS 0x00000000c5100000, 0x00000000c5100000| Untracked 
|  32|0x00000000c5200000, 0x00000000c5300000, 0x00000000c5300000|100%| O|  |TAMS 0x00000000c5200000, 0x00000000c5200000| Untracked 
|  33|0x00000000c5300000, 0x00000000c5395200, 0x00000000c5400000| 58%| O|  |TAMS 0x00000000c5300000, 0x00000000c5300000| Untracked 
|  34|0x00000000c5400000, 0x00000000c5400000, 0x00000000c5500000|  0%| F|  |TAMS 0x00000000c5400000, 0x00000000c5400000| Untracked 
|  35|0x00000000c5500000, 0x00000000c5500000, 0x00000000c5600000|  0%| F|  |TAMS 0x00000000c5500000, 0x00000000c5500000| Untracked 
|  36|0x00000000c5600000, 0x00000000c5600000, 0x00000000c5700000|  0%| F|  |TAMS 0x00000000c5600000, 0x00000000c5600000| Untracked 
|  37|0x00000000c5700000, 0x00000000c5700000, 0x00000000c5800000|  0%| F|  |TAMS 0x00000000c5700000, 0x00000000c5700000| Untracked 
|  38|0x00000000c5800000, 0x00000000c5800000, 0x00000000c5900000|  0%| F|  |TAMS 0x00000000c5800000, 0x00000000c5800000| Untracked 
|  39|0x00000000c5900000, 0x00000000c5900000, 0x00000000c5a00000|  0%| F|  |TAMS 0x00000000c5900000, 0x00000000c5900000| Untracked 
|  40|0x00000000c5a00000, 0x00000000c5a00000, 0x00000000c5b00000|  0%| F|  |TAMS 0x00000000c5a00000, 0x00000000c5a00000| Untracked 
|  41|0x00000000c5b00000, 0x00000000c5b00000, 0x00000000c5c00000|  0%| F|  |TAMS 0x00000000c5b00000, 0x00000000c5b00000| Untracked 
|  42|0x00000000c5c00000, 0x00000000c5c00000, 0x00000000c5d00000|  0%| F|  |TAMS 0x00000000c5c00000, 0x00000000c5c00000| Untracked 
|  43|0x00000000c5d00000, 0x00000000c5d00000, 0x00000000c5e00000|  0%| F|  |TAMS 0x00000000c5d00000, 0x00000000c5d00000| Untracked 
|  44|0x00000000c5e00000, 0x00000000c5e00000, 0x00000000c5f00000|  0%| F|  |TAMS 0x00000000c5e00000, 0x00000000c5e00000| Untracked 
|  45|0x00000000c5f00000, 0x00000000c5f00000, 0x00000000c6000000|  0%| F|  |TAMS 0x00000000c5f00000, 0x00000000c5f00000| Untracked 
|  46|0x00000000c6000000, 0x00000000c6000000, 0x00000000c6100000|  0%| F|  |TAMS 0x00000000c6000000, 0x00000000c6000000| Untracked 
|  47|0x00000000c6100000, 0x00000000c6100000, 0x00000000c6200000|  0%| F|  |TAMS 0x00000000c6100000, 0x00000000c6100000| Untracked 
|  48|0x00000000c6200000, 0x00000000c6200000, 0x00000000c6300000|  0%| F|  |TAMS 0x00000000c6200000, 0x00000000c6200000| Untracked 
|  49|0x00000000c6300000, 0x00000000c6300000, 0x00000000c6400000|  0%| F|  |TAMS 0x00000000c6300000, 0x00000000c6300000| Untracked 
|  50|0x00000000c6400000, 0x00000000c6400000, 0x00000000c6500000|  0%| F|  |TAMS 0x00000000c6400000, 0x00000000c6400000| Untracked 
|  51|0x00000000c6500000, 0x00000000c6500000, 0x00000000c6600000|  0%| F|  |TAMS 0x00000000c6500000, 0x00000000c6500000| Untracked 
|  52|0x00000000c6600000, 0x00000000c6600000, 0x00000000c6700000|  0%| F|  |TAMS 0x00000000c6600000, 0x00000000c6600000| Untracked 
|  53|0x00000000c6700000, 0x00000000c6700000, 0x00000000c6800000|  0%| F|  |TAMS 0x00000000c6700000, 0x00000000c6700000| Untracked 
|  54|0x00000000c6800000, 0x00000000c6800000, 0x00000000c6900000|  0%| F|  |TAMS 0x00000000c6800000, 0x00000000c6800000| Untracked 
|  55|0x00000000c6900000, 0x00000000c6900000, 0x00000000c6a00000|  0%| F|  |TAMS 0x00000000c6900000, 0x00000000c6900000| Untracked 
|  56|0x00000000c6a00000, 0x00000000c6a00000, 0x00000000c6b00000|  0%| F|  |TAMS 0x00000000c6a00000, 0x00000000c6a00000| Untracked 
|  57|0x00000000c6b00000, 0x00000000c6b00000, 0x00000000c6c00000|  0%| F|  |TAMS 0x00000000c6b00000, 0x00000000c6b00000| Untracked 
|  58|0x00000000c6c00000, 0x00000000c6c00000, 0x00000000c6d00000|  0%| F|  |TAMS 0x00000000c6c00000, 0x00000000c6c00000| Untracked 
|  59|0x00000000c6d00000, 0x00000000c6d00000, 0x00000000c6e00000|  0%| F|  |TAMS 0x00000000c6d00000, 0x00000000c6d00000| Untracked 
|  60|0x00000000c6e00000, 0x00000000c6e00000, 0x00000000c6f00000|  0%| F|  |TAMS 0x00000000c6e00000, 0x00000000c6e00000| Untracked 
|  61|0x00000000c6f00000, 0x00000000c6f00000, 0x00000000c7000000|  0%| F|  |TAMS 0x00000000c6f00000, 0x00000000c6f00000| Untracked 
|  62|0x00000000c7000000, 0x00000000c7000000, 0x00000000c7100000|  0%| F|  |TAMS 0x00000000c7000000, 0x00000000c7000000| Untracked 
|  63|0x00000000c7100000, 0x00000000c7100000, 0x00000000c7200000|  0%| F|  |TAMS 0x00000000c7100000, 0x00000000c7100000| Untracked 
|  64|0x00000000c7200000, 0x00000000c7200000, 0x00000000c7300000|  0%| F|  |TAMS 0x00000000c7200000, 0x00000000c7200000| Untracked 
|  65|0x00000000c7300000, 0x00000000c7300000, 0x00000000c7400000|  0%| F|  |TAMS 0x00000000c7300000, 0x00000000c7300000| Untracked 
|  66|0x00000000c7400000, 0x00000000c7400000, 0x00000000c7500000|  0%| F|  |TAMS 0x00000000c7400000, 0x00000000c7400000| Untracked 
|  67|0x00000000c7500000, 0x00000000c7500000, 0x00000000c7600000|  0%| F|  |TAMS 0x00000000c7500000, 0x00000000c7500000| Untracked 
|  68|0x00000000c7600000, 0x00000000c7600000, 0x00000000c7700000|  0%| F|  |TAMS 0x00000000c7600000, 0x00000000c7600000| Untracked 
|  69|0x00000000c7700000, 0x00000000c7700000, 0x00000000c7800000|  0%| F|  |TAMS 0x00000000c7700000, 0x00000000c7700000| Untracked 
|  70|0x00000000c7800000, 0x00000000c7800000, 0x00000000c7900000|  0%| F|  |TAMS 0x00000000c7800000, 0x00000000c7800000| Untracked 
|  71|0x00000000c7900000, 0x00000000c7900000, 0x00000000c7a00000|  0%| F|  |TAMS 0x00000000c7900000, 0x00000000c7900000| Untracked 
|  72|0x00000000c7a00000, 0x00000000c7a00000, 0x00000000c7b00000|  0%| F|  |TAMS 0x00000000c7a00000, 0x00000000c7a00000| Untracked 
|  73|0x00000000c7b00000, 0x00000000c7b00000, 0x00000000c7c00000|  0%| F|  |TAMS 0x00000000c7b00000, 0x00000000c7b00000| Untracked 
|  74|0x00000000c7c00000, 0x00000000c7c00000, 0x00000000c7d00000|  0%| F|  |TAMS 0x00000000c7c00000, 0x00000000c7c00000| Untracked 
|  75|0x00000000c7d00000, 0x00000000c7d00000, 0x00000000c7e00000|  0%| F|  |TAMS 0x00000000c7d00000, 0x00000000c7d00000| Untracked 
|  76|0x00000000c7e00000, 0x00000000c7e00000, 0x00000000c7f00000|  0%| F|  |TAMS 0x00000000c7e00000, 0x00000000c7e00000| Untracked 
|  77|0x00000000c7f00000, 0x00000000c7f00000, 0x00000000c8000000|  0%| F|  |TAMS 0x00000000c7f00000, 0x00000000c7f00000| Untracked 
|  78|0x00000000c8000000, 0x00000000c8000000, 0x00000000c8100000|  0%| F|  |TAMS 0x00000000c8000000, 0x00000000c8000000| Untracked 
|  79|0x00000000c8100000, 0x00000000c8100000, 0x00000000c8200000|  0%| F|  |TAMS 0x00000000c8100000, 0x00000000c8100000| Untracked 
|  80|0x00000000c8200000, 0x00000000c8200000, 0x00000000c8300000|  0%| F|  |TAMS 0x00000000c8200000, 0x00000000c8200000| Untracked 
|  81|0x00000000c8300000, 0x00000000c8300000, 0x00000000c8400000|  0%| F|  |TAMS 0x00000000c8300000, 0x00000000c8300000| Untracked 
|  82|0x00000000c8400000, 0x00000000c8400000, 0x00000000c8500000|  0%| F|  |TAMS 0x00000000c8400000, 0x00000000c8400000| Untracked 
|  83|0x00000000c8500000, 0x00000000c8500000, 0x00000000c8600000|  0%| F|  |TAMS 0x00000000c8500000, 0x00000000c8500000| Untracked 
|  84|0x00000000c8600000, 0x00000000c8600000, 0x00000000c8700000|  0%| F|  |TAMS 0x00000000c8600000, 0x00000000c8600000| Untracked 
|  85|0x00000000c8700000, 0x00000000c8700000, 0x00000000c8800000|  0%| F|  |TAMS 0x00000000c8700000, 0x00000000c8700000| Untracked 
|  86|0x00000000c8800000, 0x00000000c8800000, 0x00000000c8900000|  0%| F|  |TAMS 0x00000000c8800000, 0x00000000c8800000| Untracked 
|  87|0x00000000c8900000, 0x00000000c8900000, 0x00000000c8a00000|  0%| F|  |TAMS 0x00000000c8900000, 0x00000000c8900000| Untracked 
|  88|0x00000000c8a00000, 0x00000000c8a00000, 0x00000000c8b00000|  0%| F|  |TAMS 0x00000000c8a00000, 0x00000000c8a00000| Untracked 
|  89|0x00000000c8b00000, 0x00000000c8b00000, 0x00000000c8c00000|  0%| F|  |TAMS 0x00000000c8b00000, 0x00000000c8b00000| Untracked 
|  90|0x00000000c8c00000, 0x00000000c8c00000, 0x00000000c8d00000|  0%| F|  |TAMS 0x00000000c8c00000, 0x00000000c8c00000| Untracked 
|  91|0x00000000c8d00000, 0x00000000c8d00000, 0x00000000c8e00000|  0%| F|  |TAMS 0x00000000c8d00000, 0x00000000c8d00000| Untracked 
|  92|0x00000000c8e00000, 0x00000000c8e00000, 0x00000000c8f00000|  0%| F|  |TAMS 0x00000000c8e00000, 0x00000000c8e00000| Untracked 
|  93|0x00000000c8f00000, 0x00000000c8f00000, 0x00000000c9000000|  0%| F|  |TAMS 0x00000000c8f00000, 0x00000000c8f00000| Untracked 
|  94|0x00000000c9000000, 0x00000000c9000000, 0x00000000c9100000|  0%| F|  |TAMS 0x00000000c9000000, 0x00000000c9000000| Untracked 
|  95|0x00000000c9100000, 0x00000000c9100000, 0x00000000c9200000|  0%| F|  |TAMS 0x00000000c9100000, 0x00000000c9100000| Untracked 
|  96|0x00000000c9200000, 0x00000000c9200000, 0x00000000c9300000|  0%| F|  |TAMS 0x00000000c9200000, 0x00000000c9200000| Untracked 
|  97|0x00000000c9300000, 0x00000000c9300000, 0x00000000c9400000|  0%| F|  |TAMS 0x00000000c9300000, 0x00000000c9300000| Untracked 
|  98|0x00000000c9400000, 0x00000000c9400000, 0x00000000c9500000|  0%| F|  |TAMS 0x00000000c9400000, 0x00000000c9400000| Untracked 
|  99|0x00000000c9500000, 0x00000000c9500000, 0x00000000c9600000|  0%| F|  |TAMS 0x00000000c9500000, 0x00000000c9500000| Untracked 
| 100|0x00000000c9600000, 0x00000000c9600000, 0x00000000c9700000|  0%| F|  |TAMS 0x00000000c9600000, 0x00000000c9600000| Untracked 
| 101|0x00000000c9700000, 0x00000000c9700000, 0x00000000c9800000|  0%| F|  |TAMS 0x00000000c9700000, 0x00000000c9700000| Untracked 
| 102|0x00000000c9800000, 0x00000000c9800000, 0x00000000c9900000|  0%| F|  |TAMS 0x00000000c9800000, 0x00000000c9800000| Untracked 
| 103|0x00000000c9900000, 0x00000000c9900000, 0x00000000c9a00000|  0%| F|  |TAMS 0x00000000c9900000, 0x00000000c9900000| Untracked 
| 104|0x00000000c9a00000, 0x00000000c9a00000, 0x00000000c9b00000|  0%| F|  |TAMS 0x00000000c9a00000, 0x00000000c9a00000| Untracked 
| 105|0x00000000c9b00000, 0x00000000c9b00000, 0x00000000c9c00000|  0%| F|  |TAMS 0x00000000c9b00000, 0x00000000c9b00000| Untracked 
| 106|0x00000000c9c00000, 0x00000000c9c00000, 0x00000000c9d00000|  0%| F|  |TAMS 0x00000000c9c00000, 0x00000000c9c00000| Untracked 
| 107|0x00000000c9d00000, 0x00000000c9d00000, 0x00000000c9e00000|  0%| F|  |TAMS 0x00000000c9d00000, 0x00000000c9d00000| Untracked 
| 108|0x00000000c9e00000, 0x00000000c9e00000, 0x00000000c9f00000|  0%| F|  |TAMS 0x00000000c9e00000, 0x00000000c9e00000| Untracked 
| 109|0x00000000c9f00000, 0x00000000c9f00000, 0x00000000ca000000|  0%| F|  |TAMS 0x00000000c9f00000, 0x00000000c9f00000| Untracked 
| 110|0x00000000ca000000, 0x00000000ca000000, 0x00000000ca100000|  0%| F|  |TAMS 0x00000000ca000000, 0x00000000ca000000| Untracked 
| 111|0x00000000ca100000, 0x00000000ca100000, 0x00000000ca200000|  0%| F|  |TAMS 0x00000000ca100000, 0x00000000ca100000| Untracked 
| 112|0x00000000ca200000, 0x00000000ca200000, 0x00000000ca300000|  0%| F|  |TAMS 0x00000000ca200000, 0x00000000ca200000| Untracked 
| 113|0x00000000ca300000, 0x00000000ca300000, 0x00000000ca400000|  0%| F|  |TAMS 0x00000000ca300000, 0x00000000ca300000| Untracked 
| 114|0x00000000ca400000, 0x00000000ca400000, 0x00000000ca500000|  0%| F|  |TAMS 0x00000000ca400000, 0x00000000ca400000| Untracked 
| 115|0x00000000ca500000, 0x00000000ca500000, 0x00000000ca600000|  0%| F|  |TAMS 0x00000000ca500000, 0x00000000ca500000| Untracked 
| 116|0x00000000ca600000, 0x00000000ca600000, 0x00000000ca700000|  0%| F|  |TAMS 0x00000000ca600000, 0x00000000ca600000| Untracked 
| 117|0x00000000ca700000, 0x00000000ca700000, 0x00000000ca800000|  0%| F|  |TAMS 0x00000000ca700000, 0x00000000ca700000| Untracked 
| 118|0x00000000ca800000, 0x00000000ca800000, 0x00000000ca900000|  0%| F|  |TAMS 0x00000000ca800000, 0x00000000ca800000| Untracked 
| 119|0x00000000ca900000, 0x00000000ca900000, 0x00000000caa00000|  0%| F|  |TAMS 0x00000000ca900000, 0x00000000ca900000| Untracked 
| 120|0x00000000caa00000, 0x00000000caa00000, 0x00000000cab00000|  0%| F|  |TAMS 0x00000000caa00000, 0x00000000caa00000| Untracked 
| 121|0x00000000cab00000, 0x00000000cab00000, 0x00000000cac00000|  0%| F|  |TAMS 0x00000000cab00000, 0x00000000cab00000| Untracked 
| 122|0x00000000cac00000, 0x00000000cac00000, 0x00000000cad00000|  0%| F|  |TAMS 0x00000000cac00000, 0x00000000cac00000| Untracked 
| 123|0x00000000cad00000, 0x00000000cad00000, 0x00000000cae00000|  0%| F|  |TAMS 0x00000000cad00000, 0x00000000cad00000| Untracked 
| 124|0x00000000cae00000, 0x00000000cae00000, 0x00000000caf00000|  0%| F|  |TAMS 0x00000000cae00000, 0x00000000cae00000| Untracked 
| 125|0x00000000caf00000, 0x00000000caf00000, 0x00000000cb000000|  0%| F|  |TAMS 0x00000000caf00000, 0x00000000caf00000| Untracked 
| 126|0x00000000cb000000, 0x00000000cb000000, 0x00000000cb100000|  0%| F|  |TAMS 0x00000000cb000000, 0x00000000cb000000| Untracked 
| 127|0x00000000cb100000, 0x00000000cb100000, 0x00000000cb200000|  0%| F|  |TAMS 0x00000000cb100000, 0x00000000cb100000| Untracked 
| 128|0x00000000cb200000, 0x00000000cb200000, 0x00000000cb300000|  0%| F|  |TAMS 0x00000000cb200000, 0x00000000cb200000| Untracked 
| 129|0x00000000cb300000, 0x00000000cb300000, 0x00000000cb400000|  0%| F|  |TAMS 0x00000000cb300000, 0x00000000cb300000| Untracked 
| 130|0x00000000cb400000, 0x00000000cb400000, 0x00000000cb500000|  0%| F|  |TAMS 0x00000000cb400000, 0x00000000cb400000| Untracked 
| 131|0x00000000cb500000, 0x00000000cb500000, 0x00000000cb600000|  0%| F|  |TAMS 0x00000000cb500000, 0x00000000cb500000| Untracked 
| 132|0x00000000cb600000, 0x00000000cb600000, 0x00000000cb700000|  0%| F|  |TAMS 0x00000000cb600000, 0x00000000cb600000| Untracked 
| 133|0x00000000cb700000, 0x00000000cb700000, 0x00000000cb800000|  0%| F|  |TAMS 0x00000000cb700000, 0x00000000cb700000| Untracked 
| 134|0x00000000cb800000, 0x00000000cb800000, 0x00000000cb900000|  0%| F|  |TAMS 0x00000000cb800000, 0x00000000cb800000| Untracked 
| 135|0x00000000cb900000, 0x00000000cb900000, 0x00000000cba00000|  0%| F|  |TAMS 0x00000000cb900000, 0x00000000cb900000| Untracked 
| 136|0x00000000cba00000, 0x00000000cba00000, 0x00000000cbb00000|  0%| F|  |TAMS 0x00000000cba00000, 0x00000000cba00000| Untracked 
| 137|0x00000000cbb00000, 0x00000000cbb00000, 0x00000000cbc00000|  0%| F|  |TAMS 0x00000000cbb00000, 0x00000000cbb00000| Untracked 
| 138|0x00000000cbc00000, 0x00000000cbc00000, 0x00000000cbd00000|  0%| F|  |TAMS 0x00000000cbc00000, 0x00000000cbc00000| Untracked 
| 139|0x00000000cbd00000, 0x00000000cbd00000, 0x00000000cbe00000|  0%| F|  |TAMS 0x00000000cbd00000, 0x00000000cbd00000| Untracked 
| 140|0x00000000cbe00000, 0x00000000cbe00000, 0x00000000cbf00000|  0%| F|  |TAMS 0x00000000cbe00000, 0x00000000cbe00000| Untracked 
| 141|0x00000000cbf00000, 0x00000000cbf5d130, 0x00000000cc000000| 36%| S|CS|TAMS 0x00000000cbf00000, 0x00000000cbf00000| Complete 
| 142|0x00000000cc000000, 0x00000000cc100000, 0x00000000cc100000|100%| S|CS|TAMS 0x00000000cc000000, 0x00000000cc000000| Complete 
| 143|0x00000000cc100000, 0x00000000cc100000, 0x00000000cc200000|  0%| F|  |TAMS 0x00000000cc100000, 0x00000000cc100000| Untracked 
| 972|0x00000000ffe00000, 0x00000000ffe47000, 0x00000000fff00000| 27%|OA|  |TAMS 0x00000000ffe47000, 0x00000000ffe00000| Untracked 
| 973|0x00000000fff00000, 0x00000000fff6b000, 0x0000000100000000| 41%|CA|  |TAMS 0x00000000fff6b000, 0x00000000fff00000| Untracked 

Card table byte_map: [0x00007f7ff657a000,0x00007f7ff6761000] _byte_map_base: 0x00007f7ff5f61000

Marking Bits (Prev, Next): (CMBitMap*) 0x00007f7ff0045420, (CMBitMap*) 0x00007f7ff00453e8
 Prev Bits: [0x00007f7ff4523000, 0x00007f7ff545b000)
 Next Bits: [0x00007f7ff545b000, 0x00007f7ff6393000)

Polling page: 0x00007f7ff745c000

Metaspace:

Usage:
  Non-class:     50.46 MB capacity,    49.32 MB ( 98%) used,   949.09 KB (  2%) free+waste,   221.06 KB ( <1%) overhead. 
      Class:      8.17 MB capacity,     7.46 MB ( 91%) used,   615.98 KB (  7%) free+waste,   106.31 KB (  1%) overhead. 
       Both:     58.63 MB capacity,    56.78 MB ( 97%) used,     1.53 MB (  3%) free+waste,   327.38 KB ( <1%) overhead. 

Virtual space:
  Non-class space:       52.00 MB reserved,      50.75 MB ( 98%) committed 
      Class space:        1.00 GB reserved,       8.25 MB ( <1%) committed 
             Both:        1.05 GB reserved,      59.00 MB (  5%) committed 

Chunk freelists:
   Non-Class:  80.00 KB
       Class:  21.00 KB
        Both:  101.00 KB

MaxMetaspaceSize: unlimited
CompressedClassSpaceSize: 1.00 GB
Initial GC threshold: 20.80 MB
Current GC threshold: 98.34 MB
CDS: on

CodeHeap 'non-profiled nmethods': size=120032Kb used=2885Kb max_used=2885Kb free=117146Kb
 bounds [0x00007f7fe031b000, 0x00007f7fe05fb000, 0x00007f7fe7853000]
CodeHeap 'profiled nmethods': size=120028Kb used=12207Kb max_used=12207Kb free=107820Kb
 bounds [0x00007f7fd8de4000, 0x00007f7fd99d4000, 0x00007f7fe031b000]
CodeHeap 'non-nmethods': size=5700Kb used=1312Kb max_used=1361Kb free=4387Kb
 bounds [0x00007f7fd8853000, 0x00007f7fd8ac3000, 0x00007f7fd8de4000]
 total_blobs=5999 nmethods=5389 adapters=523
 compilation: enabled
              stopped_count=0, restarted_count=0
 full_count=0

Compilation events (20 events):
Event: 10.541 Thread 0x00007f7ff0149800 5519       3       nonapi.io.github.classgraph.fastzipfilereader.LogicalZipFile::parseManifest (1070 bytes)
Event: 10.597 Thread 0x00007f7ff0149800 nmethod 5519 0x00007f7fd99c0910 code [0x00007f7fd99c14c0, 0x00007f7fd99c8760]
Event: 10.611 Thread 0x00007f7ff0149800 5553       2       org.springframework.aop.support.AopUtils::canApply (206 bytes)
Event: 10.682 Thread 0x00007f7ff0149800 nmethod 5553 0x00007f7fd99ca610 code [0x00007f7fd99ca9a0, 0x00007f7fd99cb6e0]
Event: 10.840 Thread 0x00007f7ff0149800 5554       2       org.springframework.core.annotation.AnnotatedElementUtils$AnnotatedElementForAnnotations::getDeclaredAnnotations (11 bytes)
Event: 10.881 Thread 0x00007f7ff0147000 nmethod 5548% 0x00007f7fe05e5090 code [0x00007f7fe05e5380, 0x00007f7fe05e8d68]
Event: 10.881 Thread 0x00007f7ff0149800 nmethod 5554 0x00007f7fd99cbf10 code [0x00007f7fd99cc0c0, 0x00007f7fd99cc260]
Event: 10.884 Thread 0x00007f7ff0147000 5279   !   4       java.lang.reflect.Executable::declaredAnnotations (85 bytes)
Event: 10.888 Thread 0x00007f7ff0149800 5555       2       org.springframework.core.log.CompositeLog::initLogger (45 bytes)
Event: 10.890 Thread 0x00007f7ff0149800 nmethod 5555 0x00007f7fd99cc310 code [0x00007f7fd99cc500, 0x00007f7fd99cc770]
Event: 10.937 Thread 0x00007f7ff0149800 5556       2       jdk.xml.internal.SecuritySupport::getSystemProperty (13 bytes)
Event: 10.946 Thread 0x00007f7ff0149800 nmethod 5556 0x00007f7fd99cc910 code [0x00007f7fd99ccac0, 0x00007f7fd99cccc0]
Event: 10.951 Thread 0x00007f7ff0149800 5557       2       jdk.xml.internal.SecuritySupport$$Lambda$212/0x0000000840145440::get$Lambda (9 bytes)
Event: 10.973 Thread 0x00007f7ff0149800 nmethod 5557 0x00007f7fd99cce10 code [0x00007f7fd99ccfc0, 0x00007f7fd99cd150]
Event: 10.977 Thread 0x00007f7ff0149800 5559   !   2       jdk.xml.internal.SecuritySupport::readJAXPProperty (147 bytes)
Event: 10.987 Thread 0x00007f7ff0149800 nmethod 5559 0x00007f7fd99cd210 code [0x00007f7fd99cd5e0, 0x00007f7fd99ce9d0]
Event: 10.987 Thread 0x00007f7ff0149800 5558       2       jdk.xml.internal.SecuritySupport$$Lambda$212/0x0000000840145440::<init> (10 bytes)
Event: 10.988 Thread 0x00007f7ff0149800 nmethod 5558 0x00007f7fd99cfa90 code [0x00007f7fd99cfc40, 0x00007f7fd99cfd90]
Event: 11.959 Thread 0x00007f7ff0147000 nmethod 5279 0x00007f7fe05ea210 code [0x00007f7fe05ea4e0, 0x00007f7fe05eb960]
Event: 11.964 Thread 0x00007f7ff0147000 5495       4       java.util.HashSet::add (20 bytes)

GC Heap History (20 events):
Event: 4.205 GC heap after
{Heap after GC invocations=14 (full 0):
 garbage-first heap   total 149504K, used 15277K [0x00000000c3200000, 0x0000000100000000)
  region size 1024K, 7 young (7168K), 7 survivors (7168K)
 Metaspace       used 34353K, capacity 35638K, committed 35840K, reserved 1081344K
  class space    used 4287K, capacity 4811K, committed 4864K, reserved 1048576K
}
Event: 4.767 GC heap before
{Heap before GC invocations=15 (full 0):
 garbage-first heap   total 149504K, used 87981K [0x00000000c3200000, 0x0000000100000000)
  region size 1024K, 78 young (79872K), 7 survivors (7168K)
 Metaspace       used 39223K, capacity 40706K, committed 41088K, reserved 1085440K
  class space    used 4857K, capacity 5431K, committed 5504K, reserved 1048576K
}
Event: 4.775 GC heap after
{Heap after GC invocations=16 (full 0):
 garbage-first heap   total 149504K, used 16440K [0x00000000c3200000, 0x0000000100000000)
  region size 1024K, 6 young (6144K), 6 survivors (6144K)
 Metaspace       used 39223K, capacity 40706K, committed 41088K, reserved 1085440K
  class space    used 4857K, capacity 5431K, committed 5504K, reserved 1048576K
}
Event: 5.259 GC heap before
{Heap before GC invocations=16 (full 0):
 garbage-first heap   total 149504K, used 96312K [0x00000000c3200000, 0x0000000100000000)
  region size 1024K, 84 young (86016K), 6 survivors (6144K)
 Metaspace       used 42337K, capacity 43836K, committed 44160K, reserved 1087488K
  class space    used 5411K, capacity 6003K, committed 6016K, reserved 1048576K
}
Event: 5.270 GC heap after
{Heap after GC invocations=17 (full 0):
 garbage-first heap   total 149504K, used 17262K [0x00000000c3200000, 0x0000000100000000)
  region size 1024K, 5 young (5120K), 5 survivors (5120K)
 Metaspace       used 42337K, capacity 43836K, committed 44160K, reserved 1087488K
  class space    used 5411K, capacity 6003K, committed 6016K, reserved 1048576K
}
Event: 5.799 GC heap before
{Heap before GC invocations=17 (full 0):
 garbage-first heap   total 149504K, used 101230K [0x00000000c3200000, 0x0000000100000000)
  region size 1024K, 87 young (89088K), 5 survivors (5120K)
 Metaspace       used 45061K, capacity 46522K, committed 46976K, reserved 1089536K
  class space    used 5856K, capacity 6429K, committed 6528K, reserved 1048576K
}
Event: 5.811 GC heap after
{Heap after GC invocations=18 (full 0):
 garbage-first heap   total 149504K, used 17952K [0x00000000c3200000, 0x0000000100000000)
  region size 1024K, 6 young (6144K), 6 survivors (6144K)
 Metaspace       used 45061K, capacity 46522K, committed 46976K, reserved 1089536K
  class space    used 5856K, capacity 6429K, committed 6528K, reserved 1048576K
}
Event: 6.383 GC heap before
{Heap before GC invocations=18 (full 0):
 garbage-first heap   total 149504K, used 100896K [0x00000000c3200000, 0x0000000100000000)
  region size 1024K, 87 young (89088K), 6 survivors (6144K)
 Metaspace       used 47573K, capacity 49085K, committed 49536K, reserved 1091584K
  class space    used 6194K, capacity 6772K, committed 6784K, reserved 1048576K
}
Event: 6.394 GC heap after
{Heap after GC invocations=19 (full 0):
 garbage-first heap   total 149504K, used 18649K [0x00000000c3200000, 0x0000000100000000)
  region size 1024K, 6 young (6144K), 6 survivors (6144K)
 Metaspace       used 47573K, capacity 49085K, committed 49536K, reserved 1091584K
  class space    used 6194K, capacity 6772K, committed 6784K, reserved 1048576K
}
Event: 7.213 GC heap before
{Heap before GC invocations=19 (full 0):
 garbage-first heap   total 149504K, used 101593K [0x00000000c3200000, 0x0000000100000000)
  region size 1024K, 87 young (89088K), 6 survivors (6144K)
 Metaspace       used 51519K, capacity 53052K, committed 53504K, reserved 1095680K
  class space    used 6821K, capacity 7407K, committed 7424K, reserved 1048576K
}
Event: 7.246 GC heap after
{Heap after GC invocations=20 (full 0):
 garbage-first heap   total 149504K, used 19243K [0x00000000c3200000, 0x0000000100000000)
  region size 1024K, 7 young (7168K), 7 survivors (7168K)
 Metaspace       used 51519K, capacity 53052K, committed 53504K, reserved 1095680K
  class space    used 6821K, capacity 7407K, committed 7424K, reserved 1048576K
}
Event: 8.040 GC heap before
{Heap before GC invocations=20 (full 0):
 garbage-first heap   total 149504K, used 101163K [0x00000000c3200000, 0x0000000100000000)
  region size 1024K, 87 young (89088K), 7 survivors (7168K)
 Metaspace       used 54416K, capacity 56064K, committed 56320K, reserved 1097728K
  class space    used 7196K, capacity 7859K, committed 7936K, reserved 1048576K
}
Event: 8.050 GC heap after
{Heap after GC invocations=21 (full 0):
 garbage-first heap   total 149504K, used 20366K [0x00000000c3200000, 0x0000000100000000)
  region size 1024K, 6 young (6144K), 6 survivors (6144K)
 Metaspace       used 54416K, capacity 56064K, committed 56320K, reserved 1097728K
  class space    used 7196K, capacity 7859K, committed 7936K, reserved 1048576K
}
Event: 9.355 GC heap before
{Heap before GC invocations=21 (full 0):
 garbage-first heap   total 149504K, used 103310K [0x00000000c3200000, 0x0000000100000000)
  region size 1024K, 87 young (89088K), 6 survivors (6144K)
 Metaspace       used 57696K, capacity 59600K, committed 59904K, reserved 1101824K
  class space    used 7609K, capacity 8328K, committed 8448K, reserved 1048576K
}
Event: 9.363 GC heap after
{Heap after GC invocations=22 (full 0):
 garbage-first heap   total 149504K, used 22660K [0x00000000c3200000, 0x0000000100000000)
  region size 1024K, 8 young (8192K), 8 survivors (8192K)
 Metaspace       used 57696K, capacity 59600K, committed 59904K, reserved 1101824K
  class space    used 7609K, capacity 8328K, committed 8448K, reserved 1048576K
}
Event: 9.838 GC heap before
{Heap before GC invocations=22 (full 0):
 garbage-first heap   total 149504K, used 104580K [0x00000000c3200000, 0x0000000100000000)
  region size 1024K, 87 young (89088K), 8 survivors (8192K)
 Metaspace       used 58029K, capacity 59892K, committed 60160K, reserved 1101824K
  class space    used 7624K, capacity 8361K, committed 8448K, reserved 1048576K
}
Event: 9.890 GC heap after
{Heap after GC invocations=23 (full 0):
 garbage-first heap   total 149504K, used 29858K [0x00000000c3200000, 0x0000000100000000)
  region size 1024K, 11 young (11264K), 11 survivors (11264K)
 Metaspace       used 58029K, capacity 59892K, committed 60160K, reserved 1101824K
  class space    used 7624K, capacity 8361K, committed 8448K, reserved 1048576K
}
Event: 11.005 GC heap before
{Heap before GC invocations=23 (full 0):
 garbage-first heap   total 149504K, used 51362K [0x00000000c3200000, 0x0000000100000000)
  region size 1024K, 33 young (33792K), 11 survivors (11264K)
 Metaspace       used 58130K, capacity 59969K, committed 60160K, reserved 1101824K
  class space    used 7632K, capacity 8362K, committed 8448K, reserved 1048576K
}
Event: 11.866 GC heap after
{Heap after GC invocations=24 (full 0):
 garbage-first heap   total 149504K, used 35360K [0x00000000c3200000, 0x0000000100000000)
  region size 1024K, 8 young (8192K), 8 survivors (8192K)
 Metaspace       used 58130K, capacity 59969K, committed 60160K, reserved 1101824K
  class space    used 7632K, capacity 8362K, committed 8448K, reserved 1048576K
}
Event: 13.058 GC heap before
{Heap before GC invocations=25 (full 0):
 garbage-first heap   total 149504K, used 36384K [0x00000000c3200000, 0x0000000100000000)
  region size 1024K, 9 young (9216K), 8 survivors (8192K)
 Metaspace       used 58142K, capacity 60035K, committed 60416K, reserved 1101824K
  class space    used 7640K, capacity 8363K, committed 8448K, reserved 1048576K
}

Deoptimization events (20 events):
Event: 10.163 Thread 0x00007f7f64009800 DEOPT PACKING pc=0x00007f7fe056cbf4 sp=0x00007f7f889ea2a0
Event: 10.165 Thread 0x00007f7f64009800 DEOPT UNPACKING pc=0x00007f7fd889cea5 sp=0x00007f7f889ea230 mode 2
Event: 10.207 Thread 0x00007f7f64003000 DEOPT PACKING pc=0x00007f7fd98e223a sp=0x00007f7f88ced190
Event: 10.210 Thread 0x00007f7f64003000 DEOPT UNPACKING pc=0x00007f7fd889d64a sp=0x00007f7f88cec6a0 mode 0
Event: 10.439 Thread 0x00007f7ff0016800 Uncommon trap: trap_request=0xffffffc6 fr.pc=0x00007f7fe05db1a4 relative=0x0000000000000784
Event: 10.439 Thread 0x00007f7ff0016800 Uncommon trap: reason=bimorphic_or_optimized_type_check action=maybe_recompile pc=0x00007f7fe05db1a4 method=java.util.regex.Matcher.search(I)Z @ 121 c2
Event: 10.439 Thread 0x00007f7ff0016800 DEOPT PACKING pc=0x00007f7fe05db1a4 sp=0x00007f7ff759de80
Event: 10.440 Thread 0x00007f7ff0016800 DEOPT UNPACKING pc=0x00007f7fd889cea5 sp=0x00007f7ff759de70 mode 2
Event: 10.440 Thread 0x00007f7ff0016800 Uncommon trap: trap_request=0xffffffc6 fr.pc=0x00007f7fe05db1a4 relative=0x0000000000000784
Event: 10.440 Thread 0x00007f7ff0016800 Uncommon trap: reason=bimorphic_or_optimized_type_check action=maybe_recompile pc=0x00007f7fe05db1a4 method=java.util.regex.Matcher.search(I)Z @ 121 c2
Event: 10.440 Thread 0x00007f7ff0016800 DEOPT PACKING pc=0x00007f7fe05db1a4 sp=0x00007f7ff759de80
Event: 10.440 Thread 0x00007f7ff0016800 DEOPT UNPACKING pc=0x00007f7fd889cea5 sp=0x00007f7ff759de70 mode 2
Event: 10.440 Thread 0x00007f7ff0016800 Uncommon trap: trap_request=0xffffffc6 fr.pc=0x00007f7fe05db1a4 relative=0x0000000000000784
Event: 10.440 Thread 0x00007f7ff0016800 Uncommon trap: reason=bimorphic_or_optimized_type_check action=maybe_recompile pc=0x00007f7fe05db1a4 method=java.util.regex.Matcher.search(I)Z @ 121 c2
Event: 10.440 Thread 0x00007f7ff0016800 DEOPT PACKING pc=0x00007f7fe05db1a4 sp=0x00007f7ff759de80
Event: 10.440 Thread 0x00007f7ff0016800 DEOPT UNPACKING pc=0x00007f7fd889cea5 sp=0x00007f7ff759de70 mode 2
Event: 10.441 Thread 0x00007f7ff0016800 Uncommon trap: trap_request=0xffffffc6 fr.pc=0x00007f7fe05db1a4 relative=0x0000000000000784
Event: 10.441 Thread 0x00007f7ff0016800 Uncommon trap: reason=bimorphic_or_optimized_type_check action=maybe_recompile pc=0x00007f7fe05db1a4 method=java.util.regex.Matcher.search(I)Z @ 121 c2
Event: 10.441 Thread 0x00007f7ff0016800 DEOPT PACKING pc=0x00007f7fe05db1a4 sp=0x00007f7ff759de80
Event: 10.441 Thread 0x00007f7ff0016800 DEOPT UNPACKING pc=0x00007f7fd889cea5 sp=0x00007f7ff759de70 mode 2

Classes redefined (0 events):
No events

Internal exceptions (20 events):
Event: 7.638 Thread 0x00007f7ff0016800 Exception <a 'java/lang/ClassNotFoundException'{0x00000000ca16c0f8}: org/springframework/beans/factory/FactoryBeanCustomizer> (0x00000000ca16c0f8) thrown at [src/hotspot/share/classfile/systemDictionary.cpp, line 231]
Event: 7.638 Thread 0x00007f7ff0016800 Exception <a 'java/lang/ClassNotFoundException'{0x00000000ca1be118}: org/springframework/beans/factory/InitializingBeanCustomizer> (0x00000000ca1be118) thrown at [src/hotspot/share/classfile/systemDictionary.cpp, line 231]
Event: 7.968 Thread 0x00007f7ff0016800 Exception <a 'java/lang/ClassNotFoundException'{0x00000000c7825240}: java/lang/ObjectCustomizer> (0x00000000c7825240) thrown at [src/hotspot/share/classfile/systemDictionary.cpp, line 231]
Event: 7.972 Thread 0x00007f7ff0016800 Exception <a 'java/lang/ClassNotFoundException'{0x00000000c786f240}: com/example/model/ChamiCustomizer> (0x00000000c786f240) thrown at [src/hotspot/share/classfile/systemDictionary.cpp, line 231]
Event: 8.013 Thread 0x00007f7ff0016800 Exception <a 'java/lang/ClassNotFoundException'{0x00000000c74f3ba0}: java/lang/ObjectCustomizer> (0x00000000c74f3ba0) thrown at [src/hotspot/share/classfile/systemDictionary.cpp, line 231]
Event: 8.013 Thread 0x00007f7ff0016800 Exception <a 'java/lang/ClassNotFoundException'{0x00000000c733dd08}: com/example/model/DefiCustomizer> (0x00000000c733dd08) thrown at [src/hotspot/share/classfile/systemDictionary.cpp, line 231]
Event: 8.130 Thread 0x00007f7ff0016800 Exception <a 'java/lang/IncompatibleClassChangeError'{0x00000000cbc70fd8}: Found class java.lang.Object, but interface was expected> (0x00000000cbc70fd8) thrown at [src/hotspot/share/interpreter/linkResolver.cpp, line 839]
Event: 8.329 Thread 0x00007f7ff0016800 Exception <a 'java/lang/ClassNotFoundException'{0x00000000ca714cc8}: java/lang/ObjectCustomizer> (0x00000000ca714cc8) thrown at [src/hotspot/share/classfile/systemDictionary.cpp, line 231]
Event: 8.330 Thread 0x00007f7ff0016800 Exception <a 'java/lang/ClassNotFoundException'{0x00000000ca76e710}: org/springframework/web/servlet/config/annotation/WebMvcConfigurationSupportCustomizer> (0x00000000ca76e710) thrown at [src/hotspot/share/classfile/systemDictionary.cpp, line 231]
Event: 8.331 Thread 0x00007f7ff0016800 Exception <a 'java/lang/ClassNotFoundException'{0x00000000ca7d52f8}: org/springframework/web/servlet/config/annotation/DelegatingWebMvcConfigurationCustomizer> (0x00000000ca7d52f8) thrown at [src/hotspot/share/classfile/systemDictionary.cpp, line 231]
Event: 8.332 Thread 0x00007f7ff0016800 Exception <a 'java/lang/ClassNotFoundException'{0x00000000ca637ca0}: org/springframework/boot/autoconfigure/web/servlet/WebMvcAutoConfiguration$EnableWebMvcConfigurationCustomizer> (0x00000000ca637ca0) thrown at [src/hotspot/share/classfile/systemDictionary.cpp, line 231]
Event: 8.332 Thread 0x00007f7ff0016800 Exception <a 'java/lang/ClassNotFoundException'{0x00000000ca694fc8}: org/springframework/context/ResourceLoaderAwareCustomizer> (0x00000000ca694fc8) thrown at [src/hotspot/share/classfile/systemDictionary.cpp, line 231]
Event: 8.333 Thread 0x00007f7ff0016800 Exception <a 'java/lang/ClassNotFoundException'{0x00000000ca6e0b98}: org/springframework/beans/factory/AwareCustomizer> (0x00000000ca6e0b98) thrown at [src/hotspot/share/classfile/systemDictionary.cpp, line 231]
Event: 8.334 Thread 0x00007f7ff0016800 Exception <a 'java/lang/ClassNotFoundException'{0x00000000ca52fd40}: org/springframework/context/ApplicationContextAwareCustomizer> (0x00000000ca52fd40) thrown at [src/hotspot/share/classfile/systemDictionary.cpp, line 231]
Event: 8.335 Thread 0x00007f7ff0016800 Exception <a 'java/lang/ClassNotFoundException'{0x00000000ca57c2a0}: org/springframework/beans/factory/AwareCustomizer> (0x00000000ca57c2a0) thrown at [src/hotspot/share/classfile/systemDictionary.cpp, line 231]
Event: 8.335 Thread 0x00007f7ff0016800 Exception <a 'java/lang/ClassNotFoundException'{0x00000000ca5cb180}: org/springframework/web/context/ServletContextAwareCustomizer> (0x00000000ca5cb180) thrown at [src/hotspot/share/classfile/systemDictionary.cpp, line 231]
Event: 8.335 Thread 0x00007f7ff0016800 Exception <a 'java/lang/ClassNotFoundException'{0x00000000ca417698}: org/springframework/beans/factory/AwareCustomizer> (0x00000000ca417698) thrown at [src/hotspot/share/classfile/systemDictionary.cpp, line 231]
Event: 8.626 Thread 0x00007f7ff0016800 Exception <a 'java/lang/NoSuchMethodError'{0x00000000c8f5d9b0}: 'void java.lang.invoke.DirectMethodHandle$Holder.invokeVirtual(java.lang.Object, java.lang.Object, int)'> (0x00000000c8f5d9b0) thrown at [src/hotspot/share/interpreter/linkResolver.cpp, line 772]
Event: 8.627 Thread 0x00007f7ff0016800 Exception <a 'java/lang/NoSuchMethodError'{0x00000000c8f77390}: 'void java.lang.invoke.DirectMethodHandle$Holder.invokeVirtual(java.lang.Object, java.lang.Object, long)'> (0x00000000c8f77390) thrown at [src/hotspot/share/interpreter/linkResolver.cpp, line 772]
Event: 9.078 Thread 0x00007f7ff0016800 Exception <a 'java/lang/IncompatibleClassChangeError'{0x00000000c812d840}: Found class java.lang.Object, but interface was expected> (0x00000000c812d840) thrown at [src/hotspot/share/interpreter/linkResolver.cpp, line 839]

Events (20 events):
Event: 13.055 loading class org/springframework/web/servlet/SmartView done
Event: 13.055 loading class org/springframework/web/servlet/view/InternalResourceView
Event: 13.055 loading class org/springframework/web/servlet/view/InternalResourceView done
Event: 13.056 loading class org/springframework/web/servlet/view/JstlView
Event: 13.056 loading class org/springframework/web/servlet/view/JstlView done
Event: 13.056 loading class org/springframework/web/servlet/view/AbstractCachingViewResolver$1
Event: 13.056 loading class org/springframework/web/servlet/view/AbstractCachingViewResolver$1 done
Event: 13.057 loading class org/springframework/web/servlet/View
Event: 13.057 loading class org/springframework/web/servlet/View done
Event: 13.057 loading class org/springframework/web/servlet/View
Event: 13.057 loading class org/springframework/web/servlet/View done
Event: 13.057 loading class org/springframework/web/servlet/view/AbstractCachingViewResolver$CacheFilter
Event: 13.057 loading class org/springframework/web/servlet/view/AbstractCachingViewResolver$CacheFilter done
Event: 13.057 loading class org/springframework/web/servlet/view/AbstractCachingViewResolver$CacheFilter
Event: 13.057 loading class org/springframework/web/servlet/view/AbstractCachingViewResolver$CacheFilter done
Event: 13.057 loading class javax/servlet/jsp/jstl/core/Config
Event: 13.057 loading class javax/servlet/jsp/jstl/core/Config done
Event: 13.058 loading class javax/servlet/jsp/jstl/core$Config
Event: 13.058 loading class javax/servlet/jsp/jstl/core$Config done
Event: 13.058 Executing VM operation: G1CollectForAllocation


Dynamic libraries:
c3200000-cc200000 rw-p 00000000 00:00 0 
dc300000-ffe00000 ---p 00000000 00:00 0 
ffe00000-ffe47000 rw-p 01114000 08:10 168522                             /usr/lib/jvm/java-11-openjdk-amd64/lib/server/classes.jsa
ffe47000-fff00000 rw-p 00000000 00:00 0 
fff00000-fff6b000 rw-p 010a9000 08:10 168522                             /usr/lib/jvm/java-11-openjdk-amd64/lib/server/classes.jsa
fff6b000-100000000 rw-p 00000000 00:00 0 
800000000-800002000 rwxp 00001000 08:10 168522                           /usr/lib/jvm/java-11-openjdk-amd64/lib/server/classes.jsa
800002000-8003b7000 rw-p 00003000 08:10 168522                           /usr/lib/jvm/java-11-openjdk-amd64/lib/server/classes.jsa
8003b7000-800a97000 r--p 003b8000 08:10 168522                           /usr/lib/jvm/java-11-openjdk-amd64/lib/server/classes.jsa
800a97000-800a98000 rw-p 00a98000 08:10 168522                           /usr/lib/jvm/java-11-openjdk-amd64/lib/server/classes.jsa
800a98000-8010a8000 r--p 00a99000 08:10 168522                           /usr/lib/jvm/java-11-openjdk-amd64/lib/server/classes.jsa
840000000-840840000 rw-p 00000000 00:00 0 
840840000-880000000 ---p 00000000 00:00 0 
562fa03cb000-562fa03cc000 r--p 00000000 08:10 168054                     /usr/lib/jvm/java-11-openjdk-amd64/bin/java
562fa03cc000-562fa03cd000 r-xp 00001000 08:10 168054                     /usr/lib/jvm/java-11-openjdk-amd64/bin/java
562fa03cd000-562fa03ce000 r--p 00002000 08:10 168054                     /usr/lib/jvm/java-11-openjdk-amd64/bin/java
562fa03ce000-562fa03cf000 r--p 00002000 08:10 168054                     /usr/lib/jvm/java-11-openjdk-amd64/bin/java
562fa03cf000-562fa03d0000 rw-p 00003000 08:10 168054                     /usr/lib/jvm/java-11-openjdk-amd64/bin/java
562fa2355000-562fa2376000 rw-p 00000000 00:00 0                          [heap]
7f7f28000000-7f7f2805a000 rw-p 00000000 00:00 0 
7f7f2805a000-7f7f2c000000 ---p 00000000 00:00 0 
7f7f2c000000-7f7f2c021000 rw-p 00000000 00:00 0 
7f7f2c021000-7f7f30000000 ---p 00000000 00:00 0 
7f7f30000000-7f7f30022000 rw-p 00000000 00:00 0 
7f7f30022000-7f7f34000000 ---p 00000000 00:00 0 
7f7f34000000-7f7f3405e000 rw-p 00000000 00:00 0 
7f7f3405e000-7f7f38000000 ---p 00000000 00:00 0 
7f7f38000000-7f7f380a3000 rw-p 00000000 00:00 0 
7f7f380a3000-7f7f3c000000 ---p 00000000 00:00 0 
7f7f3c000000-7f7f3c032000 rw-p 00000000 00:00 0 
7f7f3c032000-7f7f40000000 ---p 00000000 00:00 0 
7f7f40000000-7f7f40039000 rw-p 00000000 00:00 0 
7f7f40039000-7f7f44000000 ---p 00000000 00:00 0 
7f7f44000000-7f7f4406a000 rw-p 00000000 00:00 0 
7f7f4406a000-7f7f48000000 ---p 00000000 00:00 0 
7f7f48000000-7f7f48025000 rw-p 00000000 00:00 0 
7f7f48025000-7f7f4c000000 ---p 00000000 00:00 0 
7f7f4c000000-7f7f4c099000 rw-p 00000000 00:00 0 
7f7f4c099000-7f7f50000000 ---p 00000000 00:00 0 
7f7f50000000-7f7f50043000 rw-p 00000000 00:00 0 
7f7f50043000-7f7f54000000 ---p 00000000 00:00 0 
7f7f54000000-7f7f54032000 rw-p 00000000 00:00 0 
7f7f54032000-7f7f58000000 ---p 00000000 00:00 0 
7f7f58000000-7f7f58055000 rw-p 00000000 00:00 0 
7f7f58055000-7f7f5c000000 ---p 00000000 00:00 0 
7f7f5c000000-7f7f5c03b000 rw-p 00000000 00:00 0 
7f7f5c03b000-7f7f60000000 ---p 00000000 00:00 0 
7f7f60000000-7f7f60021000 rw-p 00000000 00:00 0 
7f7f60021000-7f7f64000000 ---p 00000000 00:00 0 
7f7f64000000-7f7f6403c000 rw-p 00000000 00:00 0 
7f7f6403c000-7f7f68000000 ---p 00000000 00:00 0 
7f7f68000000-7f7f68021000 rw-p 00000000 00:00 0 
7f7f68021000-7f7f6c000000 ---p 00000000 00:00 0 
7f7f6c000000-7f7f6c021000 rw-p 00000000 00:00 0 
7f7f6c021000-7f7f70000000 ---p 00000000 00:00 0 
7f7f70000000-7f7f70021000 rw-p 00000000 00:00 0 
7f7f70021000-7f7f74000000 ---p 00000000 00:00 0 
7f7f74000000-7f7f74021000 rw-p 00000000 00:00 0 
7f7f74021000-7f7f78000000 ---p 00000000 00:00 0 
7f7f78000000-7f7f78021000 rw-p 00000000 00:00 0 
7f7f78021000-7f7f7c000000 ---p 00000000 00:00 0 
7f7f7c000000-7f7f7c021000 rw-p 00000000 00:00 0 
7f7f7c021000-7f7f80000000 ---p 00000000 00:00 0 
7f7f80000000-7f7f80021000 rw-p 00000000 00:00 0 
7f7f80021000-7f7f84000000 ---p 00000000 00:00 0 
7f7f84000000-7f7f84021000 rw-p 00000000 00:00 0 
7f7f84021000-7f7f88000000 ---p 00000000 00:00 0 
7f7f881e6000-7f7f882a6000 rw-p 00000000 00:00 0 
7f7f882a6000-7f7f883ea000 ---p 00000000 00:00 0 
7f7f883ea000-7f7f884e7000 rw-p 00000000 00:00 0 
7f7f884e7000-7f7f884eb000 ---p 00000000 00:00 0 
7f7f884eb000-7f7f885e8000 rw-p 00000000 00:00 0 
7f7f885e8000-7f7f885ec000 ---p 00000000 00:00 0 
7f7f885ec000-7f7f886e9000 rw-p 00000000 00:00 0 
7f7f886e9000-7f7f886ed000 ---p 00000000 00:00 0 
7f7f886ed000-7f7f887ea000 rw-p 00000000 00:00 0 
7f7f887ea000-7f7f887ee000 ---p 00000000 00:00 0 
7f7f887ee000-7f7f888eb000 rw-p 00000000 00:00 0 
7f7f888eb000-7f7f888ef000 ---p 00000000 00:00 0 
7f7f888ef000-7f7f889ec000 rw-p 00000000 00:00 0 
7f7f889ec000-7f7f889f0000 ---p 00000000 00:00 0 
7f7f889f0000-7f7f88aed000 rw-p 00000000 00:00 0 
7f7f88aed000-7f7f88af1000 ---p 00000000 00:00 0 
7f7f88af1000-7f7f88bee000 rw-p 00000000 00:00 0 
7f7f88bee000-7f7f88bf2000 ---p 00000000 00:00 0 
7f7f88bf2000-7f7f88cef000 rw-p 00000000 00:00 0 
7f7f88cef000-7f7f88cf3000 ---p 00000000 00:00 0 
7f7f88cf3000-7f7f88df0000 rw-p 00000000 00:00 0 
7f7f88df0000-7f7f88df4000 ---p 00000000 00:00 0 
7f7f88df4000-7f7f88ef1000 rw-p 00000000 00:00 0 
7f7f88ef1000-7f7f88ef5000 ---p 00000000 00:00 0 
7f7f88ef5000-7f7f88ff2000 rw-p 00000000 00:00 0 
7f7f88ff2000-7f7f88ff6000 ---p 00000000 00:00 0 
7f7f88ff6000-7f7f890f3000 rw-p 00000000 00:00 0 
7f7f890f3000-7f7f890f7000 ---p 00000000 00:00 0 
7f7f890f7000-7f7f893f4000 rw-p 00000000 00:00 0 
7f7f893f4000-7f7f895f4000 rw-p 00000000 00:00 0 
7f7f895f4000-7f7f897f4000 rw-p 00000000 00:00 0 
7f7f897f4000-7f7f899f4000 rw-p 00000000 00:00 0 
7f7f899f4000-7f7f89bf4000 rw-p 00000000 00:00 0 
7f7f89bf4000-7f7f89df4000 rw-p 00000000 00:00 0 
7f7f89df4000-7f7f89ff4000 rw-p 00000000 00:00 0 
7f7f89ff4000-7f7f8a1f4000 rw-p 00000000 00:00 0 
7f7f8a1f4000-7f7f8a1f8000 ---p 00000000 00:00 0 
7f7f8a1f8000-7f7f8a2f5000 rw-p 00000000 00:00 0 
7f7f8a2f5000-7f7f8a2f9000 ---p 00000000 00:00 0 
7f7f8a2f9000-7f7f8a5f6000 rw-p 00000000 00:00 0 
7f7f8a5f6000-7f7f8a5f7000 ---p 00000000 00:00 0 
7f7f8a5f7000-7f7f8a6f8000 rw-p 00000000 00:00 0 
7f7f8a6f8000-7f7f8a6f9000 ---p 00000000 00:00 0 
7f7f8a6f9000-7f7f8a7fa000 rw-p 00000000 00:00 0 
7f7f8a7fa000-7f7f8a7fb000 ---p 00000000 00:00 0 
7f7f8a7fb000-7f7f8a8fc000 rw-p 00000000 00:00 0 
7f7f8a8fc000-7f7f8a8fd000 ---p 00000000 00:00 0 
7f7f8a8fd000-7f7f8abfe000 rw-p 00000000 00:00 0 
7f7f8abfe000-7f7f8adfe000 rw-p 00000000 00:00 0 
7f7f8adfe000-7f7f8ae02000 ---p 00000000 00:00 0 
7f7f8ae02000-7f7f8aeff000 rw-p 00000000 00:00 0 
7f7f8aeff000-7f7f8af03000 ---p 00000000 00:00 0 
7f7f8af03000-7f7f8b200000 rw-p 00000000 00:00 0 
7f7f8b200000-7f7f8b400000 rw-p 00000000 00:00 0 
7f7f8b400000-7f7f8b600000 rw-p 00000000 00:00 0 
7f7f8b600000-7f7f8b800000 rw-p 00000000 00:00 0 
7f7f8b800000-7f7f8ba00000 rw-p 00000000 00:00 0 
7f7f8ba00000-7f7f8bc00000 rw-p 00000000 00:00 0 
7f7f8bc00000-7f7f8be00000 rw-p 00000000 00:00 0 
7f7f8be00000-7f7f8c000000 rw-p 00000000 00:00 0 
7f7f8c000000-7f7f8c373000 rw-p 00000000 00:00 0 
7f7f8c373000-7f7f90000000 ---p 00000000 00:00 0 
7f7f90000000-7f7f90021000 rw-p 00000000 00:00 0 
7f7f90021000-7f7f94000000 ---p 00000000 00:00 0 
7f7f94000000-7f7f94021000 rw-p 00000000 00:00 0 
7f7f94021000-7f7f98000000 ---p 00000000 00:00 0 
7f7f98000000-7f7f98021000 rw-p 00000000 00:00 0 
7f7f98021000-7f7f9c000000 ---p 00000000 00:00 0 
7f7f9c000000-7f7f9c021000 rw-p 00000000 00:00 0 
7f7f9c021000-7f7fa0000000 ---p 00000000 00:00 0 
7f7fa0000000-7f7fa0021000 rw-p 00000000 00:00 0 
7f7fa0021000-7f7fa4000000 ---p 00000000 00:00 0 
7f7fa4000000-7f7fa5e96000 rw-p 00000000 00:00 0 
7f7fa5e96000-7f7fa8000000 ---p 00000000 00:00 0 
7f7fa8000000-7f7fa85bf000 rw-p 00000000 00:00 0 
7f7fa85bf000-7f7fac000000 ---p 00000000 00:00 0 
7f7fac000000-7f7fac021000 rw-p 00000000 00:00 0 
7f7fac021000-7f7fb0000000 ---p 00000000 00:00 0 
7f7fb0000000-7f7fb0057000 rw-p 00000000 00:00 0 
7f7fb0057000-7f7fb4000000 ---p 00000000 00:00 0 
7f7fb4000000-7f7fb4021000 rw-p 00000000 00:00 0 
7f7fb4021000-7f7fb8000000 ---p 00000000 00:00 0 
7f7fb8000000-7f7fb8021000 rw-p 00000000 00:00 0 
7f7fb8021000-7f7fbc000000 ---p 00000000 00:00 0 
7f7fbc000000-7f7fbc021000 rw-p 00000000 00:00 0 
7f7fbc021000-7f7fc0000000 ---p 00000000 00:00 0 
7f7fc0000000-7f7fc00bc000 rw-p 00000000 00:00 0 
7f7fc00bc000-7f7fc4000000 ---p 00000000 00:00 0 
7f7fc4000000-7f7fc4021000 rw-p 00000000 00:00 0 
7f7fc4021000-7f7fc8000000 ---p 00000000 00:00 0 
7f7fc8025000-7f7fc8026000 r--p 00000000 08:10 168185                     /usr/lib/jvm/java-11-openjdk-amd64/lib/libextnet.so
7f7fc8026000-7f7fc8027000 r-xp 00001000 08:10 168185                     /usr/lib/jvm/java-11-openjdk-amd64/lib/libextnet.so
7f7fc8027000-7f7fc8028000 r--p 00002000 08:10 168185                     /usr/lib/jvm/java-11-openjdk-amd64/lib/libextnet.so
7f7fc8028000-7f7fc8029000 r--p 00002000 08:10 168185                     /usr/lib/jvm/java-11-openjdk-amd64/lib/libextnet.so
7f7fc8029000-7f7fc802a000 rw-p 00003000 08:10 168185                     /usr/lib/jvm/java-11-openjdk-amd64/lib/libextnet.so
7f7fc802a000-7f7fc8032000 r--p 00000000 08:10 168209                     /usr/lib/jvm/java-11-openjdk-amd64/lib/libsunec.so
7f7fc8032000-7f7fc804b000 r-xp 00008000 08:10 168209                     /usr/lib/jvm/java-11-openjdk-amd64/lib/libsunec.so
7f7fc804b000-7f7fc8055000 r--p 00021000 08:10 168209                     /usr/lib/jvm/java-11-openjdk-amd64/lib/libsunec.so
7f7fc8055000-7f7fc8056000 ---p 0002b000 08:10 168209                     /usr/lib/jvm/java-11-openjdk-amd64/lib/libsunec.so
7f7fc8056000-7f7fc805a000 r--p 0002b000 08:10 168209                     /usr/lib/jvm/java-11-openjdk-amd64/lib/libsunec.so
7f7fc805a000-7f7fc805c000 rw-p 0002f000 08:10 168209                     /usr/lib/jvm/java-11-openjdk-amd64/lib/libsunec.so
7f7fc805c000-7f7fc805d000 ---p 00000000 00:00 0 
7f7fc805d000-7f7fc835e000 rw-p 00000000 00:00 0 
7f7fc835e000-7f7fc835f000 ---p 00000000 00:00 0 
7f7fc835f000-7f7fc8460000 rw-p 00000000 00:00 0 
7f7fc8460000-7f7fc8461000 ---p 00000000 00:00 0 
7f7fc8461000-7f7fc8562000 rw-p 00000000 00:00 0 
7f7fc8562000-7f7fc8566000 ---p 00000000 00:00 0 
7f7fc8566000-7f7fc8863000 rw-p 00000000 00:00 0 
7f7fc8863000-7f7fc8865000 r--p 00000000 08:10 168201                     /usr/lib/jvm/java-11-openjdk-amd64/lib/libmanagement_ext.so
7f7fc8865000-7f7fc8868000 r-xp 00002000 08:10 168201                     /usr/lib/jvm/java-11-openjdk-amd64/lib/libmanagement_ext.so
7f7fc8868000-7f7fc886a000 r--p 00005000 08:10 168201                     /usr/lib/jvm/java-11-openjdk-amd64/lib/libmanagement_ext.so
7f7fc886a000-7f7fc886b000 r--p 00006000 08:10 168201                     /usr/lib/jvm/java-11-openjdk-amd64/lib/libmanagement_ext.so
7f7fc886b000-7f7fc886c000 rw-p 00007000 08:10 168201                     /usr/lib/jvm/java-11-openjdk-amd64/lib/libmanagement_ext.so
7f7fc886c000-7f7fc886d000 ---p 00000000 00:00 0 
7f7fc886d000-7f7fc896e000 rw-p 00000000 00:00 0 
7f7fc896e000-7f7fc8972000 r--p 00000000 08:10 168203                     /usr/lib/jvm/java-11-openjdk-amd64/lib/libnet.so
7f7fc8972000-7f7fc8981000 r-xp 00004000 08:10 168203                     /usr/lib/jvm/java-11-openjdk-amd64/lib/libnet.so
7f7fc8981000-7f7fc8985000 r--p 00013000 08:10 168203                     /usr/lib/jvm/java-11-openjdk-amd64/lib/libnet.so
7f7fc8985000-7f7fc8986000 r--p 00016000 08:10 168203                     /usr/lib/jvm/java-11-openjdk-amd64/lib/libnet.so
7f7fc8986000-7f7fc8987000 rw-p 00017000 08:10 168203                     /usr/lib/jvm/java-11-openjdk-amd64/lib/libnet.so
7f7fc8987000-7f7fc898e000 r--p 00000000 08:10 168204                     /usr/lib/jvm/java-11-openjdk-amd64/lib/libnio.so
7f7fc898e000-7f7fc8996000 r-xp 00007000 08:10 168204                     /usr/lib/jvm/java-11-openjdk-amd64/lib/libnio.so
7f7fc8996000-7f7fc8999000 r--p 0000f000 08:10 168204                     /usr/lib/jvm/java-11-openjdk-amd64/lib/libnio.so
7f7fc8999000-7f7fc899a000 r--p 00011000 08:10 168204                     /usr/lib/jvm/java-11-openjdk-amd64/lib/libnio.so
7f7fc899a000-7f7fc899b000 rw-p 00012000 08:10 168204                     /usr/lib/jvm/java-11-openjdk-amd64/lib/libnio.so
7f7fc899b000-7f7fc899f000 ---p 00000000 00:00 0 
7f7fc899f000-7f7fc8a9c000 rw-p 00000000 00:00 0 
7f7fc8a9c000-7f7fc8a9d000 ---p 00000000 00:00 0 
7f7fc8a9d000-7f7fc8b9e000 rw-p 00000000 00:00 0 
7f7fc8b9e000-7f7fc8ba2000 ---p 00000000 00:00 0 
7f7fc8ba2000-7f7fc8c9f000 rw-p 00000000 00:00 0 
7f7fc8c9f000-7f7fc8ca3000 ---p 00000000 00:00 0 
7f7fc8ca3000-7f7fc8da0000 rw-p 00000000 00:00 0 
7f7fc8da0000-7f7fc8da4000 ---p 00000000 00:00 0 
7f7fc8da4000-7f7fc8ea1000 rw-p 00000000 00:00 0 
7f7fc8ea1000-7f7fc8ea5000 ---p 00000000 00:00 0 
7f7fc8ea5000-7f7fc8fa2000 rw-p 00000000 00:00 0 
7f7fc8fa2000-7f7fc8fa6000 ---p 00000000 00:00 0 
7f7fc8fa6000-7f7fc90a3000 rw-p 00000000 00:00 0 
7f7fc90a3000-7f7fc9216000 r--p 00000000 08:10 20373                      /usr/lib/locale/C.UTF-8/LC_COLLATE
7f7fc9216000-7f7fc94fc000 r--p 00000000 08:10 3955                       /usr/lib/locale/locale-archive
7f7fc94fc000-7f7fc9500000 ---p 00000000 00:00 0 
7f7fc9500000-7f7fc95fd000 rw-p 00000000 00:00 0 
7f7fc95fd000-7f7fc9601000 ---p 00000000 00:00 0 
7f7fc9601000-7f7fc96fe000 rw-p 00000000 00:00 0 
7f7fc96fe000-7f7fc96ff000 ---p 00000000 00:00 0 
7f7fc96ff000-7f7fcc000000 rw-p 00000000 00:00 0 
7f7fcc000000-7f7fcc021000 rw-p 00000000 00:00 0 
7f7fcc021000-7f7fd0000000 ---p 00000000 00:00 0 
7f7fd0000000-7f7fd0021000 rw-p 00000000 00:00 0 
7f7fd0021000-7f7fd4000000 ---p 00000000 00:00 0 
7f7fd4000000-7f7fd402b000 rw-p 00000000 00:00 0 
7f7fd402b000-7f7fd8000000 ---p 00000000 00:00 0 
7f7fd8002000-7f7fd8005000 r--p 00000000 08:10 168199                     /usr/lib/jvm/java-11-openjdk-amd64/lib/libmanagement.so
7f7fd8005000-7f7fd8006000 r-xp 00003000 08:10 168199                     /usr/lib/jvm/java-11-openjdk-amd64/lib/libmanagement.so
7f7fd8006000-7f7fd8007000 r--p 00004000 08:10 168199                     /usr/lib/jvm/java-11-openjdk-amd64/lib/libmanagement.so
7f7fd8007000-7f7fd8008000 r--p 00004000 08:10 168199                     /usr/lib/jvm/java-11-openjdk-amd64/lib/libmanagement.so
7f7fd8008000-7f7fd8009000 rw-p 00005000 08:10 168199                     /usr/lib/jvm/java-11-openjdk-amd64/lib/libmanagement.so
7f7fd8009000-7f7fd803b000 r--p 00000000 08:10 20374                      /usr/lib/locale/C.UTF-8/LC_CTYPE
7f7fd803b000-7f7fd803c000 r--p 00000000 08:10 20380                      /usr/lib/locale/C.UTF-8/LC_NUMERIC
7f7fd803c000-7f7fd803d000 r--p 00000000 08:10 20383                      /usr/lib/locale/C.UTF-8/LC_TIME
7f7fd803d000-7f7fd803e000 r--p 00000000 08:10 20378                      /usr/lib/locale/C.UTF-8/LC_MONETARY
7f7fd803e000-7f7fd803f000 r--p 00000000 08:10 20377                      /usr/lib/locale/C.UTF-8/LC_MESSAGES/SYS_LC_MESSAGES
7f7fd803f000-7f7fd8040000 r--p 00000000 08:10 20381                      /usr/lib/locale/C.UTF-8/LC_PAPER
7f7fd8040000-7f7fd8041000 r--p 00000000 08:10 20379                      /usr/lib/locale/C.UTF-8/LC_NAME
7f7fd8041000-7f7fd8042000 r--p 00000000 08:10 20372                      /usr/lib/locale/C.UTF-8/LC_ADDRESS
7f7fd8042000-7f7fd8049000 r--s 00000000 08:10 49490                      /usr/lib/x86_64-linux-gnu/gconv/gconv-modules.cache
7f7fd8049000-7f7fd804a000 ---p 00000000 00:00 0 
7f7fd804a000-7f7fd814b000 rw-p 00000000 00:00 0 
7f7fd814b000-7f7fd814c000 ---p 00000000 00:00 0 
7f7fd814c000-7f7fd8853000 rw-p 00000000 00:00 0 
7f7fd8853000-7f7fd8ac3000 rwxp 00000000 00:00 0 
7f7fd8ac3000-7f7fd8de4000 ---p 00000000 00:00 0 
7f7fd8de4000-7f7fd99d4000 rwxp 00000000 00:00 0 
7f7fd99d4000-7f7fe031b000 ---p 00000000 00:00 0 
7f7fe031b000-7f7fe05fb000 rwxp 00000000 00:00 0 
7f7fe05fb000-7f7fe7853000 ---p 00000000 00:00 0 
7f7fe7853000-7f7ff0000000 r--s 00000000 08:10 168213                     /usr/lib/jvm/java-11-openjdk-amd64/lib/modules
7f7ff0000000-7f7ff1755000 rw-p 00000000 00:00 0 
7f7ff1755000-7f7ff4000000 ---p 00000000 00:00 0 
7f7ff4000000-7f7ff4001000 r--p 00000000 08:10 20382                      /usr/lib/locale/C.UTF-8/LC_TELEPHONE
7f7ff4001000-7f7ff4002000 r--p 00000000 08:10 20376                      /usr/lib/locale/C.UTF-8/LC_MEASUREMENT
7f7ff4002000-7f7ff42e0000 rw-p 00000000 00:00 0 
7f7ff42e0000-7f7ff42e1000 ---p 00000000 00:00 0 
7f7ff42e1000-7f7ff43e2000 rw-p 00000000 00:00 0 
7f7ff43e2000-7f7ff43e3000 ---p 00000000 00:00 0 
7f7ff43e3000-7f7ff4763000 rw-p 00000000 00:00 0 
7f7ff4763000-7f7ff5453000 ---p 00000000 00:00 0 
7f7ff5453000-7f7ff569b000 rw-p 00000000 00:00 0 
7f7ff569b000-7f7ff638b000 ---p 00000000 00:00 0 
7f7ff638b000-7f7ff63db000 rw-p 00000000 00:00 0 
7f7ff63db000-7f7ff6579000 ---p 00000000 00:00 0 
7f7ff6579000-7f7ff65c2000 rw-p 00000000 00:00 0 
7f7ff65c2000-7f7ff6760000 ---p 00000000 00:00 0 
7f7ff6760000-7f7ff67a9000 rw-p 00000000 00:00 0 
7f7ff67a9000-7f7ff6947000 ---p 00000000 00:00 0 
7f7ff6947000-7f7ff7150000 rw-p 00000000 00:00 0 
7f7ff7150000-7f7ff7151000 ---p 00000000 00:00 0 
7f7ff7151000-7f7ff7258000 rw-p 00000000 00:00 0 
7f7ff7258000-7f7ff733d000 ---p 00000000 00:00 0 
7f7ff733d000-7f7ff7355000 rw-p 00000000 00:00 0 
7f7ff7355000-7f7ff7428000 ---p 00000000 00:00 0 
7f7ff7428000-7f7ff742d000 rw-p 00000000 00:00 0 
7f7ff742d000-7f7ff7434000 ---p 00000000 00:00 0 
7f7ff7434000-7f7ff7436000 r--s 0000c000 08:10 168468                     /usr/share/java/java-atk-wrapper.jar
7f7ff7436000-7f7ff7439000 r--p 00000000 08:10 43055                      /usr/lib/x86_64-linux-gnu/libnss_files-2.31.so
7f7ff7439000-7f7ff7440000 r-xp 00003000 08:10 43055                      /usr/lib/x86_64-linux-gnu/libnss_files-2.31.so
7f7ff7440000-7f7ff7442000 r--p 0000a000 08:10 43055                      /usr/lib/x86_64-linux-gnu/libnss_files-2.31.so
7f7ff7442000-7f7ff7443000 r--p 0000b000 08:10 43055                      /usr/lib/x86_64-linux-gnu/libnss_files-2.31.so
7f7ff7443000-7f7ff7444000 rw-p 0000c000 08:10 43055                      /usr/lib/x86_64-linux-gnu/libnss_files-2.31.so
7f7ff7444000-7f7ff744a000 rw-p 00000000 00:00 0 
7f7ff744a000-7f7ff744c000 r--p 00000000 08:10 168212                     /usr/lib/jvm/java-11-openjdk-amd64/lib/libzip.so
7f7ff744c000-7f7ff7450000 r-xp 00002000 08:10 168212                     /usr/lib/jvm/java-11-openjdk-amd64/lib/libzip.so
7f7ff7450000-7f7ff7452000 r--p 00006000 08:10 168212                     /usr/lib/jvm/java-11-openjdk-amd64/lib/libzip.so
7f7ff7452000-7f7ff7453000 r--p 00007000 08:10 168212                     /usr/lib/jvm/java-11-openjdk-amd64/lib/libzip.so
7f7ff7453000-7f7ff7454000 rw-p 00008000 08:10 168212                     /usr/lib/jvm/java-11-openjdk-amd64/lib/libzip.so
7f7ff7454000-7f7ff745c000 rw-s 00000000 08:10 569183                     /tmp/hsperfdata_mamoune/1441
7f7ff745c000-7f7ff745d000 ---p 00000000 00:00 0 
7f7ff745d000-7f7ff745e000 r--p 00000000 00:00 0 
7f7ff745e000-7f7ff7460000 r--p 00000000 08:10 168195                     /usr/lib/jvm/java-11-openjdk-amd64/lib/libjimage.so
7f7ff7460000-7f7ff7463000 r-xp 00002000 08:10 168195                     /usr/lib/jvm/java-11-openjdk-amd64/lib/libjimage.so
7f7ff7463000-7f7ff7464000 r--p 00005000 08:10 168195                     /usr/lib/jvm/java-11-openjdk-amd64/lib/libjimage.so
7f7ff7464000-7f7ff7465000 ---p 00006000 08:10 168195                     /usr/lib/jvm/java-11-openjdk-amd64/lib/libjimage.so
7f7ff7465000-7f7ff7466000 r--p 00006000 08:10 168195                     /usr/lib/jvm/java-11-openjdk-amd64/lib/libjimage.so
7f7ff7466000-7f7ff7467000 rw-p 00007000 08:10 168195                     /usr/lib/jvm/java-11-openjdk-amd64/lib/libjimage.so
7f7ff7467000-7f7ff7475000 r--p 00000000 08:10 168192                     /usr/lib/jvm/java-11-openjdk-amd64/lib/libjava.so
7f7ff7475000-7f7ff748b000 r-xp 0000e000 08:10 168192                     /usr/lib/jvm/java-11-openjdk-amd64/lib/libjava.so
7f7ff748b000-7f7ff7492000 r--p 00024000 08:10 168192                     /usr/lib/jvm/java-11-openjdk-amd64/lib/libjava.so
7f7ff7492000-7f7ff7493000 r--p 0002a000 08:10 168192                     /usr/lib/jvm/java-11-openjdk-amd64/lib/libjava.so
7f7ff7493000-7f7ff7494000 rw-p 0002b000 08:10 168192                     /usr/lib/jvm/java-11-openjdk-amd64/lib/libjava.so
7f7ff7494000-7f7ff7495000 rw-p 00000000 00:00 0 
7f7ff7495000-7f7ff7498000 r--p 00000000 08:10 43371                      /usr/lib/x86_64-linux-gnu/librt-2.31.so
7f7ff7498000-7f7ff749c000 r-xp 00003000 08:10 43371                      /usr/lib/x86_64-linux-gnu/librt-2.31.so
7f7ff749c000-7f7ff749d000 r--p 00007000 08:10 43371                      /usr/lib/x86_64-linux-gnu/librt-2.31.so
7f7ff749d000-7f7ff749e000 ---p 00008000 08:10 43371                      /usr/lib/x86_64-linux-gnu/librt-2.31.so
7f7ff749e000-7f7ff749f000 r--p 00008000 08:10 43371                      /usr/lib/x86_64-linux-gnu/librt-2.31.so
7f7ff749f000-7f7ff74a0000 rw-p 00009000 08:10 43371                      /usr/lib/x86_64-linux-gnu/librt-2.31.so
7f7ff74a0000-7f7ff74a4000 ---p 00000000 00:00 0 
7f7ff74a4000-7f7ff75a1000 rw-p 00000000 00:00 0 
7f7ff75a1000-7f7ff75a4000 r--p 00000000 08:10 44740                      /usr/lib/x86_64-linux-gnu/libgcc_s.so.1
7f7ff75a4000-7f7ff75b6000 r-xp 00003000 08:10 44740                      /usr/lib/x86_64-linux-gnu/libgcc_s.so.1
7f7ff75b6000-7f7ff75ba000 r--p 00015000 08:10 44740                      /usr/lib/x86_64-linux-gnu/libgcc_s.so.1
7f7ff75ba000-7f7ff75bb000 r--p 00018000 08:10 44740                      /usr/lib/x86_64-linux-gnu/libgcc_s.so.1
7f7ff75bb000-7f7ff75bc000 rw-p 00019000 08:10 44740                      /usr/lib/x86_64-linux-gnu/libgcc_s.so.1
7f7ff75bc000-7f7ff75cb000 r--p 00000000 08:10 43017                      /usr/lib/x86_64-linux-gnu/libm-2.31.so
7f7ff75cb000-7f7ff7672000 r-xp 0000f000 08:10 43017                      /usr/lib/x86_64-linux-gnu/libm-2.31.so
7f7ff7672000-7f7ff7709000 r--p 000b6000 08:10 43017                      /usr/lib/x86_64-linux-gnu/libm-2.31.so
7f7ff7709000-7f7ff770a000 r--p 0014c000 08:10 43017                      /usr/lib/x86_64-linux-gnu/libm-2.31.so
7f7ff770a000-7f7ff770b000 rw-p 0014d000 08:10 43017                      /usr/lib/x86_64-linux-gnu/libm-2.31.so
7f7ff770b000-7f7ff77a1000 r--p 00000000 08:10 43066                      /usr/lib/x86_64-linux-gnu/libstdc++.so.6.0.28
7f7ff77a1000-7f7ff7892000 r-xp 00096000 08:10 43066                      /usr/lib/x86_64-linux-gnu/libstdc++.so.6.0.28
7f7ff7892000-7f7ff78db000 r--p 00187000 08:10 43066                      /usr/lib/x86_64-linux-gnu/libstdc++.so.6.0.28
7f7ff78db000-7f7ff78dc000 ---p 001d0000 08:10 43066                      /usr/lib/x86_64-linux-gnu/libstdc++.so.6.0.28
7f7ff78dc000-7f7ff78e7000 r--p 001d0000 08:10 43066                      /usr/lib/x86_64-linux-gnu/libstdc++.so.6.0.28
7f7ff78e7000-7f7ff78ea000 rw-p 001db000 08:10 43066                      /usr/lib/x86_64-linux-gnu/libstdc++.so.6.0.28
7f7ff78ea000-7f7ff78ed000 rw-p 00000000 00:00 0 
7f7ff78ed000-7f7ff7b6e000 r--p 00000000 08:10 168218                     /usr/lib/jvm/java-11-openjdk-amd64/lib/server/libjvm.so
7f7ff7b6e000-7f7ff87ee000 r-xp 00281000 08:10 168218                     /usr/lib/jvm/java-11-openjdk-amd64/lib/server/libjvm.so
7f7ff87ee000-7f7ff8a49000 r--p 00f01000 08:10 168218                     /usr/lib/jvm/java-11-openjdk-amd64/lib/server/libjvm.so
7f7ff8a49000-7f7ff8b0d000 r--p 0115b000 08:10 168218                     /usr/lib/jvm/java-11-openjdk-amd64/lib/server/libjvm.so
7f7ff8b0d000-7f7ff8b48000 rw-p 0121f000 08:10 168218                     /usr/lib/jvm/java-11-openjdk-amd64/lib/server/libjvm.so
7f7ff8b48000-7f7ff8ba1000 rw-p 00000000 00:00 0 
7f7ff8ba1000-7f7ff8ba8000 r--p 00000000 08:10 43097                      /usr/lib/x86_64-linux-gnu/libpthread-2.31.so
7f7ff8ba8000-7f7ff8bb9000 r-xp 00007000 08:10 43097                      /usr/lib/x86_64-linux-gnu/libpthread-2.31.so
7f7ff8bb9000-7f7ff8bbe000 r--p 00018000 08:10 43097                      /usr/lib/x86_64-linux-gnu/libpthread-2.31.so
7f7ff8bbe000-7f7ff8bbf000 r--p 0001c000 08:10 43097                      /usr/lib/x86_64-linux-gnu/libpthread-2.31.so
7f7ff8bbf000-7f7ff8bc0000 rw-p 0001d000 08:10 43097                      /usr/lib/x86_64-linux-gnu/libpthread-2.31.so
7f7ff8bc0000-7f7ff8bc4000 rw-p 00000000 00:00 0 
7f7ff8bc4000-7f7ff8bc5000 r--p 00000000 08:10 43012                      /usr/lib/x86_64-linux-gnu/libdl-2.31.so
7f7ff8bc5000-7f7ff8bc7000 r-xp 00001000 08:10 43012                      /usr/lib/x86_64-linux-gnu/libdl-2.31.so
7f7ff8bc7000-7f7ff8bc8000 r--p 00003000 08:10 43012                      /usr/lib/x86_64-linux-gnu/libdl-2.31.so
7f7ff8bc8000-7f7ff8bc9000 r--p 00003000 08:10 43012                      /usr/lib/x86_64-linux-gnu/libdl-2.31.so
7f7ff8bc9000-7f7ff8bca000 rw-p 00004000 08:10 43012                      /usr/lib/x86_64-linux-gnu/libdl-2.31.so
7f7ff8bca000-7f7ff8bcc000 r--p 00000000 08:10 141905                     /usr/lib/x86_64-linux-gnu/libz.so.1.2.11
7f7ff8bcc000-7f7ff8bdd000 r-xp 00002000 08:10 141905                     /usr/lib/x86_64-linux-gnu/libz.so.1.2.11
7f7ff8bdd000-7f7ff8be3000 r--p 00013000 08:10 141905                     /usr/lib/x86_64-linux-gnu/libz.so.1.2.11
7f7ff8be3000-7f7ff8be4000 ---p 00019000 08:10 141905                     /usr/lib/x86_64-linux-gnu/libz.so.1.2.11
7f7ff8be4000-7f7ff8be5000 r--p 00019000 08:10 141905                     /usr/lib/x86_64-linux-gnu/libz.so.1.2.11
7f7ff8be5000-7f7ff8be6000 rw-p 0001a000 08:10 141905                     /usr/lib/x86_64-linux-gnu/libz.so.1.2.11
7f7ff8be6000-7f7ff8c0b000 r--p 00000000 08:10 43011                      /usr/lib/x86_64-linux-gnu/libc-2.31.so
7f7ff8c0b000-7f7ff8d83000 r-xp 00025000 08:10 43011                      /usr/lib/x86_64-linux-gnu/libc-2.31.so
7f7ff8d83000-7f7ff8dcd000 r--p 0019d000 08:10 43011                      /usr/lib/x86_64-linux-gnu/libc-2.31.so
7f7ff8dcd000-7f7ff8dce000 ---p 001e7000 08:10 43011                      /usr/lib/x86_64-linux-gnu/libc-2.31.so
7f7ff8dce000-7f7ff8dd1000 r--p 001e7000 08:10 43011                      /usr/lib/x86_64-linux-gnu/libc-2.31.so
7f7ff8dd1000-7f7ff8dd4000 rw-p 001ea000 08:10 43011                      /usr/lib/x86_64-linux-gnu/libc-2.31.so
7f7ff8dd4000-7f7ff8dd8000 rw-p 00000000 00:00 0 
7f7ff8dd8000-7f7ff8ddd000 r--p 00000000 08:10 168211                     /usr/lib/jvm/java-11-openjdk-amd64/lib/libverify.so
7f7ff8ddd000-7f7ff8de4000 r-xp 00005000 08:10 168211                     /usr/lib/jvm/java-11-openjdk-amd64/lib/libverify.so
7f7ff8de4000-7f7ff8de6000 r--p 0000c000 08:10 168211                     /usr/lib/jvm/java-11-openjdk-amd64/lib/libverify.so
7f7ff8de6000-7f7ff8de7000 ---p 0000e000 08:10 168211                     /usr/lib/jvm/java-11-openjdk-amd64/lib/libverify.so
7f7ff8de7000-7f7ff8de9000 r--p 0000e000 08:10 168211                     /usr/lib/jvm/java-11-openjdk-amd64/lib/libverify.so
7f7ff8de9000-7f7ff8dea000 rw-p 00010000 08:10 168211                     /usr/lib/jvm/java-11-openjdk-amd64/lib/libverify.so
7f7ff8dea000-7f7ff8ded000 r--p 00000000 08:10 168177                     /usr/lib/jvm/java-11-openjdk-amd64/lib/jli/libjli.so
7f7ff8ded000-7f7ff8df7000 r-xp 00003000 08:10 168177                     /usr/lib/jvm/java-11-openjdk-amd64/lib/jli/libjli.so
7f7ff8df7000-7f7ff8dfa000 r--p 0000d000 08:10 168177                     /usr/lib/jvm/java-11-openjdk-amd64/lib/jli/libjli.so
7f7ff8dfa000-7f7ff8dfb000 ---p 00010000 08:10 168177                     /usr/lib/jvm/java-11-openjdk-amd64/lib/jli/libjli.so
7f7ff8dfb000-7f7ff8dfc000 r--p 00010000 08:10 168177                     /usr/lib/jvm/java-11-openjdk-amd64/lib/jli/libjli.so
7f7ff8dfc000-7f7ff8dfd000 rw-p 00011000 08:10 168177                     /usr/lib/jvm/java-11-openjdk-amd64/lib/jli/libjli.so
7f7ff8dfd000-7f7ff8dff000 rw-p 00000000 00:00 0 
7f7ff8dff000-7f7ff8e00000 r--p 00000000 08:10 42566                      /usr/lib/x86_64-linux-gnu/ld-2.31.so
7f7ff8e00000-7f7ff8e23000 r-xp 00001000 08:10 42566                      /usr/lib/x86_64-linux-gnu/ld-2.31.so
7f7ff8e23000-7f7ff8e2b000 r--p 00024000 08:10 42566                      /usr/lib/x86_64-linux-gnu/ld-2.31.so
7f7ff8e2b000-7f7ff8e2c000 r--p 00000000 08:10 20375                      /usr/lib/locale/C.UTF-8/LC_IDENTIFICATION
7f7ff8e2c000-7f7ff8e2d000 r--p 0002c000 08:10 42566                      /usr/lib/x86_64-linux-gnu/ld-2.31.so
7f7ff8e2d000-7f7ff8e2e000 rw-p 0002d000 08:10 42566                      /usr/lib/x86_64-linux-gnu/ld-2.31.so
7f7ff8e2e000-7f7ff8e2f000 rw-p 00000000 00:00 0 
7ffed32a3000-7ffed32c5000 rw-p 00000000 00:00 0                          [stack]
7ffed3356000-7ffed3359000 r--p 00000000 00:00 0                          [vvar]
7ffed3359000-7ffed335b000 r-xp 00000000 00:00 0                          [vdso]


VM Arguments:
jvm_args: -Dserver.port=8080 
java_command: target/java-getting-started-1.0.jar
java_class_path (initial): target/java-getting-started-1.0.jar
Launcher Type: SUN_STANDARD

[Global flags]
     intx CICompilerCount                          = 4                                         {product} {ergonomic}
     uint ConcGCThreads                            = 2                                         {product} {ergonomic}
     uint G1ConcRefinementThreads                  = 8                                         {product} {ergonomic}
   size_t G1HeapRegionSize                         = 1048576                                   {product} {ergonomic}
    uintx GCDrainStackTargetSize                   = 64                                        {product} {ergonomic}
   size_t InitialHeapSize                          = 65011712                                  {product} {ergonomic}
   size_t MarkStackSize                            = 4194304                                   {product} {ergonomic}
   size_t MaxHeapSize                              = 1021313024                                {product} {ergonomic}
   size_t MaxNewSize                               = 612368384                                 {product} {ergonomic}
   size_t MinHeapDeltaBytes                        = 1048576                                   {product} {ergonomic}
    uintx NonNMethodCodeHeapSize                   = 5836300                                {pd product} {ergonomic}
    uintx NonProfiledCodeHeapSize                  = 122910970                              {pd product} {ergonomic}
    uintx ProfiledCodeHeapSize                     = 122910970                              {pd product} {ergonomic}
    uintx ReservedCodeCacheSize                    = 251658240                              {pd product} {ergonomic}
     bool SegmentedCodeCache                       = true                                      {product} {ergonomic}
     bool UseCompressedClassPointers               = true                                 {lp64_product} {ergonomic}
     bool UseCompressedOops                        = true                                 {lp64_product} {ergonomic}
     bool UseG1GC                                  = true                                      {product} {ergonomic}

Logging:
Log output configuration:
 #0: stdout all=warning uptime,level,tags
 #1: stderr all=off uptime,level,tags

Environment Variables:
PATH=/home/mamoune/.vscode-server/bin/dfd34e8260c270da74b5c2d86d61aee4b6d56977/bin/remote-cli:/usr/local/sbin:/usr/local/bin:/usr/sbin:/usr/bin:/sbin:/bin:/usr/games:/usr/local/games:/usr/lib/wsl/lib:/mnt/c/Users/bella/AppData/Local/Programs/Python/Python310/Scripts/:/mnt/c/Users/bella/AppData/Local/Programs/Python/Python310/:/mnt/c/Program Files (x86)/Common Files/Intel/Shared Libraries/redist/intel64/compiler:/mnt/c/Program Files/Common Files/Oracle/Java/javapath:/mnt/c/Program Files (x86)/Common Files/Oracle/Java/javapath:/mnt/c/Windows/system32:/mnt/c/Windows:/mnt/c/Windows/System32/Wbem:/mnt/c/Windows/System32/WindowsPowerShell/v1.0/:/mnt/c/Windows/System32/OpenSSH/:/mnt/c/Program Files (x86)/NVIDIA Corporation/PhysX/Common:/mnt/c/Program Files/NVIDIA Corporation/NVIDIA NvDLISR:/mnt/c/Program Files/Docker/Docker/resources/bin:/mnt/c/ProgramData/DockerDesktop/version-bin:/mnt/c/Program Files/Git/cmd:/mnt/c/WINDOWS/system32:/mnt/c/WINDOWS:/mnt/c/WINDOWS/System32/Wbem:/mnt/c/WINDOWS/System32/WindowsPowerShell/v1.0/:/mnt/c/WINDOWS/System32/OpenSSH/:/mnt/c/Program Files (x86)/QuickTime/QTSystem/:/mnt/c/Program Files/nodejs/:/mnt/c/ProgramData/chocolatey/bin:/mnt/c/Program Files (x86)/GnuPG/bin:/mnt/c/Users/bella/AppData/Local/Microsoft/WindowsApps:/mnt/c/Users/bella/AppData/Local/atom/bin:/mnt/c/Users/bella/AppData/Local/Microsoft/WindowsApps:/mnt/c/Users/bella/AppData/Local/Programs/Microsoft VS Code/bin:/mnt/c/Users/bella/AppData/Roaming/npm:/snap/bin:/home/mamoune/l3miage-2122-si-G32/tools/use/bin:/home/mamoune/l3miage-2122-si-G32/tools/use/bin
SHELL=/bin/bash
DISPLAY=172.28.0.1:0
HOSTTYPE=x86_64
LANG=C.UTF-8

Signal Handlers:
SIGSEGV: [libjvm.so+0xe8e8d0], sa_mask[0]=11111111011111111101111111111110, sa_flags=SA_RESTART|SA_SIGINFO
SIGBUS: [libjvm.so+0xe8e8d0], sa_mask[0]=11111111011111111101111111111110, sa_flags=SA_RESTART|SA_SIGINFO
SIGFPE: [libjvm.so+0xe8e8d0], sa_mask[0]=11111111011111111101111111111110, sa_flags=SA_RESTART|SA_SIGINFO
SIGPIPE: [libjvm.so+0xbd6910], sa_mask[0]=11111111011111111101111111111110, sa_flags=SA_RESTART|SA_SIGINFO
SIGXFSZ: [libjvm.so+0xbd6910], sa_mask[0]=11111111011111111101111111111110, sa_flags=SA_RESTART|SA_SIGINFO
SIGILL: [libjvm.so+0xe8e8d0], sa_mask[0]=11111111011111111101111111111110, sa_flags=SA_RESTART|SA_SIGINFO
SIGUSR2: [libjvm.so+0xbd67b0], sa_mask[0]=00000000000000000000000000000000, sa_flags=SA_RESTART|SA_SIGINFO
SIGHUP: [libjvm.so+0xbd6c50], sa_mask[0]=11111111011111111101111111111110, sa_flags=SA_RESTART|SA_SIGINFO
SIGINT: [libjvm.so+0xbd6c50], sa_mask[0]=11111111011111111101111111111110, sa_flags=SA_RESTART|SA_SIGINFO
SIGTERM: [libjvm.so+0xbd6c50], sa_mask[0]=11111111011111111101111111111110, sa_flags=SA_RESTART|SA_SIGINFO
SIGQUIT: [libjvm.so+0xbd6c50], sa_mask[0]=11111111011111111101111111111110, sa_flags=SA_RESTART|SA_SIGINFO


---------------  S Y S T E M  ---------------

OS:DISTRIB_ID=Ubuntu
DISTRIB_RELEASE=20.04
DISTRIB_CODENAME=focal
DISTRIB_DESCRIPTION="Ubuntu 20.04.3 LTS"
uname:Linux 4.19.128-microsoft-standard #1 SMP Tue Jun 23 12:58:10 UTC 2020 x86_64
OS uptime: 0 days 5:19 hours
libc:glibc 2.31 NPTL 2.31 
rlimit (soft/hard): STACK 8192k/infinity , CORE 0k/infinity , NPROC 15554/15554 , NOFILE 1048576/1048576 , AS infinity/infinity , CPU infinity/infinity , DATA infinity/infinity , FSIZE infinity/infinity , MEMLOCK 64k/64k
load average:1.35 2.44 1.68

/proc/meminfo:
MemTotal:        3986808 kB
MemFree:           96696 kB
MemAvailable:       2132 kB
Buffers:             868 kB
Cached:            23844 kB
SwapCached:        14192 kB
Active:          3059640 kB
Inactive:         617080 kB
Active(anon):    3055204 kB
Inactive(anon):   610920 kB
Active(file):       4436 kB
Inactive(file):     6160 kB
Unevictable:           0 kB
Mlocked:               0 kB
SwapTotal:       1048576 kB
SwapFree:              0 kB
Dirty:                64 kB
Writeback:             0 kB
AnonPages:       3639656 kB
Mapped:            20740 kB
Shmem:             12424 kB
Slab:              69408 kB
SReclaimable:      32112 kB
SUnreclaim:        37296 kB
KernelStack:       13216 kB
PageTables:        41144 kB
NFS_Unstable:          0 kB
Bounce:                0 kB
WritebackTmp:          0 kB
CommitLimit:     3041980 kB
Committed_AS:    4503864 kB
VmallocTotal:   34359738367 kB
VmallocUsed:           0 kB
VmallocChunk:          0 kB
Percpu:             1888 kB
AnonHugePages:   1351680 kB
ShmemHugePages:        0 kB
ShmemPmdMapped:        0 kB
HugePages_Total:       0
HugePages_Free:        0
HugePages_Rsvd:        0
HugePages_Surp:        0
Hugepagesize:       2048 kB
Hugetlb:               0 kB
DirectMap4k:       15360 kB
DirectMap2M:     2039808 kB
DirectMap1G:     2097152 kB

/sys/kernel/mm/transparent_hugepage/enabled:
[always] madvise never
/sys/kernel/mm/transparent_hugepage/defrag (defrag/compaction efforts parameter):
always defer defer+madvise [madvise] never

Process Memory:
Virtual Size: 5220444K (peak: 12398576K)
Resident Set Size: 307000K (peak: 310836K) (anon: 307000K, file: 0K, shmem: 0K)
Swapped out: 0K
C-Heap outstanding allocations: 38745K

/proc/sys/kernel/threads-max (system-wide limit on the number of threads):
31109
/proc/sys/vm/max_map_count (maximum number of memory map areas a process may have):
65530
/proc/sys/kernel/pid_max (system-wide limit on number of process identifiers):
32768

container (cgroup) information:
container_type: cgroupv1
cpu_cpuset_cpus: 0-7
cpu_memory_nodes: 0
active_processor_count: 8
cpu_quota: -1
cpu_period: 100000
cpu_shares: -1
memory_limit_in_bytes: -1
memory_and_swap_limit_in_bytes: -1
memory_soft_limit_in_bytes: -1
memory_usage_in_bytes: 3759800320
memory_max_usage_in_bytes: 12720861184

Hyper-V virtualization detected
Steal ticks since vm start: 0
Steal ticks percentage since vm start:  0.000

CPU:total 8 (initial active 8) (4 cores per cpu, 2 threads per core) family 6 model 158 stepping 10 microcode 0xffffffff, cmov, cx8, fxsr, mmx, sse, sse2, sse3, ssse3, sse4.1, sse4.2, popcnt, avx, avx2, aes, clmul, erms, 3dnowpref, lzcnt, ht, tsc, bmi1, bmi2, adx, fma
CPU Model and flags from /proc/cpuinfo:
model name	: Intel(R) Core(TM) i5-9300H CPU @ 2.40GHz
flags		: fpu vme de pse tsc msr pae mce cx8 apic sep mtrr pge mca cmov pat pse36 clflush mmx fxsr sse sse2 ss ht syscall nx pdpe1gb rdtscp lm constant_tsc rep_good nopl xtopology cpuid pni pclmulqdq vmx ssse3 fma cx16 pcid sse4_1 sse4_2 movbe popcnt aes xsave avx f16c rdrand hypervisor lahf_lm abm 3dnowprefetch invpcid_single pti ssbd ibrs ibpb stibp tpr_shadow vnmi ept vpid ept_ad fsgsbase bmi1 avx2 smep bmi2 erms invpcid rdseed adx smap clflushopt xsaveopt xsavec xgetbv1 xsaves flush_l1d arch_capabilities
Online cpus:
0-7
Offline cpus:

BIOS frequency limitation:
<Not Available>
Frequency switch latency (ns):
<Not Available>
Available cpu frequencies:
<Not Available>
Current governor:
<Not Available>
Core performance/turbo boost:
<Not Available>

Memory: 4k page, physical 3986808k(99216k free), swap 1048576k(0k free)

vm_info: OpenJDK 64-Bit Server VM (11.0.13+8-Ubuntu-0ubuntu1.20.04) for linux-amd64 JRE (11.0.13+8-Ubuntu-0ubuntu1.20.04), built on Oct 29 2021 09:11:30 by "unknown" with gcc 9.3.0

END.
